Logging to: C:\Users\Chris\Documents\GitHub\Scripts\auxiliary\logs\mtg-goldfish-lists-20260323-090742.log
starting month: 2022-01
https://www.mtggoldfish.com/tournament_searches/create?utf8=%E2%9C%93&tournament_search%5Bname%5D=&tournament_search%5Bformat%5D=legacy&tournament_search%5Bdate_range%5D=01%2F01%2F2022+-+01%2F31%2F2022&commit=Search
['2022-01-31', 'Lisbon Legacy League 3 // 1st Qualifier', 'Legacy', '16', 'http://www.mtggoldfish.com/tournament/38388']
['2022-01-31', 'Legacy Preliminary #12380875', 'Legacy', '9', 'http://www.mtggoldfish.com/tournament/38392']
['2022-01-30', 'Legacy Challenge #12380865', 'Legacy', '32', 'http://www.mtggoldfish.com/tournament/38378']
['2022-01-30', 'Legacy Challenge #12380829', 'Legacy', '32', 'http://www.mtggoldfish.com/tournament/38377']
['2022-01-29', 'Paper Legacy Discord Saturday tournament - 1/29/22', 'Legacy', '22', 'http://www.mtggoldfish.com/tournament/38361']
['2022-01-29', 'Buffalo Chicken Dip Legacy 7', 'Legacy', '64', 'http://www.mtggoldfish.com/tournament/38360']
['2022-01-29', 'Legacy Challenge #12380855', 'Legacy', '32', 'http://www.mtggoldfish.com/tournament/38459']
['2022-01-29', 'Legacy League 2022-01-29', 'Legacy', '50', 'http://www.mtggoldfish.com/tournament/38359']
['2022-01-28', 'Legacy Preliminary #12380846', 'Legacy', '8', 'http://www.mtggoldfish.com/tournament/38358']
['2022-01-27', 'Legacy Preliminary #12380839', 'Legacy', '8', 'http://www.mtggoldfish.com/tournament/38351']
['2022-01-25', 'Legacy for Real Estate 6', 'Legacy', '8', 'http://www.mtggoldfish.com/tournament/38329']
['2022-01-25', 'Legacy Preliminary #12377899', 'Legacy', '5', 'http://www.mtggoldfish.com/tournament/38334']
['2022-01-24', 'Legacy Preliminary #12377887', 'Legacy', '3', 'http://www.mtggoldfish.com/tournament/38327']
['2022-01-23', 'Legacy Challenge #12377877', 'Legacy', '32', 'http://www.mtggoldfish.com/tournament/38319']
['2022-01-22', 'Paper Legacy Discord Saturday tournament - 1/22/22', 'Legacy', '17', 'http://www.mtggoldfish.com/tournament/38295']
['2022-01-22', 'Legacy League 2022-01-22', 'Legacy', '51', 'http://www.mtggoldfish.com/tournament/38293']
['2022-01-21', 'Legacy Preliminary #12377860', 'Legacy', '7', 'http://www.mtggoldfish.com/tournament/38292']
['2022-01-20', 'Legacy Preliminary #12377853', 'Legacy', '5', 'http://www.mtggoldfish.com/tournament/38283']
['2022-01-19', 'Legacy Preliminary #12375180', 'Legacy', '4', 'http://www.mtggoldfish.com/tournament/38278']
['2022-01-18', 'Legacy Preliminary #12375178', 'Legacy', '5', 'http://www.mtggoldfish.com/tournament/38269']
['2022-01-17', 'Legacy Preliminary #12375166', 'Legacy', '7', 'http://www.mtggoldfish.com/tournament/38261']
['2022-01-16', 'Lisbon Legacy League - 2ª Edição', 'Legacy', '10', 'http://www.mtggoldfish.com/tournament/38263']
['2022-01-16', 'Legacy Challenge #12375156', 'Legacy', '32', 'http://www.mtggoldfish.com/tournament/38254']
['2022-01-15', 'Paper Legacy Discord Saturday tournament - 1/15/22', 'Legacy', '13', 'http://www.mtggoldfish.com/tournament/38227']
['2022-01-15', '1. Fischkrieg Series 2022', 'Legacy', '12', 'http://www.mtggoldfish.com/tournament/38221']
['2022-01-15', 'Legacy Super Qualifier #12375120', 'Legacy', '32', 'http://www.mtggoldfish.com/tournament/38237']
['2022-01-15', 'Legacy League 2022-01-15', 'Legacy', '49', 'http://www.mtggoldfish.com/tournament/38225']
['2022-01-14', 'Legacy Preliminary #12375139', 'Legacy', '3', 'http://www.mtggoldfish.com/tournament/38223']
['2022-01-13', 'Legacy Preliminary #12375132', 'Legacy', '6', 'http://www.mtggoldfish.com/tournament/38215']
['2022-01-12', 'Legacy Preliminary #12372556', 'Legacy', '4', 'http://www.mtggoldfish.com/tournament/38206']
['2022-01-11', 'Legacy Preliminary #12372554', 'Legacy', '9', 'http://www.mtggoldfish.com/tournament/38198']
['2022-01-10', 'Legacy Preliminary #12372542', 'Legacy', '8', 'http://www.mtggoldfish.com/tournament/38193']
['2022-01-09', 'Legacy Challenge #12372532', 'Legacy', '32', 'http://www.mtggoldfish.com/tournament/38187']
['2022-01-08', 'Paper Legacy Discord Saturday tournament - 1/8/22', 'Legacy', '16', 'http://www.mtggoldfish.com/tournament/38162']
['2022-01-08', 'Legacy League 2022-01-08', 'Legacy', '55', 'http://www.mtggoldfish.com/tournament/38160']
['2022-01-06', 'Legacy Preliminary #12372506', 'Legacy', '5', 'http://www.mtggoldfish.com/tournament/38151']
['2022-01-05', 'Legacy Preliminary #12367845', 'Legacy', '4', 'http://www.mtggoldfish.com/tournament/38140']
['2022-01-04', 'Legacy Preliminary #12367843', 'Legacy', '6', 'http://www.mtggoldfish.com/tournament/38131']
['2022-01-03', 'Legacy Preliminary #12367831', 'Legacy', '5', 'http://www.mtggoldfish.com/tournament/38126']
['2022-01-02', 'Legacy Challenge #12367821', 'Legacy', '32', 'http://www.mtggoldfish.com/tournament/38118']
['2022-01-01', 'Paper Legacy Discord Saturday tournament - 1/1/22', 'Legacy', '17', 'http://www.mtggoldfish.com/tournament/38099']
['2022-01-01', 'Legacy League 2022-01-01', 'Legacy', '49', 'http://www.mtggoldfish.com/tournament/38098']
legacy done. 91 decklists saved.
https://www.mtggoldfish.com/tournament_searches/create?utf8=%E2%9C%93&tournament_search%5Bname%5D=&tournament_search%5Bformat%5D=modern&tournament_search%5Bdate_range%5D=01%2F01%2F2022+-+01%2F31%2F2022&commit=Search
['2022-01-31', 'Liga Modern State Of Mind Enero', 'Modern', '16', 'http://www.mtggoldfish.com/tournament/38486']
['2022-01-31', 'Axton Modern Cash Open 1', 'Modern', '8', 'http://www.mtggoldfish.com/tournament/38369']
['2022-01-31', 'Modern Preliminary #12380873', 'Modern', '7', 'http://www.mtggoldfish.com/tournament/38391']
['2022-01-30', 'The Bearded Dragon Modern 1k', 'Modern', '8', 'http://www.mtggoldfish.com/tournament/38394']
['2022-01-30', 'Modern Challenge #12380863', 'Modern', '32', 'http://www.mtggoldfish.com/tournament/38376']
['2022-01-28', 'Modern Preliminary #12380845', 'Modern', '4', 'http://www.mtggoldfish.com/tournament/38356']
['2022-01-28', 'Modern League 2022-01-28', 'Modern', '59', 'http://www.mtggoldfish.com/tournament/38348']
['2022-01-27', 'Modern Preliminary #12380834', 'Modern', '5', 'http://www.mtggoldfish.com/tournament/38350']
['2022-01-26', 'Modern Preliminary #12380831', 'Modern', '6', 'http://www.mtggoldfish.com/tournament/38347']
['2022-01-25', 'Modern Preliminary #12377893', 'Modern', '4', 'http://www.mtggoldfish.com/tournament/38333']
['2022-01-25', 'Modern League 2022-01-25', 'Modern', '70', 'http://www.mtggoldfish.com/tournament/38324']
['2022-01-24', '2º Torneio - 5ª Liga Arena Guardians', 'Modern', '32', 'http://www.mtggoldfish.com/tournament/38336']
['2022-01-24', 'CM Games Monthly Modern 2k', 'Modern', '8', 'http://www.mtggoldfish.com/tournament/38322']
['2022-01-24', 'Modern Preliminary #12377888', 'Modern', '6', 'http://www.mtggoldfish.com/tournament/38326']
['2022-01-23', 'Modern Challenge #12377876', 'Modern', '32', 'http://www.mtggoldfish.com/tournament/38318']
['2022-01-22', 'Modern Challenge #12377842', 'Modern', '32', 'http://www.mtggoldfish.com/tournament/38304']
['2022-01-21', 'Modern Preliminary #12377865', 'Modern', '10', 'http://www.mtggoldfish.com/tournament/38291']
['2022-01-21', 'Modern League 2022-01-21', 'Modern', '71', 'http://www.mtggoldfish.com/tournament/38284']
['2022-01-20', 'Modern Preliminary #12377848', 'Modern', '5', 'http://www.mtggoldfish.com/tournament/38282']
['2022-01-19', 'Modern Preliminary #12377845', 'Modern', '9', 'http://www.mtggoldfish.com/tournament/38277']
['2022-01-18', 'Modern Preliminary #12375172', 'Modern', '10', 'http://www.mtggoldfish.com/tournament/38268']
['2022-01-18', 'Modern League 2022-01-18', 'Modern', '75', 'http://www.mtggoldfish.com/tournament/38262']
['2022-01-17', '1º Torneio - 5ª Liga Arena Guardians', 'Modern', '38', 'http://www.mtggoldfish.com/tournament/38266']
['2022-01-17', 'Modern Preliminary #12375164', 'Modern', '11', 'http://www.mtggoldfish.com/tournament/38260']
['2022-01-16', 'Modern Challenge #12375154', 'Modern', '32', 'http://www.mtggoldfish.com/tournament/38253']
['2022-01-16', 'Modern Super Qualifier #12375121', 'Modern', '32', 'http://www.mtggoldfish.com/tournament/38252']
['2022-01-15', 'Modern Challenge #12375148', 'Modern', '32', 'http://www.mtggoldfish.com/tournament/38236']
['2022-01-14', 'Modern Preliminary #12375138', 'Modern', '5', 'http://www.mtggoldfish.com/tournament/38224']
['2022-01-14', 'Modern League 2022-01-14', 'Modern', '66', 'http://www.mtggoldfish.com/tournament/38216']
['2022-01-13', 'Modern Preliminary #12375127', 'Modern', '3', 'http://www.mtggoldfish.com/tournament/38214']
['2022-01-12', 'Modern Preliminary #12375124', 'Modern', '8', 'http://www.mtggoldfish.com/tournament/38205']
['2022-01-11', 'Modern Preliminary #12372548', 'Modern', '6', 'http://www.mtggoldfish.com/tournament/38197']
['2022-01-11', 'Modern League 2022-01-11', 'Modern', '77', 'http://www.mtggoldfish.com/tournament/38190']
['2022-01-10', 'Modern Preliminary #12372540', 'Modern', '7', 'http://www.mtggoldfish.com/tournament/38192']
['2022-01-09', 'Modern Challenge #12372530', 'Modern', '32', 'http://www.mtggoldfish.com/tournament/38186']
['2022-01-08', 'Modern Challenge #12372524', 'Modern', '32', 'http://www.mtggoldfish.com/tournament/38173']
['2022-01-07', 'Modern Preliminary #12372512', 'Modern', '6', 'http://www.mtggoldfish.com/tournament/38159']
['2022-01-07', 'Modern League 2022-01-07', 'Modern', '59', 'http://www.mtggoldfish.com/tournament/38152']
['2022-01-06', 'Modern Preliminary #12372501', 'Modern', '6', 'http://www.mtggoldfish.com/tournament/38150']
['2022-01-05', 'Big Boy Gaming Modern 1k', 'Modern', '8', 'http://www.mtggoldfish.com/tournament/38133']
['2022-01-05', 'Modern Preliminary #12372498', 'Modern', '10', 'http://www.mtggoldfish.com/tournament/38139']
['2022-01-04', 'Modern Preliminary #12367837', 'Modern', '3', 'http://www.mtggoldfish.com/tournament/38130']
['2022-01-04', 'Modern League 2022-01-04', 'Modern', '72', 'http://www.mtggoldfish.com/tournament/38127']
['2022-01-03', 'Modern Preliminary #12367829', 'Modern', '9', 'http://www.mtggoldfish.com/tournament/38125']
['2022-01-02', 'Modern Challenge #12367819', 'Modern', '32', 'http://www.mtggoldfish.com/tournament/38117']
['2022-01-01', 'Modern Challenge #12367813', 'Modern', '32', 'http://www.mtggoldfish.com/tournament/38107']
modern done. 109 decklists saved.
https://www.mtggoldfish.com/tournament_searches/create?utf8=%E2%9C%93&tournament_search%5Bname%5D=&tournament_search%5Bformat%5D=pauper&tournament_search%5Bdate_range%5D=01%2F01%2F2022+-+01%2F31%2F2022&commit=Search
['2022-01-30', 'Pauper Challenge #12380866', 'Pauper', '32', 'http://www.mtggoldfish.com/tournament/38375']
['2022-01-28', 'Pauper Duelos de Honra - Portugal', 'Pauper', '16', 'http://www.mtggoldfish.com/tournament/38368']
['2022-01-28', 'Pauper Super Qualifier #12380827', 'Pauper', '32', 'http://www.mtggoldfish.com/tournament/38357']
['2022-01-26', 'Pauper League 2022-01-26', 'Pauper', '40', 'http://www.mtggoldfish.com/tournament/38330']
['2022-01-25', 'Pauper Preliminary #12377896', 'Pauper', '4', 'http://www.mtggoldfish.com/tournament/38331']
['2022-01-24', 'FUGUETE CHAMP 65', 'Pauper', '8', 'http://www.mtggoldfish.com/tournament/38328']
['2022-01-23', 'Pauper Challenge #12377878', 'Pauper', '32', 'http://www.mtggoldfish.com/tournament/38317']
['2022-01-22', 'Pauper Challenge #12377868', 'Pauper', '32', 'http://www.mtggoldfish.com/tournament/38303']
['2022-01-21', 'Pauper Duelos de Honra - Portugal', 'Pauper', '11', 'http://www.mtggoldfish.com/tournament/38367']
['2022-01-20', 'Padova Pauper League - Road to Pisa 2022 - Stage 1', 'Pauper', '8', 'http://www.mtggoldfish.com/tournament/38287']
['2022-01-20', 'Padova Pauper League - Road to Pisa 2022 - Season 1 - Stage 1', 'Pauper', '0', 'http://www.mtggoldfish.com/tournament/38286']
['2022-01-19', 'Pauper League 2022-01-19', 'Pauper', '21', 'http://www.mtggoldfish.com/tournament/38270']
['2022-01-17', 'FUGUETE CHAMP 64', 'Pauper', '8', 'http://www.mtggoldfish.com/tournament/38257']
['2022-01-16', 'Pauper Challenge #12375157', 'Pauper', '32', 'http://www.mtggoldfish.com/tournament/38251']
['2022-01-15', 'Pauper Challenge #12375146', 'Pauper', '32', 'http://www.mtggoldfish.com/tournament/38235']
['2022-01-14', 'Magic Online Society Pauper FNM', 'Pauper', '10', 'http://www.mtggoldfish.com/tournament/38218']
['2022-01-14', 'Pauper Duelos de Honra - Portugal', 'Pauper', '9', 'http://www.mtggoldfish.com/tournament/38264']
['2022-01-12', 'Fuguete League 6.02', 'Pauper', '8', 'http://www.mtggoldfish.com/tournament/38209']
['2022-01-12', 'Pauper League 2022-01-12', 'Pauper', '28', 'http://www.mtggoldfish.com/tournament/38199']
['2022-01-10', 'FUGUETE CHAMP 63', 'Pauper', '8', 'http://www.mtggoldfish.com/tournament/38195']
['2022-01-09', 'Pauper Challenge #12372533', 'Pauper', '32', 'http://www.mtggoldfish.com/tournament/38185']
['2022-01-08', 'Pauper Challenge #12372521', 'Pauper', '32', 'http://www.mtggoldfish.com/tournament/38172']
['2022-01-07', 'Magic Online Society Pauper FNM', 'Pauper', '9', 'http://www.mtggoldfish.com/tournament/38156']
['2022-01-07', 'Pauper Duelos de Honra - Portugal', 'Pauper', '10', 'http://www.mtggoldfish.com/tournament/38200']
['2022-01-06', 'Pauper Royale 8.01', 'Pauper', '8', 'http://www.mtggoldfish.com/tournament/38153']
['2022-01-05', 'Fuguete League 6.01', 'Pauper', '8', 'http://www.mtggoldfish.com/tournament/38143']
['2022-01-05', 'Pauper League 2022-01-05', 'Pauper', '27', 'http://www.mtggoldfish.com/tournament/38132']
['2022-01-03', 'FUGUETE CHAMP 62', 'Pauper', '8', 'http://www.mtggoldfish.com/tournament/38121']
['2022-01-03', 'Sprint Wheel Event - Pauper MTGO', 'Pauper', '15', 'http://www.mtggoldfish.com/tournament/38122']
['2022-01-02', 'Pauper Challenge #12367822', 'Pauper', '32', 'http://www.mtggoldfish.com/tournament/38116']
['2022-01-01', 'Pauper Challenge #12367810', 'Pauper', '32', 'http://www.mtggoldfish.com/tournament/38106']
pauper done. 64 decklists saved.
https://www.mtggoldfish.com/tournament_searches/create?utf8=%E2%9C%93&tournament_search%5Bname%5D=&tournament_search%5Bformat%5D=pioneer&tournament_search%5Bdate_range%5D=01%2F01%2F2022+-+01%2F31%2F2022&commit=Search
['2022-01-31', 'Pioneer League 2022-01-31', 'Pioneer', '27', 'http://www.mtggoldfish.com/tournament/38371']
['2022-01-30', 'Pioneer Challenge #12380864', 'Pioneer', '32', 'http://www.mtggoldfish.com/tournament/38374']
['2022-01-28', 'Pioneer Preliminary #12380849', 'Pioneer', '5', 'http://www.mtggoldfish.com/tournament/38355']
['2022-01-27', 'Pioneer Preliminary #12380842', 'Pioneer', '3', 'http://www.mtggoldfish.com/tournament/38349']
['2022-01-27', 'Pioneer League 2022-01-27', 'Pioneer', '20', 'http://www.mtggoldfish.com/tournament/38342']
['2022-01-26', 'Pioneer Preliminary #12380830', 'Pioneer', '6', 'http://www.mtggoldfish.com/tournament/38345']
['2022-01-25', 'Pioneer Preliminary #12377894', 'Pioneer', '6', 'http://www.mtggoldfish.com/tournament/38332']
['2022-01-24', 'Pioneer Preliminary #12377890', 'Pioneer', '5', 'http://www.mtggoldfish.com/tournament/38325']
['2022-01-24', 'Pioneer League 2022-01-24', 'Pioneer', '31', 'http://www.mtggoldfish.com/tournament/38321']
['2022-01-23', 'Pioneer Challenge #12377843', 'Pioneer', '32', 'http://www.mtggoldfish.com/tournament/38316']
['2022-01-22', 'Pioneer Challenge #12377873', 'Pioneer', '32', 'http://www.mtggoldfish.com/tournament/38302']
['2022-01-21', 'Pioneer Preliminary #12377863', 'Pioneer', '11', 'http://www.mtggoldfish.com/tournament/38290']
['2022-01-20', 'Pioneer Preliminary #12377856', 'Pioneer', '5', 'http://www.mtggoldfish.com/tournament/38281']
['2022-01-20', 'Pioneer League 2022-01-20', 'Pioneer', '24', 'http://www.mtggoldfish.com/tournament/38280']
['2022-01-19', 'Pioneer Preliminary #12377844', 'Pioneer', '4', 'http://www.mtggoldfish.com/tournament/38276']
['2022-01-18', 'Pioneer Preliminary #12375173', 'Pioneer', '6', 'http://www.mtggoldfish.com/tournament/38267']
['2022-01-17', 'Pioneer Preliminary #12375169', 'Pioneer', '4', 'http://www.mtggoldfish.com/tournament/38259']
['2022-01-17', 'Pioneer League 2022-01-17', 'Pioneer', '33', 'http://www.mtggoldfish.com/tournament/38256']
['2022-01-16', 'Pioneer Challenge #12375155', 'Pioneer', '32', 'http://www.mtggoldfish.com/tournament/38250']
['2022-01-15', 'Pioneer Challenge #12375151', 'Pioneer', '32', 'http://www.mtggoldfish.com/tournament/38234']
['2022-01-14', 'Pioneer Super Qualifier #12375119', 'Pioneer', '32', 'http://www.mtggoldfish.com/tournament/38222']
['2022-01-13', 'Pioneer Preliminary #12375128', 'Pioneer', '6', 'http://www.mtggoldfish.com/tournament/38213']
['2022-01-13', 'Pioneer League 2022-01-13', 'Pioneer', '26', 'http://www.mtggoldfish.com/tournament/38208']
['2022-01-12', 'Pioneer Preliminary #12375123', 'Pioneer', '6', 'http://www.mtggoldfish.com/tournament/38204']
['2022-01-11', 'Pioneer Royale 8.02', 'Pioneer', '8', 'http://www.mtggoldfish.com/tournament/38210']
['2022-01-11', 'Pioneer Preliminary #12372549', 'Pioneer', '4', 'http://www.mtggoldfish.com/tournament/38196']
['2022-01-10', 'Pioneer Preliminary #12372538', 'Pioneer', '4', 'http://www.mtggoldfish.com/tournament/38191']
['2022-01-10', 'Pioneer League 2022-01-10', 'Pioneer', '24', 'http://www.mtggoldfish.com/tournament/38180']
['2022-01-09', 'Pioneer Challenge #12372531', 'Pioneer', '32', 'http://www.mtggoldfish.com/tournament/38184']
['2022-01-08', 'Pioneer Challenge #12372527', 'Pioneer', '32', 'http://www.mtggoldfish.com/tournament/38171']
['2022-01-07', 'Pioneer Preliminary #12372516', 'Pioneer', '5', 'http://www.mtggoldfish.com/tournament/38158']
['2022-01-06', 'Pioneer Preliminary #12372509', 'Pioneer', '6', 'http://www.mtggoldfish.com/tournament/38149']
['2022-01-06', 'Pioneer League 2022-01-06', 'Pioneer', '20', 'http://www.mtggoldfish.com/tournament/38142']
['2022-01-05', 'Pioneer Preliminary #12372497', 'Pioneer', '10', 'http://www.mtggoldfish.com/tournament/38138']
['2022-01-04', 'Pioneer Royale 8.01', 'Pioneer', '8', 'http://www.mtggoldfish.com/tournament/38134']
['2022-01-04', 'Pioneer Preliminary #12367838', 'Pioneer', '6', 'http://www.mtggoldfish.com/tournament/38129']
['2022-01-03', 'Pioneer Preliminary #12367827', 'Pioneer', '3', 'http://www.mtggoldfish.com/tournament/38124']
['2022-01-03', 'Pioneer League 2022-01-03', 'Pioneer', '22', 'http://www.mtggoldfish.com/tournament/38120']
['2022-01-02', 'Pioneer Challenge #12367820', 'Pioneer', '32', 'http://www.mtggoldfish.com/tournament/38115']
['2022-01-02', 'Pioneer Premier #12367724', 'Pioneer', '16', 'http://www.mtggoldfish.com/tournament/38114']
['2022-01-01', 'Pioneer Preliminary #12367808', 'Pioneer', '4', 'http://www.mtggoldfish.com/tournament/38105']
['2022-01-01', 'Pioneer Challenge #12367816', 'Pioneer', '32', 'http://www.mtggoldfish.com/tournament/38104']
pioneer done. 52 decklists saved.
https://www.mtggoldfish.com/tournament_searches/create?utf8=%E2%9C%93&tournament_search%5Bname%5D=&tournament_search%5Bformat%5D=premodern&tournament_search%5Bdate_range%5D=01%2F01%2F2022+-+01%2F31%2F2022&commit=Search
['2022-01-31', 'Premodern Online Monthly (January 2022)', 'Premodern', '16', 'http://www.mtggoldfish.com/tournament/39628']
premodern done. 1 decklists saved.
https://www.mtggoldfish.com/tournament_searches/create?utf8=%E2%9C%93&tournament_search%5Bname%5D=&tournament_search%5Bformat%5D=standard&tournament_search%5Bdate_range%5D=01%2F01%2F2022+-+01%2F31%2F2022&commit=Search
['2022-01-31', 'Traditional Standard Ranked Decklists: January 31, 2022', 'Standard', '19', 'http://www.mtggoldfish.com/tournament/38390']
['2022-01-31', 'Standard League 2022-01-31', 'Standard', '11', 'http://www.mtggoldfish.com/tournament/38370']
['2022-01-30', 'Hannahgramm Spaßturnier', 'Standard', '20', 'http://www.mtggoldfish.com/tournament/38385']
['2022-01-30', 'Standard Challenge #12380868', 'Standard', '32', 'http://www.mtggoldfish.com/tournament/38373']
['2022-01-29', 'Saturday STANDARD Magic', 'Standard', '20', 'http://www.mtggoldfish.com/tournament/38362']
['2022-01-29', '$1,000 Cash GGtoor M:TG Arena Cup#1 (Set Championship Qualifier!)', 'Standard', '245', 'http://www.mtggoldfish.com/tournament/38363']
['2022-01-27', 'Standard League 2022-01-27', 'Standard', '14', 'http://www.mtggoldfish.com/tournament/38344']
['2022-01-24', 'Traditional Standard Ranked Decklists: January 24, 2022', 'Standard', '18', 'http://www.mtggoldfish.com/tournament/38323']
['2022-01-24', 'Standard League 2022-01-24', 'Standard', '11', 'http://www.mtggoldfish.com/tournament/38320']
['2022-01-23', 'NEO CHAMPIONSHIP QUALIFIERS by 5CH LATAM SERIES', 'Standard', '154', 'http://www.mtggoldfish.com/tournament/38311']
['2022-01-23', 'Standard Challenge #12377880', 'Standard', '32', 'http://www.mtggoldfish.com/tournament/38315']
['2022-01-22', 'Standard Challenge #12377870', 'Standard', '32', 'http://www.mtggoldfish.com/tournament/38301']
['2022-01-20', 'Standard League 2022-01-20', 'Standard', '10', 'http://www.mtggoldfish.com/tournament/38279']
['2022-01-17', 'Traditional Standard Ranked Decklists: January 17, 2022', 'Standard', '16', 'http://www.mtggoldfish.com/tournament/38258']
['2022-01-17', 'Standard League 2022-01-17', 'Standard', '7', 'http://www.mtggoldfish.com/tournament/38255']
['2022-01-16', 'Standard Challenge #12375159', 'Standard', '32', 'http://www.mtggoldfish.com/tournament/38249']
['2022-01-15', 'Saturday STANDARD Magic', 'Standard', '20', 'http://www.mtggoldfish.com/tournament/38228']
['2022-01-15', 'Standard Challenge #12375147', 'Standard', '32', 'http://www.mtggoldfish.com/tournament/38233']
['2022-01-14', '1', 'Standard', '16', 'http://www.mtggoldfish.com/tournament/38211']
['2022-01-13', 'Standard League 2022-01-13', 'Standard', '7', 'http://www.mtggoldfish.com/tournament/38207']
['2022-01-10', 'Traditional Standard Ranked Decklists: January 10, 2022', 'Standard', '16', 'http://www.mtggoldfish.com/tournament/38194']
['2022-01-10', 'Standard League 2022-01-10', 'Standard', '13', 'http://www.mtggoldfish.com/tournament/38179']
['2022-01-09', 'Best Of 3 Cup Qualifier #1', 'Standard', '24', 'http://www.mtggoldfish.com/tournament/38177']
['2022-01-09', 'Standard Challenge #12372535', 'Standard', '32', 'http://www.mtggoldfish.com/tournament/38183']
['2022-01-08', '$500 Cash GGtoor M:TG Arena Duel #6 (FREE!)', 'Standard', '153', 'http://www.mtggoldfish.com/tournament/38165']
['2022-01-08', 'Standard Challenge #12372523', 'Standard', '32', 'http://www.mtggoldfish.com/tournament/38170']
['2022-01-06', 'Standard League 2022-01-06', 'Standard', '8', 'http://www.mtggoldfish.com/tournament/38141']
['2022-01-03', 'Traditional Standard Ranked Decklists: January 3, 2022', 'Standard', '18', 'http://www.mtggoldfish.com/tournament/38123']
['2022-01-03', 'Standard League 2022-01-03', 'Standard', '11', 'http://www.mtggoldfish.com/tournament/38119']
['2022-01-02', 'Standard Challenge #12367824', 'Standard', '32', 'http://www.mtggoldfish.com/tournament/38113']
['2022-01-01', 'Standard Challenge #12367812', 'Standard', '32', 'http://www.mtggoldfish.com/tournament/38103']
standard done. 71 decklists saved.
https://www.mtggoldfish.com/tournament_searches/create?utf8=%E2%9C%93&tournament_search%5Bname%5D=&tournament_search%5Bformat%5D=vintage&tournament_search%5Bdate_range%5D=01%2F01%2F2022+-+01%2F31%2F2022&commit=Search
['2022-01-30', 'Vintage Challenge #12380862', 'Vintage', '32', 'http://www.mtggoldfish.com/tournament/38372']
['2022-01-30', 'Vintage League 2022-01-30', 'Vintage', '17', 'http://www.mtggoldfish.com/tournament/38366']
['2022-01-28', 'Vintage Preliminary #12380848', 'Vintage', '5', 'http://www.mtggoldfish.com/tournament/38354']
['2022-01-26', 'Vintage Preliminary #12380833', 'Vintage', '4', 'http://www.mtggoldfish.com/tournament/38346']
['2022-01-23', 'Vintage Preliminary #12377881', 'Vintage', '4', 'http://www.mtggoldfish.com/tournament/38314']
['2022-01-23', 'Vintage Challenge #12377875', 'Vintage', '32', 'http://www.mtggoldfish.com/tournament/38313']
['2022-01-23', 'Vintage League 2022-01-23', 'Vintage', '10', 'http://www.mtggoldfish.com/tournament/38305']
['2022-01-22', 'Vintage Challenge #12377871', 'Vintage', '32', 'http://www.mtggoldfish.com/tournament/38300']
['2022-01-21', 'Vintage Preliminary #12377862', 'Vintage', '4', 'http://www.mtggoldfish.com/tournament/38289']
['2022-01-16', 'Vintage Preliminary #12375160', 'Vintage', '5', 'http://www.mtggoldfish.com/tournament/38248']
['2022-01-16', 'Vintage Challenge #12375153', 'Vintage', '32', 'http://www.mtggoldfish.com/tournament/38247']
['2022-01-16', 'Vintage League 2022-01-16', 'Vintage', '11', 'http://www.mtggoldfish.com/tournament/38238']
['2022-01-15', 'Vintage Challenge #12375149', 'Vintage', '32', 'http://www.mtggoldfish.com/tournament/38232']
['2022-01-09', 'Vintage Challenge #12372529', 'Vintage', '32', 'http://www.mtggoldfish.com/tournament/38182']
['2022-01-09', 'Vintage League 2022-01-09', 'Vintage', '19', 'http://www.mtggoldfish.com/tournament/38174']
['2022-01-08', 'Vintage Challenge #12372525', 'Vintage', '32', 'http://www.mtggoldfish.com/tournament/38169']
['2022-01-05', 'Vintage Preliminary #12372500', 'Vintage', '3', 'http://www.mtggoldfish.com/tournament/38137']
['2022-01-02', 'Vintage Challenge #12367818', 'Vintage', '32', 'http://www.mtggoldfish.com/tournament/38112']
['2022-01-02', 'Vintage League 2022-01-02', 'Vintage', '14', 'http://www.mtggoldfish.com/tournament/38108']
['2022-01-01', 'Vintage Challenge #12367814', 'Vintage', '32', 'http://www.mtggoldfish.com/tournament/38102']
vintage done. 34 decklists saved.
2022-01 done.
starting month: 2022-02
https://www.mtggoldfish.com/tournament_searches/create?utf8=%E2%9C%93&tournament_search%5Bname%5D=&tournament_search%5Bformat%5D=legacy&tournament_search%5Bdate_range%5D=02%2F01%2F2022+-+02%2F28%2F2022&commit=Search
['2022-02-28', 'Legacy Preliminary #12392363', 'Legacy', '4', 'http://www.mtggoldfish.com/tournament/38691']
['2022-02-27', 'Legacy Challenge #12392353', 'Legacy', '32', 'http://www.mtggoldfish.com/tournament/38683']
['2022-02-26', 'Paper Legacy Discord Saturday tournament - 2/26/22', 'Legacy', '15', 'http://www.mtggoldfish.com/tournament/38654']
['2022-02-26', '28 / The 28th Legacy at Home', 'Legacy', '10', 'http://www.mtggoldfish.com/tournament/38659']
['2022-02-26', 'Legacy Challenge #12392343', 'Legacy', '32', 'http://www.mtggoldfish.com/tournament/38666']
['2022-02-26', 'Legacy League 2022-02-26', 'Legacy', '55', 'http://www.mtggoldfish.com/tournament/38647']
['2022-02-21', 'Taitan Game Shop Legacy for Real Estate 7', 'Legacy', '8', 'http://www.mtggoldfish.com/tournament/38603']
['2022-02-21', 'Legacy Preliminary #12389862', 'Legacy', '4', 'http://www.mtggoldfish.com/tournament/38613']
['2022-02-20', 'London Legacy Monthly 20/02/2022', 'Legacy', '8', 'http://www.mtggoldfish.com/tournament/38569']
['2022-02-20', 'Legacy Challenge #12389852', 'Legacy', '32', 'http://www.mtggoldfish.com/tournament/38600']
['2022-02-19', 'Paper Legacy Discord Saturday tournament - 2/19/22', 'Legacy', '20', 'http://www.mtggoldfish.com/tournament/38572']
['2022-02-19', '27 / The 27th Legacy at Home', 'Legacy', '10', 'http://www.mtggoldfish.com/tournament/38576']
['2022-02-19', 'February Legacy ManaTraders Series', 'Legacy', '16', 'http://www.mtggoldfish.com/tournament/38604']
['2022-02-19', 'Legacy Challenge #12389844', 'Legacy', '32', 'http://www.mtggoldfish.com/tournament/38584']
['2022-02-19', 'Legacy League 2022-02-19', 'Legacy', '55', 'http://www.mtggoldfish.com/tournament/38568']
['2022-02-18', 'Legacy Preliminary #12389835', 'Legacy', '4', 'http://www.mtggoldfish.com/tournament/38567']
['2022-02-17', 'Legacy Preliminary #12389828', 'Legacy', '3', 'http://www.mtggoldfish.com/tournament/38559']
['2022-02-14', 'Legacy Preliminary #12387464', 'Legacy', '3', 'http://www.mtggoldfish.com/tournament/38546']
['2022-02-13', 'Axion Now Legacy for Goodies Feb 2022', 'Legacy', '8', 'http://www.mtggoldfish.com/tournament/38504']
['2022-02-13', 'Legacy Challenge #12387454', 'Legacy', '32', 'http://www.mtggoldfish.com/tournament/38535']
['2022-02-12', 'Paper Legacy Discord Saturday tournament - 2/12/22', 'Legacy', '15', 'http://www.mtggoldfish.com/tournament/38512']
['2022-02-12', '26', 'Legacy', '9', 'http://www.mtggoldfish.com/tournament/38514']
['2022-02-12', 'Legacy Challenge #12387444', 'Legacy', '32', 'http://www.mtggoldfish.com/tournament/38522']
['2022-02-12', 'Legacy League 2022-02-12', 'Legacy', '21', 'http://www.mtggoldfish.com/tournament/38508']
['2022-02-11', 'Legacy Preliminary #12387435', 'Legacy', '4', 'http://www.mtggoldfish.com/tournament/38507']
['2022-02-09', 'Legacy Preliminary #12383961', 'Legacy', '5', 'http://www.mtggoldfish.com/tournament/38494']
['2022-02-08', 'Legacy Preliminary #12383959', 'Legacy', '5', 'http://www.mtggoldfish.com/tournament/38479']
['2022-02-07', 'Legacy Preliminary #12383947', 'Legacy', '4', 'http://www.mtggoldfish.com/tournament/38453']
['2022-02-06', 'Legacy Challenge #12383937', 'Legacy', '32', 'http://www.mtggoldfish.com/tournament/38445']
['2022-02-05', '2/5 Season Invitational', 'Legacy', '8', 'http://www.mtggoldfish.com/tournament/38425']
['2022-02-05', '25', 'Legacy', '9', 'http://www.mtggoldfish.com/tournament/38417']
['2022-02-05', 'Legacy Challenge #12383927', 'Legacy', '32', 'http://www.mtggoldfish.com/tournament/38433']
['2022-02-05', 'Legacy Super Qualifier #12383900', 'Legacy', '32', 'http://www.mtggoldfish.com/tournament/38432']
['2022-02-05', 'Legacy League 2022-02-05', 'Legacy', '64', 'http://www.mtggoldfish.com/tournament/38422']
['2022-02-04', 'Legacy Preliminary #12383918', 'Legacy', '7', 'http://www.mtggoldfish.com/tournament/38421']
['2022-02-03', 'Legacy Preliminary #12383911', 'Legacy', '7', 'http://www.mtggoldfish.com/tournament/38413']
['2022-02-02', 'Legacy Preliminary #12380889', 'Legacy', '5', 'http://www.mtggoldfish.com/tournament/38409']
['2022-02-01', 'Legacy Preliminary #12380887', 'Legacy', '6', 'http://www.mtggoldfish.com/tournament/38398']
legacy done. 78 decklists saved.
https://www.mtggoldfish.com/tournament_searches/create?utf8=%E2%9C%93&tournament_search%5Bname%5D=&tournament_search%5Bformat%5D=modern&tournament_search%5Bdate_range%5D=02%2F01%2F2022+-+02%2F28%2F2022&commit=Search
['2022-02-28', 'CM Games Monthly Modern 2k', 'Modern', '8', 'http://www.mtggoldfish.com/tournament/38684']
['2022-02-28', 'Modern Preliminary #12392364', 'Modern', '8', 'http://www.mtggoldfish.com/tournament/38690']
['2022-02-27', 'Modern Super Qualifier #12392317', 'Modern', '32', 'http://www.mtggoldfish.com/tournament/38682']
['2022-02-26', 'Mavericks Cup - Modern $5,000', 'Modern', '31', 'http://www.mtggoldfish.com/tournament/38656']
['2022-02-26', 'Gamers XP Gauntlet: Modern Edition', 'Modern', '18', 'http://www.mtggoldfish.com/tournament/38657']
['2022-02-26', 'Modern Challenge #12392345', 'Modern', '32', 'http://www.mtggoldfish.com/tournament/38665']
['2022-02-26', '2021 Magic Online Champions Showcase Season 3 Modern', 'Modern', '8', 'http://www.mtggoldfish.com/tournament/38649']
['2022-02-25', 'Modern Preliminary #12392339', 'Modern', '6', 'http://www.mtggoldfish.com/tournament/38646']
['2022-02-25', 'Modern League 2022-02-25', 'Modern', '57', 'http://www.mtggoldfish.com/tournament/38636']
['2022-02-24', 'Modern Preliminary #12392322', 'Modern', '5', 'http://www.mtggoldfish.com/tournament/38635']
['2022-02-23', 'Classic Modern Open por Geex Hobby Store, CityClass Games, Joven Hood e Vault of Cards', 'Modern', '16', 'http://www.mtggoldfish.com/tournament/38628']
['2022-02-23', 'Modern Preliminary #12392319', 'Modern', '6', 'http://www.mtggoldfish.com/tournament/38630']
['2022-02-22', '1° Tappa - MagicTime  Ravenna Modern Championship', 'Modern', '8', 'http://www.mtggoldfish.com/tournament/38606']
['2022-02-22', 'Modern Preliminary #12389868', 'Modern', '5', 'http://www.mtggoldfish.com/tournament/38623']
['2022-02-22', 'Modern League 2022-02-22', 'Modern', '76', 'http://www.mtggoldfish.com/tournament/38607']
['2022-02-21', 'Classic Modern Streamers Showdown por Geex Hobby Store, CityClass Games, Joven Hood e Vault of Cards', 'Modern', '8', 'http://www.mtggoldfish.com/tournament/38609']
['2022-02-21', '6º Torneio - 5ª Liga Arena Guardians', 'Modern', '31', 'http://www.mtggoldfish.com/tournament/38616']
['2022-02-21', 'Modern Preliminary #12389860', 'Modern', '7', 'http://www.mtggoldfish.com/tournament/38612']
['2022-02-20', 'Modern Challenge #12389851', 'Modern', '32', 'http://www.mtggoldfish.com/tournament/38599']
['2022-02-19', 'NRG Series $10,000 Trial - Milwaukee (Modern)', 'Modern', '183', 'http://www.mtggoldfish.com/tournament/38593']
['2022-02-19', 'Modern Challenge #12389816', 'Modern', '32', 'http://www.mtggoldfish.com/tournament/38583']
['2022-02-18', 'Modern Preliminary #12389834', 'Modern', '7', 'http://www.mtggoldfish.com/tournament/38566']
['2022-02-18', 'Modern League 2022-02-18', 'Modern', '54', 'http://www.mtggoldfish.com/tournament/38560']
['2022-02-17', 'Modern Preliminary #12389823', 'Modern', '6', 'http://www.mtggoldfish.com/tournament/38558']
['2022-02-16', 'Modern Preliminary #12389820', 'Modern', '10', 'http://www.mtggoldfish.com/tournament/38552']
['2022-02-15', 'Modern Preliminary #12387470', 'Modern', '4', 'http://www.mtggoldfish.com/tournament/38548']
['2022-02-15', 'Modern League 2022-02-15', 'Modern', '72', 'http://www.mtggoldfish.com/tournament/38547']
['2022-02-14', '5º Torneio - 5ª Liga Arena Guardians', 'Modern', '38', 'http://www.mtggoldfish.com/tournament/38550']
['2022-02-14', 'Modern Preliminary #12387465', 'Modern', '7', 'http://www.mtggoldfish.com/tournament/38545']
['2022-02-13', 'Modern Challenge #12387452', 'Modern', '32', 'http://www.mtggoldfish.com/tournament/38534']
['2022-02-13', 'Modern Premier #12387425', 'Modern', '16', 'http://www.mtggoldfish.com/tournament/38533']
['2022-02-12', 'Modern Challenge #12387446', 'Modern', '32', 'http://www.mtggoldfish.com/tournament/38521']
['2022-02-11', 'Modern Preliminary #12387440', 'Modern', '7', 'http://www.mtggoldfish.com/tournament/38506']
['2022-02-11', 'Modern League 2022-02-11', 'Modern', '25', 'http://www.mtggoldfish.com/tournament/38500']
['2022-02-10', 'Clutch Gaming OVMI Qualifier', 'Modern', '8', 'http://www.mtggoldfish.com/tournament/38497']
['2022-02-10', 'Modern Preliminary #12387350', 'Modern', '5', 'http://www.mtggoldfish.com/tournament/38499']
['2022-02-09', 'Modern Preliminary #12387347', 'Modern', '8', 'http://www.mtggoldfish.com/tournament/38493']
['2022-02-08', 'Modern Preliminary #12383953', 'Modern', '8', 'http://www.mtggoldfish.com/tournament/38480']
['2022-02-08', 'Modern League 2022-02-08', 'Modern', '74', 'http://www.mtggoldfish.com/tournament/38451']
['2022-02-07', '4º Torneio - 5ª Liga Arena Guardians', 'Modern', '27', 'http://www.mtggoldfish.com/tournament/38483']
['2022-02-07', 'Mensual GeekAtmosphere', 'Modern', '8', 'http://www.mtggoldfish.com/tournament/38435']
['2022-02-07', 'Modern Preliminary #12383945', 'Modern', '5', 'http://www.mtggoldfish.com/tournament/38454']
['2022-02-06', 'Modern Challenge #12383935', 'Modern', '32', 'http://www.mtggoldfish.com/tournament/38444']
['2022-02-05', 'Modern Challenge #12383929', 'Modern', '32', 'http://www.mtggoldfish.com/tournament/38431']
['2022-02-04', 'Modern Preliminary #12383923', 'Modern', '9', 'http://www.mtggoldfish.com/tournament/38420']
['2022-02-04', 'Modern League 2022-02-04', 'Modern', '65', 'http://www.mtggoldfish.com/tournament/38414']
['2022-02-03', 'Modern Preliminary #12383909', 'Modern', '8', 'http://www.mtggoldfish.com/tournament/38412']
['2022-02-02', 'Modern Preliminary #12383903', 'Modern', '7', 'http://www.mtggoldfish.com/tournament/38408']
['2022-02-01', 'Big Boy Gaming Modern 1k', 'Modern', '8', 'http://www.mtggoldfish.com/tournament/38395']
['2022-02-01', 'Modern Preliminary #12380881', 'Modern', '7', 'http://www.mtggoldfish.com/tournament/38397']
['2022-02-01', 'Modern League 2022-02-01', 'Modern', '73', 'http://www.mtggoldfish.com/tournament/38389']
modern done. 135 decklists saved.
https://www.mtggoldfish.com/tournament_searches/create?utf8=%E2%9C%93&tournament_search%5Bname%5D=&tournament_search%5Bformat%5D=pauper&tournament_search%5Bdate_range%5D=02%2F01%2F2022+-+02%2F28%2F2022&commit=Search
['2022-02-27', 'Pauper Challenge #12392354', 'Pauper', '32', 'http://www.mtggoldfish.com/tournament/38681']
['2022-02-26', 'Pauper Challenge #12392342', 'Pauper', '32', 'http://www.mtggoldfish.com/tournament/38664']
['2022-02-25', 'Magic Online Society Pauper FNM', 'Pauper', '5', 'http://www.mtggoldfish.com/tournament/38712']
['2022-02-25', 'Pauper Duelos de Honra - Portugal', 'Pauper', '12', 'http://www.mtggoldfish.com/tournament/38697']
['2022-02-25', 'Lega Pauper Romagna - Primavera: Tappa 2', 'Pauper', '8', 'http://www.mtggoldfish.com/tournament/38637']
['2022-02-23', 'Fuguete League 6.08', 'Pauper', '8', 'http://www.mtggoldfish.com/tournament/38625']
['2022-02-23', 'Pauper League 2022-02-23', 'Pauper', '34', 'http://www.mtggoldfish.com/tournament/38624']
['2022-02-21', 'FUGUETE CHAMP 69', 'Pauper', '8', 'http://www.mtggoldfish.com/tournament/38610']
['2022-02-20', 'Pauper Challenge #12389853', 'Pauper', '32', 'http://www.mtggoldfish.com/tournament/38598']
['2022-02-19', 'Tropical Pauper 6.08', 'Pauper', '8', 'http://www.mtggoldfish.com/tournament/38563']
['2022-02-19', 'Pauper Challenge #12389843', 'Pauper', '32', 'http://www.mtggoldfish.com/tournament/38582']
['2022-02-18', 'Magic Online Society Pauper FNM', 'Pauper', '6', 'http://www.mtggoldfish.com/tournament/38562']
['2022-02-18', 'Pauper Duelos de Honra - Portugal', 'Pauper', '16', 'http://www.mtggoldfish.com/tournament/38622']
['2022-02-17', 'Lega Pauper Romagna - Primavera: Tappa 1', 'Pauper', '8', 'http://www.mtggoldfish.com/tournament/38605']
['2022-02-16', 'Pauper League 2022-02-16', 'Pauper', '30', 'http://www.mtggoldfish.com/tournament/38549']
['2022-02-13', 'Pauper Challenge #12387455', 'Pauper', '32', 'http://www.mtggoldfish.com/tournament/38532']
['2022-02-12', 'Pauper Challenge #12387443', 'Pauper', '32', 'http://www.mtggoldfish.com/tournament/38520']
['2022-02-11', 'Magic Online Society Pauper FNM', 'Pauper', '7', 'http://www.mtggoldfish.com/tournament/38503']
['2022-02-11', 'Pauper Duelos de Honra - Portugal', 'Pauper', '9', 'http://www.mtggoldfish.com/tournament/38536']
['2022-02-09', 'Pauper League 2022-02-09', 'Pauper', '38', 'http://www.mtggoldfish.com/tournament/38481']
['2022-02-07', 'Sprint Wheel Event - Pauper MTGO', 'Pauper', '18', 'http://www.mtggoldfish.com/tournament/38449']
['2022-02-07', 'FUGUETE CHAMP 67', 'Pauper', '8', 'http://www.mtggoldfish.com/tournament/38448']
['2022-02-06', 'Pauper Challenge #12383938', 'Pauper', '32', 'http://www.mtggoldfish.com/tournament/38443']
['2022-02-05', 'Pauper Challenge #12383926', 'Pauper', '32', 'http://www.mtggoldfish.com/tournament/38430']
['2022-02-04', 'Magic Online Society Pauper FNM', 'Pauper', '8', 'http://www.mtggoldfish.com/tournament/38416']
['2022-02-04', 'Pauper Duelos de Honra - Portugal', 'Pauper', '12', 'http://www.mtggoldfish.com/tournament/38487']
['2022-02-03', 'Padova Pauper League - Road to Pisa 2022 - Stage 2', 'Pauper', '8', 'http://www.mtggoldfish.com/tournament/38423']
['2022-02-02', 'Pauper League 2022-02-02', 'Pauper', '47', 'http://www.mtggoldfish.com/tournament/38396']
pauper done. 55 decklists saved.
https://www.mtggoldfish.com/tournament_searches/create?utf8=%E2%9C%93&tournament_search%5Bname%5D=&tournament_search%5Bformat%5D=pioneer&tournament_search%5Bdate_range%5D=02%2F01%2F2022+-+02%2F28%2F2022&commit=Search
['2022-02-28', 'Pioneer Preliminary #12392366', 'Pioneer', '4', 'http://www.mtggoldfish.com/tournament/38689']
['2022-02-28', 'Pioneer League 2022-02-28', 'Pioneer', '29', 'http://www.mtggoldfish.com/tournament/38677']
['2022-02-27', 'Pioneer Challenge #12392352', 'Pioneer', '32', 'http://www.mtggoldfish.com/tournament/38680']
['2022-02-26', 'Pioneer Challenge #12392348', 'Pioneer', '32', 'http://www.mtggoldfish.com/tournament/38663']
['2022-02-25', 'Pioneer Preliminary #12392337', 'Pioneer', '3', 'http://www.mtggoldfish.com/tournament/38644']
['2022-02-24', 'Pioneer League 2022-02-24', 'Pioneer', '25', 'http://www.mtggoldfish.com/tournament/38626']
['2022-02-23', 'Pioneer Royale 8.08', 'Pioneer', '8', 'http://www.mtggoldfish.com/tournament/38614']
['2022-02-21', 'Pioneer Preliminary #12389865', 'Pioneer', '5', 'http://www.mtggoldfish.com/tournament/38611']
['2022-02-21', 'Pioneer League 2022-02-21', 'Pioneer', '26', 'http://www.mtggoldfish.com/tournament/38602']
['2022-02-20', 'Pioneer Challenge #12389817', 'Pioneer', '32', 'http://www.mtggoldfish.com/tournament/38597']
['2022-02-19', 'Crew3 Discord - Pioneer 7Tix Budget', 'Pioneer', '8', 'http://www.mtggoldfish.com/tournament/38573']
['2022-02-19', 'Pioneer Challenge #12389848', 'Pioneer', '32', 'http://www.mtggoldfish.com/tournament/38581']
['2022-02-18', 'Pioneer Preliminary #12389838', 'Pioneer', '7', 'http://www.mtggoldfish.com/tournament/38565']
['2022-02-17', 'Pioneer Preliminary #12389824', 'Pioneer', '6', 'http://www.mtggoldfish.com/tournament/38557']
['2022-02-17', 'Pioneer League 2022-02-17', 'Pioneer', '23', 'http://www.mtggoldfish.com/tournament/38554']
['2022-02-16', 'Pioneer Preliminary #12389819', 'Pioneer', '6', 'http://www.mtggoldfish.com/tournament/38551']
['2022-02-14', 'Pioneer Preliminary #12387467', 'Pioneer', '4', 'http://www.mtggoldfish.com/tournament/38544']
['2022-02-14', 'Pioneer League 2022-02-14', 'Pioneer', '36', 'http://www.mtggoldfish.com/tournament/38528']
['2022-02-13', 'Pioneer Challenge #12387453', 'Pioneer', '32', 'http://www.mtggoldfish.com/tournament/38531']
['2022-02-12', 'Pioneer Preliminary #12387441', 'Pioneer', '4', 'http://www.mtggoldfish.com/tournament/38519']
['2022-02-12', 'Pioneer Challenge #12387449', 'Pioneer', '32', 'http://www.mtggoldfish.com/tournament/38518']
['2022-02-12', 'Pioneer Premier #12387424', 'Pioneer', '16', 'http://www.mtggoldfish.com/tournament/38517']
['2022-02-11', 'Pioneer Preliminary #12387438', 'Pioneer', '11', 'http://www.mtggoldfish.com/tournament/38505']
['2022-02-10', 'Pioneer Preliminary #12387431', 'Pioneer', '5', 'http://www.mtggoldfish.com/tournament/38498']
['2022-02-10', 'Pioneer League 2022-02-10', 'Pioneer', '27', 'http://www.mtggoldfish.com/tournament/38496']
['2022-02-08', 'Pioneer Preliminary #12383954', 'Pioneer', '6', 'http://www.mtggoldfish.com/tournament/38478']
['2022-02-07', 'Pioneer Preliminary #12383950', 'Pioneer', '4', 'http://www.mtggoldfish.com/tournament/38452']
['2022-02-07', 'Pioneer League 2022-02-07', 'Pioneer', '26', 'http://www.mtggoldfish.com/tournament/38447']
['2022-02-06', 'Pioneer Challenge #12383936', 'Pioneer', '32', 'http://www.mtggoldfish.com/tournament/38442']
['2022-02-05', 'Pioneer Challenge #12383932', 'Pioneer', '32', 'http://www.mtggoldfish.com/tournament/38429']
['2022-02-04', 'Pioneer Preliminary #12383921', 'Pioneer', '7', 'http://www.mtggoldfish.com/tournament/38419']
['2022-02-03', 'Pioneer Preliminary #12383907', 'Pioneer', '5', 'http://www.mtggoldfish.com/tournament/38411']
['2022-02-03', 'Pioneer League 2022-02-03', 'Pioneer', '29', 'http://www.mtggoldfish.com/tournament/38405']
['2022-02-02', 'Pioneer Preliminary #12383902', 'Pioneer', '4', 'http://www.mtggoldfish.com/tournament/38407']
pioneer done. 52 decklists saved.
https://www.mtggoldfish.com/tournament_searches/create?utf8=%E2%9C%93&tournament_search%5Bname%5D=&tournament_search%5Bformat%5D=premodern&tournament_search%5Bdate_range%5D=02%2F01%2F2022+-+02%2F28%2F2022&commit=Search
['2022-02-28', 'Premodern Online Monthly (February 2022)', 'Premodern', '16', 'http://www.mtggoldfish.com/tournament/39457']
premodern done. 2 decklists saved.
https://www.mtggoldfish.com/tournament_searches/create?utf8=%E2%9C%93&tournament_search%5Bname%5D=&tournament_search%5Bformat%5D=standard&tournament_search%5Bdate_range%5D=02%2F01%2F2022+-+02%2F28%2F2022&commit=Search
['2022-02-28', 'Traditional Standard Ranked Decklists: Febuary 28, 2022', 'Standard', '21', 'http://www.mtggoldfish.com/tournament/38686']
['2022-02-28', 'Standard League 2022-02-28', 'Standard', '15', 'http://www.mtggoldfish.com/tournament/38676']
['2022-02-27', 'MMA Ma Melee Arena Standard Feb#8', 'Standard', '17', 'http://www.mtggoldfish.com/tournament/38685']
['2022-02-27', 'Best Of 3 Cup Preliminary', 'Standard', '26', 'http://www.mtggoldfish.com/tournament/38670']
['2022-02-27', 'Good Luck High Five No-Invitational', 'Standard', '17', 'http://www.mtggoldfish.com/tournament/38672']
['2022-02-27', 'NEO CHAMPIONSHIP QUALIFIERS by 5CH LATAM SERIES', 'Standard', '122', 'http://www.mtggoldfish.com/tournament/38674']
['2022-02-27', 'Standard Challenge #12392356', 'Standard', '32', 'http://www.mtggoldfish.com/tournament/38679']
['2022-02-26', 'PRE NEO CHAMPIONSHIP QUALIFIER', 'Standard', '23', 'http://www.mtggoldfish.com/tournament/38650']
['2022-02-26', 'Degens and Patrons', 'Standard', '12', 'http://www.mtggoldfish.com/tournament/38651']
['2022-02-26', 'Saturday STANDARD Magic', 'Standard', '25', 'http://www.mtggoldfish.com/tournament/38655']
['2022-02-26', '$1,000 Cash GGtoor M:TG Arena Cup#2 (Set Championship Qualifier!)', 'Standard', '137', 'http://www.mtggoldfish.com/tournament/38658']
['2022-02-26', 'Community Turnier Februar (Standard)', 'Standard', '15', 'http://www.mtggoldfish.com/tournament/38639']
['2022-02-26', 'Standard $100 CASH Payout Weekly', 'Standard', '8', 'http://www.mtggoldfish.com/tournament/38641']
['2022-02-26', '2021 FINAL', 'Standard', '36', 'http://www.mtggoldfish.com/tournament/38640']
['2022-02-26', 'Standard Challenge #12392344', 'Standard', '32', 'http://www.mtggoldfish.com/tournament/38662']
['2022-02-24', 'Standard League 2022-02-24', 'Standard', '17', 'http://www.mtggoldfish.com/tournament/38631']
['2022-02-23', 'Magic for Old Guys KISS Tournament (Traditional Standard)', 'Standard', '7', 'http://www.mtggoldfish.com/tournament/38627']
['2022-02-23', 'MMA Ma Melee Arena Standard Feb#7', 'Standard', '22', 'http://www.mtggoldfish.com/tournament/38629']
['2022-02-22', 'Ashlizzlle $MAGIC Tournament', 'Standard', '47', 'http://www.mtggoldfish.com/tournament/38608']
['2022-02-21', 'Traditional Standard Ranked Decklists: Febuary 21, 2022', 'Standard', '24', 'http://www.mtggoldfish.com/tournament/38695']
['2022-02-21', 'Standard League 2022-02-21', 'Standard', '14', 'http://www.mtggoldfish.com/tournament/38601']
['2022-02-20', 'Standard Arena Open - 4x Qualifier Weekend Invites', 'Standard', '10', 'http://www.mtggoldfish.com/tournament/38586']
['2022-02-20', 'The Pizza Box Open: Standard', 'Standard', '95', 'http://www.mtggoldfish.com/tournament/38587']
['2022-02-20', '$250 Open with Qualifier Weekend Invites', 'Standard', '32', 'http://www.mtggoldfish.com/tournament/38589']
['2022-02-20', 'MMA Ma Melee Arena Standard Feb#6', 'Standard', '14', 'http://www.mtggoldfish.com/tournament/38591']
['2022-02-20', 'Standard Challenge #12389855', 'Standard', '32', 'http://www.mtggoldfish.com/tournament/38596']
['2022-02-19', "500$ Manfield's Magic Academy Tour Stop 2 (Standard Open Entry) ( For 500$ and March Qualifier Invites) Sponsored by Metafy", 'Standard', '42', 'http://www.mtggoldfish.com/tournament/38575']
['2022-02-19', 'Royal Rumble - Special Edition - 1000€ Prize Pool', 'Standard', '22', 'http://www.mtggoldfish.com/tournament/38577']
['2022-02-19', 'Crokeyz Kamigawa: Neon Dynasty Tournament', 'Standard', '585', 'http://www.mtggoldfish.com/tournament/38594']
['2022-02-19', 'Standard Challenge #12389845', 'Standard', '32', 'http://www.mtggoldfish.com/tournament/38580']
['2022-02-17', 'Standard League 2022-02-17', 'Standard', '14', 'http://www.mtggoldfish.com/tournament/38553']
['2022-02-16', 'MMA Ma Melee Arena Standard Feb#5', 'Standard', '21', 'http://www.mtggoldfish.com/tournament/38555']
['2022-02-14', 'Standard League 2022-02-14', 'Standard', '18', 'http://www.mtggoldfish.com/tournament/38527']
['2022-02-13', 'MMA Ma Melee Arena Standard Feb#4', 'Standard', '18', 'http://www.mtggoldfish.com/tournament/38524']
['2022-02-13', '()', 'Standard', '29', 'http://www.mtggoldfish.com/tournament/38509']
['2022-02-13', 'Standard Challenge #12387457', 'Standard', '32', 'http://www.mtggoldfish.com/tournament/38530']
['2022-02-12', 'Saturday STANDARD Magic', 'Standard', '21', 'http://www.mtggoldfish.com/tournament/38513']
['2022-02-12', '()', 'Standard', '9', 'http://www.mtggoldfish.com/tournament/38502']
['2022-02-12', 'Standard Challenge #12387445', 'Standard', '32', 'http://www.mtggoldfish.com/tournament/38516']
['2022-02-10', 'Standard League 2022-02-10', 'Standard', '8', 'http://www.mtggoldfish.com/tournament/38495']
['2022-02-09', 'MMA Ma Melee Arena Standard Feb#3', 'Standard', '16', 'http://www.mtggoldfish.com/tournament/38488']
['2022-02-07', 'Traditional Standard Ranked Decklists: Febuary 7, 2022', 'Standard', '15', 'http://www.mtggoldfish.com/tournament/38455']
['2022-02-07', 'Standard League 2022-02-07', 'Standard', '12', 'http://www.mtggoldfish.com/tournament/38446']
['2022-02-06', 'MMA Ma Melee Arena Standard Feb#2', 'Standard', '25', 'http://www.mtggoldfish.com/tournament/38436']
['2022-02-06', 'EGG XII', 'Standard', '24', 'http://www.mtggoldfish.com/tournament/38450']
['2022-02-06', 'Standard Challenge #12383940', 'Standard', '32', 'http://www.mtggoldfish.com/tournament/38441']
['2022-02-05', '$500 Cash GGtoor M:TG Arena Duel #7 (FREE!)', 'Standard', '158', 'http://www.mtggoldfish.com/tournament/38426']
['2022-02-05', 'Standard Challenge #12383928', 'Standard', '32', 'http://www.mtggoldfish.com/tournament/38428']
['2022-02-03', 'Standard League 2022-02-03', 'Standard', '9', 'http://www.mtggoldfish.com/tournament/38404']
['2022-02-02', 'MMA Ma Melee Arena Standard Feb#1', 'Standard', '29', 'http://www.mtggoldfish.com/tournament/38410']
standard done. 97 decklists saved.
https://www.mtggoldfish.com/tournament_searches/create?utf8=%E2%9C%93&tournament_search%5Bname%5D=&tournament_search%5Bformat%5D=vintage&tournament_search%5Bdate_range%5D=02%2F01%2F2022+-+02%2F28%2F2022&commit=Search
['2022-02-27', 'Vintage Challenge #12392350', 'Vintage', '32', 'http://www.mtggoldfish.com/tournament/38678']
['2022-02-27', 'Vintage League 2022-02-27', 'Vintage', '17', 'http://www.mtggoldfish.com/tournament/38667']
['2022-02-26', 'Vintage Challenge #12392346', 'Vintage', '32', 'http://www.mtggoldfish.com/tournament/38661']
['2022-02-25', 'Vintage Preliminary #12392336', 'Vintage', '4', 'http://www.mtggoldfish.com/tournament/38645']
['2022-02-20', 'Vintage Challenge #12389850', 'Vintage', '32', 'http://www.mtggoldfish.com/tournament/38595']
['2022-02-20', 'Vintage League 2022-02-20', 'Vintage', '19', 'http://www.mtggoldfish.com/tournament/38585']
['2022-02-19', 'Vintage Challenge #12389846', 'Vintage', '32', 'http://www.mtggoldfish.com/tournament/38579']
['2022-02-18', 'Vintage Preliminary #12389837', 'Vintage', '6', 'http://www.mtggoldfish.com/tournament/38564']
['2022-02-13', 'Vintage Challenge #12387451', 'Vintage', '32', 'http://www.mtggoldfish.com/tournament/38529']
['2022-02-13', 'Vintage League 2022-02-13', 'Vintage', '11', 'http://www.mtggoldfish.com/tournament/38523']
['2022-02-12', 'Vintage Challenge #12387447', 'Vintage', '32', 'http://www.mtggoldfish.com/tournament/38515']
['2022-02-06', 'Vintage Challenge #12383934', 'Vintage', '32', 'http://www.mtggoldfish.com/tournament/38440']
['2022-02-06', 'Vintage Super Qualifier #12383901', 'Vintage', '32', 'http://www.mtggoldfish.com/tournament/38439']
['2022-02-06', 'Vintage League 2022-02-06', 'Vintage', '17', 'http://www.mtggoldfish.com/tournament/38434']
['2022-02-05', 'Vintage Challenge #12383930', 'Vintage', '32', 'http://www.mtggoldfish.com/tournament/38427']
['2022-02-04', 'Vintage Preliminary #12383920', 'Vintage', '3', 'http://www.mtggoldfish.com/tournament/38418']
['2022-02-02', 'Vintage Preliminary #12383905', 'Vintage', '5', 'http://www.mtggoldfish.com/tournament/38406']
vintage done. 34 decklists saved.
2022-02 done.
starting month: 2022-03
https://www.mtggoldfish.com/tournament_searches/create?utf8=%E2%9C%93&tournament_search%5Bname%5D=&tournament_search%5Bformat%5D=legacy&tournament_search%5Bdate_range%5D=03%2F01%2F2022+-+03%2F31%2F2022&commit=Search
['2022-03-31', 'Legacy Preliminary #12404217', 'Legacy', '4', 'http://www.mtggoldfish.com/tournament/39007']
['2022-03-31', 'Legacy Super Qualifier #12404204', 'Legacy', '32', 'http://www.mtggoldfish.com/tournament/39006']
['2022-03-29', 'Legacy Preliminary #12401512', 'Legacy', '5', 'http://www.mtggoldfish.com/tournament/38992']
['2022-03-28', 'Legacy Preliminary #12401500', 'Legacy', '4', 'http://www.mtggoldfish.com/tournament/38985']
['2022-03-27', 'Marchesa 22', 'Legacy', '8', 'http://www.mtggoldfish.com/tournament/39206']
['2022-03-27', 'Legacy Challenge #12401490', 'Legacy', '32', 'http://www.mtggoldfish.com/tournament/38965']
['2022-03-26', 'Paper Legacy Discord Saturday tournament - 3/26/22', 'Legacy', '20', 'http://www.mtggoldfish.com/tournament/38942']
['2022-03-26', '32 / The 32nd Legacy at Home', 'Legacy', '8', 'http://www.mtggoldfish.com/tournament/38946']
['2022-03-26', 'AZMS City Champs @Gamers Guild AZ', 'Legacy', '16', 'http://www.mtggoldfish.com/tournament/38934']
['2022-03-26', 'Big Boy Gaming Legacy Cash Tournament', 'Legacy', '8', 'http://www.mtggoldfish.com/tournament/38933']
['2022-03-26', 'Legacy Challenge #12401482', 'Legacy', '32', 'http://www.mtggoldfish.com/tournament/38955']
['2022-03-26', 'Legacy League 2022-03-26', 'Legacy', '37', 'http://www.mtggoldfish.com/tournament/38938']
['2022-03-25', 'Legacy Preliminary #12401473', 'Legacy', '5', 'http://www.mtggoldfish.com/tournament/38937']
['2022-03-24', 'Legacy Preliminary #12401466', 'Legacy', '6', 'http://www.mtggoldfish.com/tournament/38925']
['2022-03-23', 'London Legacy Monthly 19/03/2022', 'Legacy', '8', 'http://www.mtggoldfish.com/tournament/38903']
['2022-03-22', 'Legacy Preliminary #12399195', 'Legacy', '4', 'http://www.mtggoldfish.com/tournament/38909']
['2022-03-21', 'Legacy Preliminary #12399183', 'Legacy', '5', 'http://www.mtggoldfish.com/tournament/38898']
['2022-03-20', 'SCG CON Indianapolis - Legacy $5K', 'Legacy', '141', 'http://www.mtggoldfish.com/tournament/38892']
['2022-03-20', 'Legacy Challenge #12399173', 'Legacy', '32', 'http://www.mtggoldfish.com/tournament/38884']
['2022-03-19', 'Paper Legacy Discord Saturday tournament - 3/19/22', 'Legacy', '14', 'http://www.mtggoldfish.com/tournament/38864']
['2022-03-19', 'SCG CON Indianapolis - Team $25K', 'Legacy', '1', 'http://www.mtggoldfish.com/tournament/38895']
['2022-03-19', '31 / The 31st Legacy at Home', 'Legacy', '10', 'http://www.mtggoldfish.com/tournament/38845']
['2022-03-19', '2. Fischkrieg Series 2022', 'Legacy', '10', 'http://www.mtggoldfish.com/tournament/38853']
['2022-03-19', 'Legacy Challenge #12399163', 'Legacy', '32', 'http://www.mtggoldfish.com/tournament/38875']
['2022-03-19', 'Legacy League 2022-03-19', 'Legacy', '52', 'http://www.mtggoldfish.com/tournament/38857']
['2022-03-18', 'SCG CON Indianapolis - Friday 4:30PM Team Trial', 'Legacy', '1', 'http://www.mtggoldfish.com/tournament/38847']
['2022-03-18', 'SCG CON Indianapolis - Friday 2:30PM Team Trial', 'Legacy', '1', 'http://www.mtggoldfish.com/tournament/38848']
['2022-03-18', 'SCG CON Indianapolis - Friday 12:30PM Team Trial', 'Legacy', '1', 'http://www.mtggoldfish.com/tournament/38849']
['2022-03-18', 'Legacy Preliminary #12399155', 'Legacy', '3', 'http://www.mtggoldfish.com/tournament/38856']
['2022-03-14', 'Legacy Preliminary #12396409', 'Legacy', '4', 'http://www.mtggoldfish.com/tournament/38818']
['2022-03-13', 'Legacy Challenge #12396399', 'Legacy', '32', 'http://www.mtggoldfish.com/tournament/38809']
['2022-03-12', 'Paper Legacy Discord Saturday tournament - 3/12/22', 'Legacy', '16', 'http://www.mtggoldfish.com/tournament/38798']
['2022-03-12', '30 / The 30th Legacy at Home', 'Legacy', '12', 'http://www.mtggoldfish.com/tournament/38803']
['2022-03-12', 'Legacy Challenge #12396389', 'Legacy', '32', 'http://www.mtggoldfish.com/tournament/38793']
['2022-03-12', 'Legacy League 2022-03-12', 'Legacy', '48', 'http://www.mtggoldfish.com/tournament/38785']
['2022-03-10', 'Legacy Preliminary #12396373', 'Legacy', '4', 'http://www.mtggoldfish.com/tournament/38773']
['2022-03-08', 'Legacy Preliminary #12394258', 'Legacy', '5', 'http://www.mtggoldfish.com/tournament/38758']
['2022-03-07', 'Legacy Preliminary #12394246', 'Legacy', '4', 'http://www.mtggoldfish.com/tournament/38749']
['2022-03-06', 'Legacy Challenge #12394202', 'Legacy', '32', 'http://www.mtggoldfish.com/tournament/38745']
['2022-03-05', 'Paper Legacy Discord Saturday tournament - 3/5/22', 'Legacy', '13', 'http://www.mtggoldfish.com/tournament/38721']
['2022-03-05', '29 / The 29th Legacy at Home', 'Legacy', '9', 'http://www.mtggoldfish.com/tournament/38708']
['2022-03-05', 'Liga Curitibana de Legacy 12ª Etapa @ Curitiba (Brazil', 'Legacy', '16', 'http://www.mtggoldfish.com/tournament/38779']
['2022-03-05', 'Legacy Challenge #12394228', 'Legacy', '32', 'http://www.mtggoldfish.com/tournament/38730']
['2022-03-05', 'Legacy League 2022-03-05', 'Legacy', '50', 'http://www.mtggoldfish.com/tournament/38720']
['2022-03-04', 'Legacy Preliminary #12394219', 'Legacy', '5', 'http://www.mtggoldfish.com/tournament/38719']
['2022-03-03', 'Legacy Preliminary #12394212', 'Legacy', '3', 'http://www.mtggoldfish.com/tournament/38704']
legacy done. 87 decklists saved.
https://www.mtggoldfish.com/tournament_searches/create?utf8=%E2%9C%93&tournament_search%5Bname%5D=&tournament_search%5Bformat%5D=modern&tournament_search%5Bdate_range%5D=03%2F01%2F2022+-+03%2F31%2F2022&commit=Search
['2022-03-31', 'Modern Preliminary #12404215', 'Modern', '12', 'http://www.mtggoldfish.com/tournament/39005']
['2022-03-30', 'Modern Preliminary #12404209', 'Modern', '9', 'http://www.mtggoldfish.com/tournament/38998']
['2022-03-29', 'GMDM Preliminary - Modern Night | Playtime Merate', 'Modern', '8', 'http://www.mtggoldfish.com/tournament/38979']
['2022-03-29', 'Modern League 2022-03-29', 'Modern', '91', 'http://www.mtggoldfish.com/tournament/38981']
['2022-03-28', '10º Torneio - 5ª Liga Arena Guardians', 'Modern', '28', 'http://www.mtggoldfish.com/tournament/38993']
['2022-03-28', 'Geek Fortress $1.4k (Snohomish, WA)', 'Modern', '8', 'http://www.mtggoldfish.com/tournament/38980']
['2022-03-28', 'Modern Preliminary #12401501', 'Modern', '6', 'http://www.mtggoldfish.com/tournament/38984']
['2022-03-28', 'Modern Super Qualifier #12401454', 'Modern', '32', 'http://www.mtggoldfish.com/tournament/38983']
['2022-03-27', 'Modern Challenge #12401489', 'Modern', '32', 'http://www.mtggoldfish.com/tournament/38964']
['2022-03-26', 'Owl Central Games Modern $2K+', 'Modern', '8', 'http://www.mtggoldfish.com/tournament/38978']
['2022-03-26', 'Modern Challenge #12401452', 'Modern', '32', 'http://www.mtggoldfish.com/tournament/38954']
['2022-03-25', 'Modern Preliminary #12401472', 'Modern', '8', 'http://www.mtggoldfish.com/tournament/38936']
['2022-03-25', 'Modern League 2022-03-25', 'Modern', '67', 'http://www.mtggoldfish.com/tournament/38922']
['2022-03-24', 'BigBoyGaming Modern Constructed Cash Tournament', 'Modern', '8', 'http://www.mtggoldfish.com/tournament/38921']
['2022-03-24', 'Collector Legion Modern $1k', 'Modern', '8', 'http://www.mtggoldfish.com/tournament/38920']
['2022-03-24', 'Modern Preliminary #12401464', 'Modern', '10', 'http://www.mtggoldfish.com/tournament/38924']
['2022-03-23', 'Modern Preliminary #12401458', 'Modern', '13', 'http://www.mtggoldfish.com/tournament/38915']
['2022-03-22', 'Modern Preliminary #12399189', 'Modern', '5', 'http://www.mtggoldfish.com/tournament/38908']
['2022-03-22', 'Modern League 2022-03-22', 'Modern', '84', 'http://www.mtggoldfish.com/tournament/38899']
['2022-03-21', '9º Torneio - 5ª Liga Arena Guardians', 'Modern', '32', 'http://www.mtggoldfish.com/tournament/38904']
['2022-03-21', 'Modern Preliminary #12399181', 'Modern', '4', 'http://www.mtggoldfish.com/tournament/38897']
['2022-03-20', 'SCG CON Indianapolis - Modern $5K', 'Modern', '286', 'http://www.mtggoldfish.com/tournament/38894']
['2022-03-20', '3° Tappa - MagicTime Ravenna Modern Championship', 'Modern', '8', 'http://www.mtggoldfish.com/tournament/38902']
['2022-03-20', 'Winter XP 5K 2022', 'Modern', '8', 'http://www.mtggoldfish.com/tournament/38858']
['2022-03-20', 'Modern Challenge #12399171', 'Modern', '32', 'http://www.mtggoldfish.com/tournament/38883']
['2022-03-19', 'Modern Challenge #12399165', 'Modern', '32', 'http://www.mtggoldfish.com/tournament/38874']
['2022-03-18', 'Modern Preliminary #12399159', 'Modern', '5', 'http://www.mtggoldfish.com/tournament/38854']
['2022-03-18', 'Modern League 2022-03-18', 'Modern', '69', 'http://www.mtggoldfish.com/tournament/38837']
['2022-03-17', 'Modern Preliminary #12399146', 'Modern', '7', 'http://www.mtggoldfish.com/tournament/38836']
['2022-03-16', 'Modern Preliminary #12399140', 'Modern', '6', 'http://www.mtggoldfish.com/tournament/38828']
['2022-03-15', 'Modern Preliminary #12396415', 'Modern', '5', 'http://www.mtggoldfish.com/tournament/38823']
['2022-03-15', 'Modern League 2022-03-15', 'Modern', '90', 'http://www.mtggoldfish.com/tournament/38819']
['2022-03-14', '8º Torneio - 5ª Liga Arena Guardians', 'Modern', '32', 'http://www.mtggoldfish.com/tournament/38826']
['2022-03-14', 'Modern 1K | The Mythic Store // La Boutique Mythique - Quebec City', 'Modern', '8', 'http://www.mtggoldfish.com/tournament/38815']
['2022-03-14', 'Modern Preliminary #12396407', 'Modern', '6', 'http://www.mtggoldfish.com/tournament/38817']
['2022-03-13', 'Modern Super Qualifier #12396363', 'Modern', '32', 'http://www.mtggoldfish.com/tournament/38808']
['2022-03-12', 'Modern Challenge #12396391', 'Modern', '32', 'http://www.mtggoldfish.com/tournament/38792']
['2022-03-11', 'Modern Preliminary #12396385', 'Modern', '8', 'http://www.mtggoldfish.com/tournament/38784']
['2022-03-11', 'Modern League 2022-03-11', 'Modern', '74', 'http://www.mtggoldfish.com/tournament/38775']
['2022-03-10', 'Modern Preliminary #12396368', 'Modern', '4', 'http://www.mtggoldfish.com/tournament/38774']
['2022-03-09', 'Modern Preliminary #12396365', 'Modern', '5', 'http://www.mtggoldfish.com/tournament/38765']
['2022-03-08', 'Modern Preliminary #12394252', 'Modern', '5', 'http://www.mtggoldfish.com/tournament/38757']
['2022-03-08', 'Modern League 2022-03-08', 'Modern', '72', 'http://www.mtggoldfish.com/tournament/38750']
['2022-03-07', '7º Torneio - 5ª Liga Arena Guardians', 'Modern', '33', 'http://www.mtggoldfish.com/tournament/38763']
['2022-03-07', 'Modern Preliminary #12394244', 'Modern', '7', 'http://www.mtggoldfish.com/tournament/38748']
['2022-03-06', 'NRG Series $5,000 Trial - Chicagoland (Modern)', 'Modern', '209', 'http://www.mtggoldfish.com/tournament/38735']
['2022-03-06', '2° Tappa - MagicTime Ravenna Modern Championship', 'Modern', '8', 'http://www.mtggoldfish.com/tournament/38747']
['2022-03-06', 'Modern Challenge #12394235', 'Modern', '32', 'http://www.mtggoldfish.com/tournament/38744']
['2022-03-05', 'Modern Challenge #12394230', 'Modern', '32', 'http://www.mtggoldfish.com/tournament/38729']
['2022-03-04', 'Modern Preliminary #12394224', 'Modern', '5', 'http://www.mtggoldfish.com/tournament/38718']
['2022-03-04', 'Modern League 2022-03-04', 'Modern', '57', 'http://www.mtggoldfish.com/tournament/38706']
['2022-03-03', 'Modern Preliminary #12394210', 'Modern', '4', 'http://www.mtggoldfish.com/tournament/38705']
['2022-03-02', 'Torneio 4fun  - 4 Rodadas - NÃO VALE PONTO PRA LIGA', 'Modern', '12', 'http://www.mtggoldfish.com/tournament/38703']
['2022-03-01', "White Knight's Game Room 2K", 'Modern', '8', 'http://www.mtggoldfish.com/tournament/38694']
['2022-03-01', 'Modern League 2022-03-01', 'Modern', '67', 'http://www.mtggoldfish.com/tournament/38692']
modern done. 144 decklists saved.
https://www.mtggoldfish.com/tournament_searches/create?utf8=%E2%9C%93&tournament_search%5Bname%5D=&tournament_search%5Bformat%5D=pauper&tournament_search%5Bdate_range%5D=03%2F01%2F2022+-+03%2F31%2F2022&commit=Search
['2022-03-31', 'LEGA PAUPER ROMAGNA - PRIMAVERA: TAPPA 7', 'Pauper', '8', 'http://www.mtggoldfish.com/tournament/39077']
['2022-03-30', 'Pauper League 2022-03-30', 'Pauper', '28', 'http://www.mtggoldfish.com/tournament/38990']
['2022-03-28', 'FUGUETE CHAMP 74', 'Pauper', '8', 'http://www.mtggoldfish.com/tournament/38994']
['2022-03-27', 'Pauper Challenge #12401491', 'Pauper', '32', 'http://www.mtggoldfish.com/tournament/38963']
['2022-03-26', 'LPO "Pauper HERO"', 'Pauper', '8', 'http://www.mtggoldfish.com/tournament/38940']
['2022-03-26', 'Pauper Challenge #12401481', 'Pauper', '32', 'http://www.mtggoldfish.com/tournament/38953']
['2022-03-25', 'Pauper Duelos de Honra - Portugal', 'Pauper', '13', 'http://www.mtggoldfish.com/tournament/39230']
['2022-03-24', 'Lega Pauper Romagna - Primavera: Tappa 6', 'Pauper', '8', 'http://www.mtggoldfish.com/tournament/38957']
['2022-03-23', 'Pauper League 2022-03-23', 'Pauper', '33', 'http://www.mtggoldfish.com/tournament/38910']
['2022-03-21', 'FUGUETE CHAMP 73', 'Pauper', '8', 'http://www.mtggoldfish.com/tournament/38896']
['2022-03-20', 'Torneo Pauper Metaformo I', 'Pauper', '8', 'http://www.mtggoldfish.com/tournament/39068']
['2022-03-20', 'Pauper Challenge #12399174', 'Pauper', '32', 'http://www.mtggoldfish.com/tournament/38882']
['2022-03-19', 'Pauper Challenge #12399162', 'Pauper', '32', 'http://www.mtggoldfish.com/tournament/38873']
['2022-03-19', 'Pauper Super Qualifier #12399137', 'Pauper', '32', 'http://www.mtggoldfish.com/tournament/38872']
['2022-03-18', 'Pauper Duelos de Honra - Portugal', 'Pauper', '16', 'http://www.mtggoldfish.com/tournament/39229']
['2022-03-17', 'Lega Pauper Romagna - Primavera: Tappa 5', 'Pauper', '8', 'http://www.mtggoldfish.com/tournament/38877']
['2022-03-16', 'Pauper League 2022-03-16', 'Pauper', '35', 'http://www.mtggoldfish.com/tournament/38824']
['2022-03-13', 'Pauper Challenge #12396400', 'Pauper', '32', 'http://www.mtggoldfish.com/tournament/38807']
['2022-03-12', 'Pauper Challenge #12396388', 'Pauper', '32', 'http://www.mtggoldfish.com/tournament/38791']
['2022-03-11', 'Magic Online Society Pauper FNM', 'Pauper', '10', 'http://www.mtggoldfish.com/tournament/38782']
['2022-03-11', 'Pauper Duelos de Honra - Portugal', 'Pauper', '16', 'http://www.mtggoldfish.com/tournament/39228']
['2022-03-11', 'Pauper Duelos de Honra - Portugal', 'Pauper', '14', 'http://www.mtggoldfish.com/tournament/38834']
['2022-03-10', 'Lega Pauper Romagna - Primavera: Tappa 4', 'Pauper', '8', 'http://www.mtggoldfish.com/tournament/38786']
['2022-03-09', 'Pauper League 2022-03-09', 'Pauper', '35', 'http://www.mtggoldfish.com/tournament/38759']
['2022-03-07', 'Sprint Wheel Event - Pauper MTGO', 'Pauper', '15', 'http://www.mtggoldfish.com/tournament/38752']
['2022-03-07', 'FUGUETE CHAMP 71', 'Pauper', '8', 'http://www.mtggoldfish.com/tournament/38756']
['2022-03-06', 'Pauper Challenge #12394237', 'Pauper', '32', 'http://www.mtggoldfish.com/tournament/38743']
['2022-03-05', 'Desafio PAUPER - 01', 'Pauper', '8', 'http://www.mtggoldfish.com/tournament/38746']
['2022-03-05', 'Pauper Challenge #12394227', 'Pauper', '32', 'http://www.mtggoldfish.com/tournament/38728']
['2022-03-04', 'Pauper Duelos de Honra - Portugal', 'Pauper', '13', 'http://www.mtggoldfish.com/tournament/38833']
['2022-03-03', 'Lega Pauper Romagna - Primavera: Tappa 3', 'Pauper', '8', 'http://www.mtggoldfish.com/tournament/38707']
['2022-03-02', 'Pauper League 2022-03-02', 'Pauper', '21', 'http://www.mtggoldfish.com/tournament/38696']
