Logging to: C:\Users\Chris\Documents\GitHub\Scripts\auxiliary\logs\mtg-goldfish-lists-20260323-170231.log
starting month: 2022-03
https://www.mtggoldfish.com/tournament_searches/create?utf8=%E2%9C%93&tournament_search%5Bname%5D=&tournament_search%5Bformat%5D=legacy&tournament_search%5Bdate_range%5D=03%2F01%2F2022+-+03%2F31%2F2022&commit=Search
['2022-03-31', 'Legacy Preliminary #12404217', 'Legacy', '4', 'http://www.mtggoldfish.com/tournament/39007']
['2022-03-31', 'Legacy Super Qualifier #12404204', 'Legacy', '32', 'http://www.mtggoldfish.com/tournament/39006']
['2022-03-29', 'Legacy Preliminary #12401512', 'Legacy', '5', 'http://www.mtggoldfish.com/tournament/38992']
['2022-03-28', 'Legacy Preliminary #12401500', 'Legacy', '4', 'http://www.mtggoldfish.com/tournament/38985']
['2022-03-27', 'Marchesa 22', 'Legacy', '8', 'http://www.mtggoldfish.com/tournament/39206']
['2022-03-27', 'Legacy Challenge #12401490', 'Legacy', '32', 'http://www.mtggoldfish.com/tournament/38965']
['2022-03-26', 'Paper Legacy Discord Saturday tournament - 3/26/22', 'Legacy', '20', 'http://www.mtggoldfish.com/tournament/38942']
['2022-03-26', '32 / The 32nd Legacy at Home', 'Legacy', '8', 'http://www.mtggoldfish.com/tournament/38946']
['2022-03-26', 'AZMS City Champs @Gamers Guild AZ', 'Legacy', '16', 'http://www.mtggoldfish.com/tournament/38934']
['2022-03-26', 'Big Boy Gaming Legacy Cash Tournament', 'Legacy', '8', 'http://www.mtggoldfish.com/tournament/38933']
['2022-03-26', 'Legacy Challenge #12401482', 'Legacy', '32', 'http://www.mtggoldfish.com/tournament/38955']
['2022-03-26', 'Legacy League 2022-03-26', 'Legacy', '37', 'http://www.mtggoldfish.com/tournament/38938']
['2022-03-25', 'Legacy Preliminary #12401473', 'Legacy', '5', 'http://www.mtggoldfish.com/tournament/38937']
['2022-03-24', 'Legacy Preliminary #12401466', 'Legacy', '6', 'http://www.mtggoldfish.com/tournament/38925']
['2022-03-23', 'London Legacy Monthly 19/03/2022', 'Legacy', '8', 'http://www.mtggoldfish.com/tournament/38903']
['2022-03-22', 'Legacy Preliminary #12399195', 'Legacy', '4', 'http://www.mtggoldfish.com/tournament/38909']
['2022-03-21', 'Legacy Preliminary #12399183', 'Legacy', '5', 'http://www.mtggoldfish.com/tournament/38898']
['2022-03-20', 'SCG CON Indianapolis - Legacy $5K', 'Legacy', '141', 'http://www.mtggoldfish.com/tournament/38892']
['2022-03-20', 'Legacy Challenge #12399173', 'Legacy', '32', 'http://www.mtggoldfish.com/tournament/38884']
['2022-03-19', 'Paper Legacy Discord Saturday tournament - 3/19/22', 'Legacy', '14', 'http://www.mtggoldfish.com/tournament/38864']
['2022-03-19', 'SCG CON Indianapolis - Team $25K', 'Legacy', '1', 'http://www.mtggoldfish.com/tournament/38895']
['2022-03-19', '31 / The 31st Legacy at Home', 'Legacy', '10', 'http://www.mtggoldfish.com/tournament/38845']
['2022-03-19', '2. Fischkrieg Series 2022', 'Legacy', '10', 'http://www.mtggoldfish.com/tournament/38853']
['2022-03-19', 'Legacy Challenge #12399163', 'Legacy', '32', 'http://www.mtggoldfish.com/tournament/38875']
['2022-03-19', 'Legacy League 2022-03-19', 'Legacy', '52', 'http://www.mtggoldfish.com/tournament/38857']
['2022-03-18', 'SCG CON Indianapolis - Friday 4:30PM Team Trial', 'Legacy', '1', 'http://www.mtggoldfish.com/tournament/38847']
['2022-03-18', 'SCG CON Indianapolis - Friday 2:30PM Team Trial', 'Legacy', '1', 'http://www.mtggoldfish.com/tournament/38848']
['2022-03-18', 'SCG CON Indianapolis - Friday 12:30PM Team Trial', 'Legacy', '1', 'http://www.mtggoldfish.com/tournament/38849']
['2022-03-18', 'Legacy Preliminary #12399155', 'Legacy', '3', 'http://www.mtggoldfish.com/tournament/38856']
['2022-03-14', 'Legacy Preliminary #12396409', 'Legacy', '4', 'http://www.mtggoldfish.com/tournament/38818']
['2022-03-13', 'Legacy Challenge #12396399', 'Legacy', '32', 'http://www.mtggoldfish.com/tournament/38809']
['2022-03-12', 'Paper Legacy Discord Saturday tournament - 3/12/22', 'Legacy', '16', 'http://www.mtggoldfish.com/tournament/38798']
['2022-03-12', '30 / The 30th Legacy at Home', 'Legacy', '12', 'http://www.mtggoldfish.com/tournament/38803']
['2022-03-12', 'Legacy Challenge #12396389', 'Legacy', '32', 'http://www.mtggoldfish.com/tournament/38793']
['2022-03-12', 'Legacy League 2022-03-12', 'Legacy', '48', 'http://www.mtggoldfish.com/tournament/38785']
['2022-03-10', 'Legacy Preliminary #12396373', 'Legacy', '4', 'http://www.mtggoldfish.com/tournament/38773']
['2022-03-08', 'Legacy Preliminary #12394258', 'Legacy', '5', 'http://www.mtggoldfish.com/tournament/38758']
['2022-03-07', 'Legacy Preliminary #12394246', 'Legacy', '4', 'http://www.mtggoldfish.com/tournament/38749']
['2022-03-06', 'Legacy Challenge #12394202', 'Legacy', '32', 'http://www.mtggoldfish.com/tournament/38745']
['2022-03-05', 'Paper Legacy Discord Saturday tournament - 3/5/22', 'Legacy', '13', 'http://www.mtggoldfish.com/tournament/38721']
['2022-03-05', '29 / The 29th Legacy at Home', 'Legacy', '9', 'http://www.mtggoldfish.com/tournament/38708']
['2022-03-05', 'Liga Curitibana de Legacy 12ª Etapa @ Curitiba (Brazil', 'Legacy', '16', 'http://www.mtggoldfish.com/tournament/38779']
['2022-03-05', 'Legacy Challenge #12394228', 'Legacy', '32', 'http://www.mtggoldfish.com/tournament/38730']
['2022-03-05', 'Legacy League 2022-03-05', 'Legacy', '50', 'http://www.mtggoldfish.com/tournament/38720']
['2022-03-04', 'Legacy Preliminary #12394219', 'Legacy', '5', 'http://www.mtggoldfish.com/tournament/38719']
['2022-03-03', 'Legacy Preliminary #12394212', 'Legacy', '3', 'http://www.mtggoldfish.com/tournament/38704']
legacy done. 87 decklists saved.
https://www.mtggoldfish.com/tournament_searches/create?utf8=%E2%9C%93&tournament_search%5Bname%5D=&tournament_search%5Bformat%5D=modern&tournament_search%5Bdate_range%5D=03%2F01%2F2022+-+03%2F31%2F2022&commit=Search
['2022-03-31', 'Modern Preliminary #12404215', 'Modern', '12', 'http://www.mtggoldfish.com/tournament/39005']
['2022-03-30', 'Modern Preliminary #12404209', 'Modern', '9', 'http://www.mtggoldfish.com/tournament/38998']
['2022-03-29', 'GMDM Preliminary - Modern Night | Playtime Merate', 'Modern', '8', 'http://www.mtggoldfish.com/tournament/38979']
['2022-03-29', 'Modern League 2022-03-29', 'Modern', '91', 'http://www.mtggoldfish.com/tournament/38981']
['2022-03-28', '10º Torneio - 5ª Liga Arena Guardians', 'Modern', '28', 'http://www.mtggoldfish.com/tournament/38993']
['2022-03-28', 'Geek Fortress $1.4k (Snohomish, WA)', 'Modern', '8', 'http://www.mtggoldfish.com/tournament/38980']
['2022-03-28', 'Modern Preliminary #12401501', 'Modern', '6', 'http://www.mtggoldfish.com/tournament/38984']
['2022-03-28', 'Modern Super Qualifier #12401454', 'Modern', '32', 'http://www.mtggoldfish.com/tournament/38983']
['2022-03-27', 'Modern Challenge #12401489', 'Modern', '32', 'http://www.mtggoldfish.com/tournament/38964']
['2022-03-26', 'Owl Central Games Modern $2K+', 'Modern', '8', 'http://www.mtggoldfish.com/tournament/38978']
['2022-03-26', 'Modern Challenge #12401452', 'Modern', '32', 'http://www.mtggoldfish.com/tournament/38954']
['2022-03-25', 'Modern Preliminary #12401472', 'Modern', '8', 'http://www.mtggoldfish.com/tournament/38936']
['2022-03-25', 'Modern League 2022-03-25', 'Modern', '67', 'http://www.mtggoldfish.com/tournament/38922']
['2022-03-24', 'BigBoyGaming Modern Constructed Cash Tournament', 'Modern', '8', 'http://www.mtggoldfish.com/tournament/38921']
['2022-03-24', 'Collector Legion Modern $1k', 'Modern', '8', 'http://www.mtggoldfish.com/tournament/38920']
['2022-03-24', 'Modern Preliminary #12401464', 'Modern', '10', 'http://www.mtggoldfish.com/tournament/38924']
['2022-03-23', 'Modern Preliminary #12401458', 'Modern', '13', 'http://www.mtggoldfish.com/tournament/38915']
['2022-03-22', 'Modern Preliminary #12399189', 'Modern', '5', 'http://www.mtggoldfish.com/tournament/38908']
['2022-03-22', 'Modern League 2022-03-22', 'Modern', '84', 'http://www.mtggoldfish.com/tournament/38899']
['2022-03-21', '9º Torneio - 5ª Liga Arena Guardians', 'Modern', '32', 'http://www.mtggoldfish.com/tournament/38904']
['2022-03-21', 'Modern Preliminary #12399181', 'Modern', '4', 'http://www.mtggoldfish.com/tournament/38897']
['2022-03-20', 'SCG CON Indianapolis - Modern $5K', 'Modern', '286', 'http://www.mtggoldfish.com/tournament/38894']
['2022-03-20', '3° Tappa - MagicTime Ravenna Modern Championship', 'Modern', '8', 'http://www.mtggoldfish.com/tournament/38902']
['2022-03-20', 'Winter XP 5K 2022', 'Modern', '8', 'http://www.mtggoldfish.com/tournament/38858']
['2022-03-20', 'Modern Challenge #12399171', 'Modern', '32', 'http://www.mtggoldfish.com/tournament/38883']
['2022-03-19', 'Modern Challenge #12399165', 'Modern', '32', 'http://www.mtggoldfish.com/tournament/38874']
['2022-03-18', 'Modern Preliminary #12399159', 'Modern', '5', 'http://www.mtggoldfish.com/tournament/38854']
['2022-03-18', 'Modern League 2022-03-18', 'Modern', '69', 'http://www.mtggoldfish.com/tournament/38837']
['2022-03-17', 'Modern Preliminary #12399146', 'Modern', '7', 'http://www.mtggoldfish.com/tournament/38836']
['2022-03-16', 'Modern Preliminary #12399140', 'Modern', '6', 'http://www.mtggoldfish.com/tournament/38828']
['2022-03-15', 'Modern Preliminary #12396415', 'Modern', '5', 'http://www.mtggoldfish.com/tournament/38823']
['2022-03-15', 'Modern League 2022-03-15', 'Modern', '90', 'http://www.mtggoldfish.com/tournament/38819']
['2022-03-14', '8º Torneio - 5ª Liga Arena Guardians', 'Modern', '32', 'http://www.mtggoldfish.com/tournament/38826']
['2022-03-14', 'Modern 1K | The Mythic Store // La Boutique Mythique - Quebec City', 'Modern', '8', 'http://www.mtggoldfish.com/tournament/38815']
['2022-03-14', 'Modern Preliminary #12396407', 'Modern', '6', 'http://www.mtggoldfish.com/tournament/38817']
['2022-03-13', 'Modern Super Qualifier #12396363', 'Modern', '32', 'http://www.mtggoldfish.com/tournament/38808']
['2022-03-12', 'Modern Challenge #12396391', 'Modern', '32', 'http://www.mtggoldfish.com/tournament/38792']
['2022-03-11', 'Modern Preliminary #12396385', 'Modern', '8', 'http://www.mtggoldfish.com/tournament/38784']
['2022-03-11', 'Modern League 2022-03-11', 'Modern', '74', 'http://www.mtggoldfish.com/tournament/38775']
['2022-03-10', 'Modern Preliminary #12396368', 'Modern', '4', 'http://www.mtggoldfish.com/tournament/38774']
['2022-03-09', 'Modern Preliminary #12396365', 'Modern', '5', 'http://www.mtggoldfish.com/tournament/38765']
['2022-03-08', 'Modern Preliminary #12394252', 'Modern', '5', 'http://www.mtggoldfish.com/tournament/38757']
['2022-03-08', 'Modern League 2022-03-08', 'Modern', '72', 'http://www.mtggoldfish.com/tournament/38750']
['2022-03-07', '7º Torneio - 5ª Liga Arena Guardians', 'Modern', '33', 'http://www.mtggoldfish.com/tournament/38763']
['2022-03-07', 'Modern Preliminary #12394244', 'Modern', '7', 'http://www.mtggoldfish.com/tournament/38748']
['2022-03-06', 'NRG Series $5,000 Trial - Chicagoland (Modern)', 'Modern', '209', 'http://www.mtggoldfish.com/tournament/38735']
['2022-03-06', '2° Tappa - MagicTime Ravenna Modern Championship', 'Modern', '8', 'http://www.mtggoldfish.com/tournament/38747']
['2022-03-06', 'Modern Challenge #12394235', 'Modern', '32', 'http://www.mtggoldfish.com/tournament/38744']
['2022-03-05', 'Modern Challenge #12394230', 'Modern', '32', 'http://www.mtggoldfish.com/tournament/38729']
['2022-03-04', 'Modern Preliminary #12394224', 'Modern', '5', 'http://www.mtggoldfish.com/tournament/38718']
['2022-03-04', 'Modern League 2022-03-04', 'Modern', '57', 'http://www.mtggoldfish.com/tournament/38706']
['2022-03-03', 'Modern Preliminary #12394210', 'Modern', '4', 'http://www.mtggoldfish.com/tournament/38705']
['2022-03-02', 'Torneio 4fun  - 4 Rodadas - NÃO VALE PONTO PRA LIGA', 'Modern', '12', 'http://www.mtggoldfish.com/tournament/38703']
['2022-03-01', "White Knight's Game Room 2K", 'Modern', '8', 'http://www.mtggoldfish.com/tournament/38694']
['2022-03-01', 'Modern League 2022-03-01', 'Modern', '67', 'http://www.mtggoldfish.com/tournament/38692']
modern done. 144 decklists saved.
https://www.mtggoldfish.com/tournament_searches/create?utf8=%E2%9C%93&tournament_search%5Bname%5D=&tournament_search%5Bformat%5D=pauper&tournament_search%5Bdate_range%5D=03%2F01%2F2022+-+03%2F31%2F2022&commit=Search
['2022-03-31', 'LEGA PAUPER ROMAGNA - PRIMAVERA: TAPPA 7', 'Pauper', '8', 'http://www.mtggoldfish.com/tournament/39077']
['2022-03-30', 'Pauper League 2022-03-30', 'Pauper', '28', 'http://www.mtggoldfish.com/tournament/38990']
['2022-03-28', 'FUGUETE CHAMP 74', 'Pauper', '8', 'http://www.mtggoldfish.com/tournament/38994']
['2022-03-27', 'Pauper Challenge #12401491', 'Pauper', '32', 'http://www.mtggoldfish.com/tournament/38963']
['2022-03-26', 'LPO "Pauper HERO"', 'Pauper', '8', 'http://www.mtggoldfish.com/tournament/38940']
['2022-03-26', 'Pauper Challenge #12401481', 'Pauper', '32', 'http://www.mtggoldfish.com/tournament/38953']
['2022-03-25', 'Pauper Duelos de Honra - Portugal', 'Pauper', '13', 'http://www.mtggoldfish.com/tournament/39230']
['2022-03-24', 'Lega Pauper Romagna - Primavera: Tappa 6', 'Pauper', '8', 'http://www.mtggoldfish.com/tournament/38957']
['2022-03-23', 'Pauper League 2022-03-23', 'Pauper', '33', 'http://www.mtggoldfish.com/tournament/38910']
['2022-03-21', 'FUGUETE CHAMP 73', 'Pauper', '8', 'http://www.mtggoldfish.com/tournament/38896']
['2022-03-20', 'Torneo Pauper Metaformo I', 'Pauper', '8', 'http://www.mtggoldfish.com/tournament/39068']
['2022-03-20', 'Pauper Challenge #12399174', 'Pauper', '32', 'http://www.mtggoldfish.com/tournament/38882']
['2022-03-19', 'Pauper Challenge #12399162', 'Pauper', '32', 'http://www.mtggoldfish.com/tournament/38873']
['2022-03-19', 'Pauper Super Qualifier #12399137', 'Pauper', '32', 'http://www.mtggoldfish.com/tournament/38872']
['2022-03-18', 'Pauper Duelos de Honra - Portugal', 'Pauper', '16', 'http://www.mtggoldfish.com/tournament/39229']
['2022-03-17', 'Lega Pauper Romagna - Primavera: Tappa 5', 'Pauper', '8', 'http://www.mtggoldfish.com/tournament/38877']
['2022-03-16', 'Pauper League 2022-03-16', 'Pauper', '35', 'http://www.mtggoldfish.com/tournament/38824']
['2022-03-13', 'Pauper Challenge #12396400', 'Pauper', '32', 'http://www.mtggoldfish.com/tournament/38807']
['2022-03-12', 'Pauper Challenge #12396388', 'Pauper', '32', 'http://www.mtggoldfish.com/tournament/38791']
['2022-03-11', 'Magic Online Society Pauper FNM', 'Pauper', '10', 'http://www.mtggoldfish.com/tournament/38782']
['2022-03-11', 'Pauper Duelos de Honra - Portugal', 'Pauper', '16', 'http://www.mtggoldfish.com/tournament/39228']
['2022-03-11', 'Pauper Duelos de Honra - Portugal', 'Pauper', '14', 'http://www.mtggoldfish.com/tournament/38834']
['2022-03-10', 'Lega Pauper Romagna - Primavera: Tappa 4', 'Pauper', '8', 'http://www.mtggoldfish.com/tournament/38786']
['2022-03-09', 'Pauper League 2022-03-09', 'Pauper', '35', 'http://www.mtggoldfish.com/tournament/38759']
['2022-03-07', 'Sprint Wheel Event - Pauper MTGO', 'Pauper', '15', 'http://www.mtggoldfish.com/tournament/38752']
['2022-03-07', 'FUGUETE CHAMP 71', 'Pauper', '8', 'http://www.mtggoldfish.com/tournament/38756']
['2022-03-06', 'Pauper Challenge #12394237', 'Pauper', '32', 'http://www.mtggoldfish.com/tournament/38743']
['2022-03-05', 'Desafio PAUPER - 01', 'Pauper', '8', 'http://www.mtggoldfish.com/tournament/38746']
['2022-03-05', 'Pauper Challenge #12394227', 'Pauper', '32', 'http://www.mtggoldfish.com/tournament/38728']
['2022-03-04', 'Pauper Duelos de Honra - Portugal', 'Pauper', '13', 'http://www.mtggoldfish.com/tournament/38833']
['2022-03-03', 'Lega Pauper Romagna - Primavera: Tappa 3', 'Pauper', '8', 'http://www.mtggoldfish.com/tournament/38707']
['2022-03-02', 'Pauper League 2022-03-02', 'Pauper', '21', 'http://www.mtggoldfish.com/tournament/38696']
pauper done. 62 decklists saved.
https://www.mtggoldfish.com/tournament_searches/create?utf8=%E2%9C%93&tournament_search%5Bname%5D=&tournament_search%5Bformat%5D=pioneer&tournament_search%5Bdate_range%5D=03%2F01%2F2022+-+03%2F31%2F2022&commit=Search
['2022-03-31', 'Pioneer Preliminary #12404220', 'Pioneer', '5', 'http://www.mtggoldfish.com/tournament/39004']
['2022-03-31', 'Pioneer League 2022-03-31', 'Pioneer', '18', 'http://www.mtggoldfish.com/tournament/38995']
['2022-03-30', 'Pioneer Super Qualifier #12401455', 'Pioneer', '32', 'http://www.mtggoldfish.com/tournament/38997']
['2022-03-29', 'Pioneer Preliminary #12401507', 'Pioneer', '5', 'http://www.mtggoldfish.com/tournament/38991']
['2022-03-28', 'Pioneer Preliminary #12401503', 'Pioneer', '4', 'http://www.mtggoldfish.com/tournament/38982']
['2022-03-28', 'Pioneer League 2022-03-28', 'Pioneer', '27', 'http://www.mtggoldfish.com/tournament/38959']
['2022-03-27', 'Pioneer Challenge #12401453', 'Pioneer', '32', 'http://www.mtggoldfish.com/tournament/38962']
['2022-03-26', 'Pioneer Challenge #12401486', 'Pioneer', '32', 'http://www.mtggoldfish.com/tournament/38952']
['2022-03-25', 'Pioneer Preliminary #12401476', 'Pioneer', '7', 'http://www.mtggoldfish.com/tournament/38935']
['2022-03-24', 'Pioneer Preliminary #12401469', 'Pioneer', '4', 'http://www.mtggoldfish.com/tournament/38923']
['2022-03-24', 'Pioneer League 2022-03-24', 'Pioneer', '22', 'http://www.mtggoldfish.com/tournament/38917']
['2022-03-23', 'Pioneer Preliminary #12401457', 'Pioneer', '6', 'http://www.mtggoldfish.com/tournament/38914']
['2022-03-22', 'Pioneer Preliminary #12399190', 'Pioneer', '5', 'http://www.mtggoldfish.com/tournament/38907']
['2022-03-21', 'Pioneer League 2022-03-21', 'Pioneer', '26', 'http://www.mtggoldfish.com/tournament/38886']
['2022-03-20', 'SCG CON Indianapolis - Pioneer $5K', 'Pioneer', '107', 'http://www.mtggoldfish.com/tournament/38893']
['2022-03-20', 'Magic Lair Pioneer Open', 'Pioneer', '8', 'http://www.mtggoldfish.com/tournament/38912']
['2022-03-20', 'Pioneer Challenge #12399172', 'Pioneer', '32', 'http://www.mtggoldfish.com/tournament/38881']
['2022-03-19', 'Pioneer Challenge #12399168', 'Pioneer', '32', 'http://www.mtggoldfish.com/tournament/38871']
['2022-03-18', 'Pioneer Premier #12399136', 'Pioneer', '16', 'http://www.mtggoldfish.com/tournament/38855']
['2022-03-17', 'Pioneer Preliminary #12399144', 'Pioneer', '4', 'http://www.mtggoldfish.com/tournament/38835']
['2022-03-17', 'Pioneer League 2022-03-17', 'Pioneer', '24', 'http://www.mtggoldfish.com/tournament/38830']
['2022-03-16', 'Pioneer Preliminary #12399139', 'Pioneer', '4', 'http://www.mtggoldfish.com/tournament/38827']
['2022-03-14', 'Pioneer Preliminary #12396412', 'Pioneer', '5', 'http://www.mtggoldfish.com/tournament/38816']
['2022-03-14', 'Pioneer League 2022-03-14', 'Pioneer', '27', 'http://www.mtggoldfish.com/tournament/38811']
['2022-03-13', 'Pioneer Challenge #12396398', 'Pioneer', '32', 'http://www.mtggoldfish.com/tournament/38806']
['2022-03-12', 'Pioneer Challenge #12396394', 'Pioneer', '32', 'http://www.mtggoldfish.com/tournament/38790']
['2022-03-11', 'Pioneer Preliminary #12396383', 'Pioneer', '4', 'http://www.mtggoldfish.com/tournament/38783']
['2022-03-10', 'Pioneer League 2022-03-10', 'Pioneer', '23', 'http://www.mtggoldfish.com/tournament/38767']
['2022-03-07', 'Pioneer League 2022-03-07', 'Pioneer', '27', 'http://www.mtggoldfish.com/tournament/38739']
['2022-03-06', 'Pioneer Challenge #12394236', 'Pioneer', '32', 'http://www.mtggoldfish.com/tournament/38742']
['2022-03-05', 'CMC Pioneer 5', 'Pioneer', '8', 'http://www.mtggoldfish.com/tournament/38764']
['2022-03-05', 'Pioneer Challenge #12394232', 'Pioneer', '32', 'http://www.mtggoldfish.com/tournament/38727']
['2022-03-04', 'Pioneer Preliminary #12394222', 'Pioneer', '4', 'http://www.mtggoldfish.com/tournament/38717']
['2022-03-03', 'Pioneer League 2022-03-03', 'Pioneer', '33', 'http://www.mtggoldfish.com/tournament/38701']
pioneer done. 53 decklists saved.
https://www.mtggoldfish.com/tournament_searches/create?utf8=%E2%9C%93&tournament_search%5Bname%5D=&tournament_search%5Bformat%5D=premodern&tournament_search%5Bdate_range%5D=03%2F01%2F2022+-+03%2F31%2F2022&commit=Search
['2022-03-31', 'Premodern Online Monthly (March 2022)', 'Premodern', '16', 'http://www.mtggoldfish.com/tournament/39643']
['2022-03-31', 'March Premodern Online Monthly', 'Premodern', '8', 'http://www.mtggoldfish.com/tournament/39293']
premodern done. 8 decklists saved.
https://www.mtggoldfish.com/tournament_searches/create?utf8=%E2%9C%93&tournament_search%5Bname%5D=&tournament_search%5Bformat%5D=standard&tournament_search%5Bdate_range%5D=03%2F01%2F2022+-+03%2F31%2F2022&commit=Search
['2022-03-31', 'Standard League 2022-03-31', 'Standard', '14', 'http://www.mtggoldfish.com/tournament/38999']
['2022-03-30', 'MMA Ma Melee Arena Standard Mars#9', 'Standard', '27', 'http://www.mtggoldfish.com/tournament/39000']
['2022-03-29', "The Lotus Lookout's Standard 100% CASH Payout Weekly", 'Standard', '12', 'http://www.mtggoldfish.com/tournament/39001']
['2022-03-28', "The Lotus Lookout's Standard 100% CASH Payout Weekly", 'Standard', '11', 'http://www.mtggoldfish.com/tournament/38987']
['2022-03-28', 'Traditional Standard Ranked Decklists: March 28, 2022', 'Standard', '22', 'http://www.mtggoldfish.com/tournament/38989']
['2022-03-28', 'Standard League 2022-03-28', 'Standard', '13', 'http://www.mtggoldfish.com/tournament/38958']
['2022-03-27', 'MMA Ma Melee Arena Standard Mars#8', 'Standard', '29', 'http://www.mtggoldfish.com/tournament/38966']
['2022-03-27', 'The Pizza Box: Standard Slice', 'Standard', '62', 'http://www.mtggoldfish.com/tournament/38969']
['2022-03-27', 'Best Of 3 Cup Preliminary', 'Standard', '11', 'http://www.mtggoldfish.com/tournament/38968']
['2022-03-27', 'Stream League 10', 'Standard', '26', 'http://www.mtggoldfish.com/tournament/38970']
['2022-03-27', 'MMA 500$ Open Stop 3 Standard- With Qualifier Invites Sponsored by Metafy', 'Standard', '30', 'http://www.mtggoldfish.com/tournament/38972']
['2022-03-27', 'SNC CHAMPIONSHIP QUALIFIERS by 5CH LATAM SERIES', 'Standard', '134', 'http://www.mtggoldfish.com/tournament/38971']
['2022-03-27', 'Standard Challenge #12401493', 'Standard', '32', 'http://www.mtggoldfish.com/tournament/38961']
['2022-03-26', 'DotGG Season Finals', 'Standard', '8', 'http://www.mtggoldfish.com/tournament/38973']
['2022-03-26', 'Degen Open - Sponsored by Ultra Pro', 'Standard', '41', 'http://www.mtggoldfish.com/tournament/38944']
['2022-03-26', '$1,000 CASH GGtoor M:TG Arena Cup#3 (Set Championship Qualifier!)', 'Standard', '166', 'http://www.mtggoldfish.com/tournament/38945']
['2022-03-26', 'SLAM DUNK AX CUP 2------Supported by P9 card game', 'Standard', '27', 'http://www.mtggoldfish.com/tournament/38931']
['2022-03-26', 'Standard Challenge #12401483', 'Standard', '32', 'http://www.mtggoldfish.com/tournament/38951']
['2022-03-25', 'MTG Arena Zone Championship Series 1K (Standard)', 'Standard', '24', 'http://www.mtggoldfish.com/tournament/38932']
['2022-03-24', "The Lotus Lookout's Standard $100 CASH Payout Weekly", 'Standard', '11', 'http://www.mtggoldfish.com/tournament/38926']
['2022-03-24', 'Standard League 2022-03-24', 'Standard', '16', 'http://www.mtggoldfish.com/tournament/38916']
['2022-03-23', 'MMA Ma Melee Arena Standard Mars#7', 'Standard', '34', 'http://www.mtggoldfish.com/tournament/38918']
['2022-03-22', "The Lotus Lookout's Standard $100 CASH Payout Weekly", 'Standard', '8', 'http://www.mtggoldfish.com/tournament/38919']
['2022-03-21', "The Lotus Lookout's Standard $100 CASH Payout Weekly", 'Standard', '14', 'http://www.mtggoldfish.com/tournament/38900']
['2022-03-21', 'Traditional Standard Ranked Decklists: March 21, 2022', 'Standard', '17', 'http://www.mtggoldfish.com/tournament/38901']
['2022-03-21', 'Standard League 2022-03-21', 'Standard', '13', 'http://www.mtggoldfish.com/tournament/38885']
['2022-03-20', 'MMA Ma Melee Arena Standard Mars#6', 'Standard', '24', 'http://www.mtggoldfish.com/tournament/38887']
['2022-03-20', 'Día de la Comunidad Movistar GameClub by Five Color Hub', 'Standard', '12', 'http://www.mtggoldfish.com/tournament/38888']
['2022-03-20', '$200 Open with Qualifier Weekend Invites', 'Standard', '21', 'http://www.mtggoldfish.com/tournament/38891']
['2022-03-20', 'Standard Challenge #12399176', 'Standard', '32', 'http://www.mtggoldfish.com/tournament/38880']
['2022-03-19', '$200 Open with Qualifier Weekend Invites', 'Standard', '17', 'http://www.mtggoldfish.com/tournament/38862']
['2022-03-19', 'Saturday STANDARD Magic', 'Standard', '24', 'http://www.mtggoldfish.com/tournament/38865']
['2022-03-19', '$600 Cash GGtoor M:TG Arena Duel #9 (FREE!)', 'Standard', '156', 'http://www.mtggoldfish.com/tournament/38867']
['2022-03-19', 'Community Turnier 1/2022', 'Standard', '55', 'http://www.mtggoldfish.com/tournament/38868']
['2022-03-19', 'Standard Challenge #12399164', 'Standard', '32', 'http://www.mtggoldfish.com/tournament/38870']
['2022-03-18', 'Standard Arena Open Weekend Qualifier #2', 'Standard', '13', 'http://www.mtggoldfish.com/tournament/38838']
['2022-03-18', "The Lotus Lookout's Standard $100 CASH Payout Weekly", 'Standard', '10', 'http://www.mtggoldfish.com/tournament/38839']
['2022-03-17', 'Standard League 2022-03-17', 'Standard', '10', 'http://www.mtggoldfish.com/tournament/38829']
['2022-03-16', 'MMA Ma Melee Arena Standard Mars#5', 'Standard', '27', 'http://www.mtggoldfish.com/tournament/38831']
['2022-03-16', "The Lotus Lookout's Standard $100 CASH Payout Weekly", 'Standard', '16', 'http://www.mtggoldfish.com/tournament/38825']
['2022-03-15', 'SLAM DUNK AX CUP', 'Standard', '18', 'http://www.mtggoldfish.com/tournament/38850']
['2022-03-15', "The Lotus Lookout's Standard $100 CASH Payout Weekly", 'Standard', '8', 'http://www.mtggoldfish.com/tournament/38820']
['2022-03-14', 'Traditional Standard Ranked Decklists: March 14, 2022', 'Standard', '16', 'http://www.mtggoldfish.com/tournament/38822']
['2022-03-14', 'Standard League 2022-03-14', 'Standard', '10', 'http://www.mtggoldfish.com/tournament/38810']
['2022-03-13', 'MMA Ma Melee Arena Standard Mars#4', 'Standard', '21', 'http://www.mtggoldfish.com/tournament/38812']
['2022-03-13', 'Standard $100 CASH Payout Weekly', 'Standard', '11', 'http://www.mtggoldfish.com/tournament/38795']
['2022-03-13', 'Standard Challenge #12396402', 'Standard', '32', 'http://www.mtggoldfish.com/tournament/38805']
['2022-03-12', 'Saturday STANDARD Magic', 'Standard', '25', 'http://www.mtggoldfish.com/tournament/38799']
['2022-03-12', 'MTG Arena Zone Premium Tournament Trial (Standard)', 'Standard', '17', 'http://www.mtggoldfish.com/tournament/38800']
['2022-03-12', 'Standard $100 CASH Payout Weekly', 'Standard', '12', 'http://www.mtggoldfish.com/tournament/38781']
['2022-03-12', 'Standard Challenge #12396390', 'Standard', '32', 'http://www.mtggoldfish.com/tournament/38789']
['2022-03-11', 'Standard $100 CASH Payout Weekly', 'Standard', '15', 'http://www.mtggoldfish.com/tournament/38777']
['2022-03-10', 'Standard League 2022-03-10', 'Standard', '11', 'http://www.mtggoldfish.com/tournament/38766']
['2022-03-09', 'MMA Ma Melee Arena Standard Mars#3', 'Standard', '28', 'http://www.mtggoldfish.com/tournament/38768']
['2022-03-09', "The Lotus Lookout's Standard $100 CASH Payout Weekly", 'Standard', '16', 'http://www.mtggoldfish.com/tournament/38762']
['2022-03-08', "The Lotus Lookout's Standard $100 CASH Payout Weekly", 'Standard', '22', 'http://www.mtggoldfish.com/tournament/38751']
['2022-03-07', 'Traditional Standard Ranked Decklists: March 7, 2022', 'Standard', '15', 'http://www.mtggoldfish.com/tournament/38754']
['2022-03-07', 'Standard League 2022-03-07', 'Standard', '12', 'http://www.mtggoldfish.com/tournament/38738']
['2022-03-06', 'MMA Ma Melee Arena Standard Mars#2', 'Standard', '28', 'http://www.mtggoldfish.com/tournament/38733']
['2022-03-06', 'Stream League 9', 'Standard', '32', 'http://www.mtggoldfish.com/tournament/38736']
['2022-03-06', "The Lotus Lookout's Standard $100 CASH Payout Weekly", 'Standard', '11', 'http://www.mtggoldfish.com/tournament/38753']
['2022-03-06', 'Standard Challenge #12394239', 'Standard', '32', 'http://www.mtggoldfish.com/tournament/38741']
['2022-03-05', '$500 Cash GGtoor M:TG Arena Duel #8 (FREE!)', 'Standard', '170', 'http://www.mtggoldfish.com/tournament/38723']
['2022-03-05', 'Standard $100 CASH Payout Weekly', 'Standard', '6', 'http://www.mtggoldfish.com/tournament/38710']
['2022-03-05', 'Standard Challenge #12394229', 'Standard', '32', 'http://www.mtggoldfish.com/tournament/38726']
['2022-03-04', 'MTG Arena Zone Championship Series 1K (Standard)', 'Standard', '15', 'http://www.mtggoldfish.com/tournament/38711']
['2022-03-04', 'The lotus Lookout Standard $100 CASH Payout Weekly', 'Standard', '12', 'http://www.mtggoldfish.com/tournament/38702']
['2022-03-03', 'Standard League 2022-03-03', 'Standard', '12', 'http://www.mtggoldfish.com/tournament/38700']
['2022-03-02', 'MMA Ma Melee Arena Standard Mars#1', 'Standard', '28', 'http://www.mtggoldfish.com/tournament/38698']
standard done. 105 decklists saved.
https://www.mtggoldfish.com/tournament_searches/create?utf8=%E2%9C%93&tournament_search%5Bname%5D=&tournament_search%5Bformat%5D=vintage&tournament_search%5Bdate_range%5D=03%2F01%2F2022+-+03%2F31%2F2022&commit=Search
['2022-03-30', 'Vintage Preliminary #12404211', 'Vintage', '4', 'http://www.mtggoldfish.com/tournament/38996']
['2022-03-27', 'Vintage Challenge #12401488', 'Vintage', '32', 'http://www.mtggoldfish.com/tournament/38960']
['2022-03-27', 'Vintage League 2022-03-27', 'Vintage', '15', 'http://www.mtggoldfish.com/tournament/38956']
['2022-03-26', 'Vintage Challenge #12401484', 'Vintage', '32', 'http://www.mtggoldfish.com/tournament/38950']
['2022-03-20', 'Vintage Challenge #12399170', 'Vintage', '32', 'http://www.mtggoldfish.com/tournament/38879']
['2022-03-20', 'Vintage League 2022-03-20', 'Vintage', '17', 'http://www.mtggoldfish.com/tournament/38876']
['2022-03-19', 'Vintage Challenge #12399166', 'Vintage', '32', 'http://www.mtggoldfish.com/tournament/38869']
['2022-03-13', 'Vintage Challenge #12396396', 'Vintage', '32', 'http://www.mtggoldfish.com/tournament/38804']
['2022-03-13', 'Vintage League 2022-03-13', 'Vintage', '16', 'http://www.mtggoldfish.com/tournament/38794']
['2022-03-12', 'Vintage Challenge #12396392', 'Vintage', '32', 'http://www.mtggoldfish.com/tournament/38788']
['2022-03-06', 'Vintage Challenge #12394234', 'Vintage', '32', 'http://www.mtggoldfish.com/tournament/38740']
['2022-03-06', 'Vintage League 2022-03-06', 'Vintage', '13', 'http://www.mtggoldfish.com/tournament/38731']
['2022-03-05', 'Vintage Challenge #12394201', 'Vintage', '32', 'http://www.mtggoldfish.com/tournament/38725']
['2022-03-04', 'Vintage Preliminary #12394221', 'Vintage', '5', 'http://www.mtggoldfish.com/tournament/38716']
['2022-03-02', 'Vintage Preliminary #12394206', 'Vintage', '4', 'http://www.mtggoldfish.com/tournament/38699']
vintage done. 27 decklists saved.
2022-03 done.
starting month: 2022-04
https://www.mtggoldfish.com/tournament_searches/create?utf8=%E2%9C%93&tournament_search%5Bname%5D=&tournament_search%5Bformat%5D=legacy&tournament_search%5Bdate_range%5D=04%2F01%2F2022+-+04%2F30%2F2022&commit=Search
['2022-04-30', 'Legacy Challenge #12414715', 'Legacy', '32', 'http://www.mtggoldfish.com/tournament/39311']
['2022-04-30', 'Legacy League 2022-04-30', 'Legacy', '21', 'http://www.mtggoldfish.com/tournament/39296']
['2022-04-29', 'SCG CON Pittsburgh - Legacy $5K (Friday)', 'Legacy', '110', 'http://www.mtggoldfish.com/tournament/39304']
['2022-04-27', 'Legacy Preliminary #12412198', 'Legacy', '4', 'http://www.mtggoldfish.com/tournament/39284']
['2022-04-24', 'Arcanis Deluxe Super Legacy April 2022', 'Legacy', '8', 'http://www.mtggoldfish.com/tournament/39271']
['2022-04-24', '3. Fischkrieg Series 2022', 'Legacy', '8', 'http://www.mtggoldfish.com/tournament/39243']
['2022-04-24', 'Legacy Challenge #12412174', 'Legacy', '32', 'http://www.mtggoldfish.com/tournament/39258']
['2022-04-23', 'Paper Legacy Discord Saturday tournament - 4/23/22', 'Legacy', '11', 'http://www.mtggoldfish.com/tournament/39240']
['2022-04-23', '34 / The 34th Legacy at Home', 'Legacy', '9', 'http://www.mtggoldfish.com/tournament/39233']
['2022-04-23', 'Legacy Challenge #12412164', 'Legacy', '32', 'http://www.mtggoldfish.com/tournament/39250']
['2022-04-23', 'Legacy League 2022-04-23', 'Legacy', '55', 'http://www.mtggoldfish.com/tournament/39237']
['2022-04-18', 'Legacy Preliminary #12409684', 'Legacy', '7', 'http://www.mtggoldfish.com/tournament/39202']
['2022-04-17', 'London Legacy Monthly 16/04/2022', 'Legacy', '8', 'http://www.mtggoldfish.com/tournament/39177']
['2022-04-17', 'Legacy Challenge #12409674', 'Legacy', '32', 'http://www.mtggoldfish.com/tournament/39190']
['2022-04-16', 'Paper Legacy Discord Saturday tournament - 4/16/22', 'Legacy', '10', 'http://www.mtggoldfish.com/tournament/39173']
['2022-04-16', '33 / The 33rd Legacy at Home', 'Legacy', '8', 'http://www.mtggoldfish.com/tournament/39176']
['2022-04-16', 'Legacy Challenge #12409664', 'Legacy', '32', 'http://www.mtggoldfish.com/tournament/39183']
['2022-04-16', 'Legacy League 2022-04-16', 'Legacy', '56', 'http://www.mtggoldfish.com/tournament/39169']
['2022-04-15', 'Legacy Preliminary #12409655', 'Legacy', '3', 'http://www.mtggoldfish.com/tournament/39168']
['2022-04-14', 'Legacy Preliminary #12409648', 'Legacy', '5', 'http://www.mtggoldfish.com/tournament/39159']
['2022-04-12', 'Legacy Preliminary #12407158', 'Legacy', '6', 'http://www.mtggoldfish.com/tournament/39145']
['2022-04-10', 'Legacy Challenge #12407136', 'Legacy', '32', 'http://www.mtggoldfish.com/tournament/39123']
['2022-04-09', 'Paper Legacy Discord Saturday tournament - 4/9/22', 'Legacy', '8', 'http://www.mtggoldfish.com/tournament/39102']
['2022-04-09', 'Buffalo Chicken Dip Legacy 8', 'Legacy', '63', 'http://www.mtggoldfish.com/tournament/39101']
['2022-04-09', 'Legacy Challenge #12407126', 'Legacy', '32', 'http://www.mtggoldfish.com/tournament/39116']
['2022-04-09', 'Legacy League 2022-04-09', 'Legacy', '46', 'http://www.mtggoldfish.com/tournament/39097']
['2022-04-08', 'Legacy Preliminary #12407117', 'Legacy', '3', 'http://www.mtggoldfish.com/tournament/39096']
['2022-04-07', 'Legacy Preliminary #12407110', 'Legacy', '4', 'http://www.mtggoldfish.com/tournament/39087']
['2022-04-06', 'Legacy Preliminary #12404265', 'Legacy', '10', 'http://www.mtggoldfish.com/tournament/39079']
['2022-04-05', 'Legacy Preliminary #12404263', 'Legacy', '17', 'http://www.mtggoldfish.com/tournament/39070']
['2022-04-04', 'Legacy Preliminary #12404251', 'Legacy', '12', 'http://www.mtggoldfish.com/tournament/39058']
['2022-04-03', 'NRG Series $5,000 Trial - Fort Wayne (Legacy)', 'Legacy', '115', 'http://www.mtggoldfish.com/tournament/39063']
['2022-04-03', 'Legacy Challenge #12404207', 'Legacy', '32', 'http://www.mtggoldfish.com/tournament/39043']
['2022-04-02', 'Paper Legacy Discord Saturday tournament - 4/2/22', 'Legacy', '14', 'http://www.mtggoldfish.com/tournament/39026']
['2022-04-02', 'Legacy Challenge #12404233', 'Legacy', '32', 'http://www.mtggoldfish.com/tournament/39039']
['2022-04-02', 'Legacy League 2022-04-02', 'Legacy', '51', 'http://www.mtggoldfish.com/tournament/39024']
['2022-04-01', 'Legacy Preliminary #12404224', 'Legacy', '4', 'http://www.mtggoldfish.com/tournament/39023']
legacy done. 105 decklists saved.
https://www.mtggoldfish.com/tournament_searches/create?utf8=%E2%9C%93&tournament_search%5Bname%5D=&tournament_search%5Bformat%5D=modern&tournament_search%5Bdate_range%5D=04%2F01%2F2022+-+04%2F30%2F2022&commit=Search
['2022-04-30', 'Modern $1k @ Collector Legion', 'Modern', '8', 'http://www.mtggoldfish.com/tournament/39355']
['2022-04-30', '4/30 Modern 1k @ Legends Sports and Games', 'Modern', '3', 'http://www.mtggoldfish.com/tournament/39346']
['2022-04-30', 'Modern Challenge #12414717', 'Modern', '32', 'http://www.mtggoldfish.com/tournament/39310']
['2022-04-29', 'SCG CON Pittsburgh - Modern $5K (Friday)', 'Modern', '224', 'http://www.mtggoldfish.com/tournament/39305']
['2022-04-29', 'Modern Preliminary #12414711', 'Modern', '4', 'http://www.mtggoldfish.com/tournament/39295']
['2022-04-29', 'Modern League 2022-04-29', 'Modern', '21', 'http://www.mtggoldfish.com/tournament/39289']
['2022-04-28', 'Modern Preliminary #12414697', 'Modern', '5', 'http://www.mtggoldfish.com/tournament/39288']
['2022-04-27', 'Modern Preliminary #12414642', 'Modern', '10', 'http://www.mtggoldfish.com/tournament/39283']
['2022-04-26', 'Modern League 2022-04-26', 'Modern', '66', 'http://www.mtggoldfish.com/tournament/39270']
['2022-04-25', 'Modern Preliminary #12412182', 'Modern', '7', 'http://www.mtggoldfish.com/tournament/39269']
['2022-04-24', 'Modern Challenge #12412172', 'Modern', '32', 'http://www.mtggoldfish.com/tournament/39257']
['2022-04-23', 'Modern Challenge #12412166', 'Modern', '32', 'http://www.mtggoldfish.com/tournament/39249']
['2022-04-22', 'Modern Preliminary #12412154', 'Modern', '4', 'http://www.mtggoldfish.com/tournament/39236']
['2022-04-22', 'Modern League 2022-04-22', 'Modern', '53', 'http://www.mtggoldfish.com/tournament/39225']
['2022-04-21', 'Modern Preliminary #12412146', 'Modern', '6', 'http://www.mtggoldfish.com/tournament/39224']
['2022-04-20', 'Mateos Modern Monday Easter Special Top 8 - Berlin', 'Modern', '8', 'http://www.mtggoldfish.com/tournament/39207']
['2022-04-20', 'Modern Preliminary #12412140', 'Modern', '5', 'http://www.mtggoldfish.com/tournament/39212']
['2022-04-19', '5° Tappa - MagicTime Ravenna Modern Championship', 'Modern', '8', 'http://www.mtggoldfish.com/tournament/39199']
['2022-04-19', 'Modern Preliminary #12409690', 'Modern', '4', 'http://www.mtggoldfish.com/tournament/39208']
['2022-04-19', 'Modern League 2022-04-19', 'Modern', '69', 'http://www.mtggoldfish.com/tournament/39203']
['2022-04-18', "Next Level the Gamer's Den $1k (Graham, WA)", 'Modern', '8', 'http://www.mtggoldfish.com/tournament/39198']
['2022-04-18', 'Modern Preliminary #12409682', 'Modern', '6', 'http://www.mtggoldfish.com/tournament/39201']
['2022-04-17', 'Modern Challenge #12409672', 'Modern', '32', 'http://www.mtggoldfish.com/tournament/39189']
['2022-04-16', 'Rodada I', 'Modern', '8', 'http://www.mtggoldfish.com/tournament/39216']
['2022-04-16', 'Modern Challenge #12409666', 'Modern', '32', 'http://www.mtggoldfish.com/tournament/39182']
['2022-04-15', 'Modern Preliminary #12409654', 'Modern', '3', 'http://www.mtggoldfish.com/tournament/39167']
['2022-04-15', 'Modern League 2022-04-15', 'Modern', '59', 'http://www.mtggoldfish.com/tournament/39160']
['2022-04-14', 'Modern Preliminary #12409646', 'Modern', '9', 'http://www.mtggoldfish.com/tournament/39158']
['2022-04-13', "Mateo's Modern Monday #2 - Top 16", 'Modern', '16', 'http://www.mtggoldfish.com/tournament/39142']
['2022-04-13', 'Modern Preliminary #12409640', 'Modern', '5', 'http://www.mtggoldfish.com/tournament/39150']
['2022-04-12', 'Modern Preliminary #12407152', 'Modern', '4', 'http://www.mtggoldfish.com/tournament/39144']
['2022-04-11', 'Top8 - 5ª Liga Arena Guardians', 'Modern', '8', 'http://www.mtggoldfish.com/tournament/39164']
['2022-04-11', 'CM Games  3v3 Team Tournament - Modern', 'Modern', '4', 'http://www.mtggoldfish.com/tournament/39138']
['2022-04-10', 'SCG CON Dallas - Modern $10K', 'Modern', '277', 'http://www.mtggoldfish.com/tournament/39132']
['2022-04-10', 'Modern Challenge #12407134', 'Modern', '32', 'http://www.mtggoldfish.com/tournament/39122']
['2022-04-09', 'SCG CON Dallas- Modern $30K', 'Modern', '909', 'http://www.mtggoldfish.com/tournament/39134']
['2022-04-09', 'Laughing Dragon MTG Modern 1k/2k', 'Modern', '16', 'http://www.mtggoldfish.com/tournament/39090']
['2022-04-09', 'Modern Challenge #12407128', 'Modern', '32', 'http://www.mtggoldfish.com/tournament/39115']
['2022-04-08', 'SCG CON Dallas - Friday 4:30PM Modern Trial', 'Modern', '119', 'http://www.mtggoldfish.com/tournament/39091']
['2022-04-08', 'SCG CON Dallas - Friday 2:30PM Modern Trial', 'Modern', '147', 'http://www.mtggoldfish.com/tournament/39092']
['2022-04-08', 'SCG CON Dallas - Friday 12:30PM Modern Trial', 'Modern', '216', 'http://www.mtggoldfish.com/tournament/39093']
['2022-04-08', 'Modern Preliminary #12407122', 'Modern', '4', 'http://www.mtggoldfish.com/tournament/39095']
['2022-04-08', 'Modern League 2022-04-08', 'Modern', '69', 'http://www.mtggoldfish.com/tournament/39088']
['2022-04-07', 'MODERN NIGHT by 5CH LATAM SERIES', 'Modern', '8', 'http://www.mtggoldfish.com/tournament/39089']
['2022-04-07', 'Modern Preliminary #12407108', 'Modern', '8', 'http://www.mtggoldfish.com/tournament/39086']
['2022-04-06', 'Modern Preliminary #12407102', 'Modern', '6', 'http://www.mtggoldfish.com/tournament/39078']
['2022-04-05', "Mateo's Modern Monday #1 Top 8 - Berlin", 'Modern', '8', 'http://www.mtggoldfish.com/tournament/39067']
['2022-04-05', 'Modern Preliminary #12404257', 'Modern', '15', 'http://www.mtggoldfish.com/tournament/39069']
['2022-04-05', 'Modern League 2022-04-05', 'Modern', '89', 'http://www.mtggoldfish.com/tournament/39059']
['2022-04-04', 'Modern Preliminary #12404252', 'Modern', '21', 'http://www.mtggoldfish.com/tournament/39057']
['2022-04-03', '4° Tappa - MagicTime Ravenna Modern Championship', 'Modern', '8', 'http://www.mtggoldfish.com/tournament/39060']
['2022-04-03', 'Modern Challenge #12404240', 'Modern', '32', 'http://www.mtggoldfish.com/tournament/39055']
['2022-04-02', 'NRG Series $20,000 Showdown - Fort Wayne (Modern)', 'Modern', '256', 'http://www.mtggoldfish.com/tournament/39047']
['2022-04-02', 'Sabato  Modern @ FreeSoul Winter League Top8', 'Modern', '8', 'http://www.mtggoldfish.com/tournament/39029']
['2022-04-02', 'Laughing Dragon $1k (Issaquah, WA)', 'Modern', '16', 'http://www.mtggoldfish.com/tournament/39109']
['2022-04-02', 'Modern Challenge #12404235', 'Modern', '32', 'http://www.mtggoldfish.com/tournament/39038']
['2022-04-01', 'Modern Preliminary #12404229', 'Modern', '7', 'http://www.mtggoldfish.com/tournament/39022']
['2022-04-01', 'Modern Super Qualifier #12404205', 'Modern', '32', 'http://www.mtggoldfish.com/tournament/39021']
['2022-04-01', 'Modern League 2022-04-01', 'Modern', '76', 'http://www.mtggoldfish.com/tournament/39002']
modern done. 160 decklists saved.
https://www.mtggoldfish.com/tournament_searches/create?utf8=%E2%9C%93&tournament_search%5Bname%5D=&tournament_search%5Bformat%5D=pauper&tournament_search%5Bdate_range%5D=04%2F01%2F2022+-+04%2F30%2F2022&commit=Search
['2022-04-30', 'Pauper Challenge #12414714', 'Pauper', '32', 'http://www.mtggoldfish.com/tournament/39309']
['2022-04-29', 'Pauper Duelos de Honra - Portugal', 'Pauper', '6', 'http://www.mtggoldfish.com/tournament/39352']
['2022-04-27', 'Pauper League 2022-04-27', 'Pauper', '34', 'http://www.mtggoldfish.com/tournament/39278']
['2022-04-25', 'FUGUETE CHAMP 78', 'Pauper', '8', 'http://www.mtggoldfish.com/tournament/39267']
['2022-04-24', 'Pauper Challenge #12412175', 'Pauper', '32', 'http://www.mtggoldfish.com/tournament/39256']
['2022-04-23', 'Pauper Challenge #12412163', 'Pauper', '32', 'http://www.mtggoldfish.com/tournament/39248']
['2022-04-22', 'Pauper Duelos de Honra - Portugal', 'Pauper', '10', 'http://www.mtggoldfish.com/tournament/39347']
['2022-04-22', 'Pauper Duelos de Honra - Portugal', 'Pauper', '16', 'http://www.mtggoldfish.com/tournament/39227']
['2022-04-20', 'Pauper League 2022-04-20', 'Pauper', '32', 'http://www.mtggoldfish.com/tournament/39210']
['2022-04-17', 'Pauper Challenge #12409675', 'Pauper', '32', 'http://www.mtggoldfish.com/tournament/39188']
['2022-04-16', 'Pauper Challenge #12409663', 'Pauper', '32', 'http://www.mtggoldfish.com/tournament/39181']
['2022-04-15', 'Pauper Duelos de Honra - Portugal', 'Pauper', '13', 'http://www.mtggoldfish.com/tournament/39232']
['2022-04-13', 'Fuguete League 7.05', 'Pauper', '8', 'http://www.mtggoldfish.com/tournament/39149']
['2022-04-13', 'Pauper League 2022-04-13', 'Pauper', '36', 'http://www.mtggoldfish.com/tournament/39146']
['2022-04-11', 'Sprint Wheel Event - Pauper MTGO', 'Pauper', '22', 'http://www.mtggoldfish.com/tournament/39140']
['2022-04-11', 'FUGUETE CHAMP 76', 'Pauper', '8', 'http://www.mtggoldfish.com/tournament/39148']
['2022-04-10', 'Pauper Challenge #12407137', 'Pauper', '32', 'http://www.mtggoldfish.com/tournament/39121']
['2022-04-09', 'Test Tournament for CasualTryHardMTG', 'Pauper', '3', 'http://www.mtggoldfish.com/tournament/39098']
['2022-04-09', 'Pauper Challenge #12407125', 'Pauper', '32', 'http://www.mtggoldfish.com/tournament/39114']
['2022-04-08', 'Pauper Duelos de Honra - Portugal (Top 16)', 'Pauper', '16', 'http://www.mtggoldfish.com/tournament/39231']
['2022-04-06', 'Pauper League 2022-04-06', 'Pauper', '31', 'http://www.mtggoldfish.com/tournament/39071']
['2022-04-05', 'Paupergeddon Milano 2022', 'Pauper', '16', 'http://www.mtggoldfish.com/tournament/39065']
['2022-04-05', 'Pauper Preliminary #12404256', 'Pauper', '4', 'http://www.mtggoldfish.com/tournament/39074']
['2022-04-03', 'Pauper Challenge #12404242', 'Pauper', '32', 'http://www.mtggoldfish.com/tournament/39054']
['2022-04-02', 'Pauper Challenge #12404232', 'Pauper', '32', 'http://www.mtggoldfish.com/tournament/39037']
pauper done. 54 decklists saved.
https://www.mtggoldfish.com/tournament_searches/create?utf8=%E2%9C%93&tournament_search%5Bname%5D=&tournament_search%5Bformat%5D=pioneer&tournament_search%5Bdate_range%5D=04%2F01%2F2022+-+04%2F30%2F2022&commit=Search
['2022-04-30', 'Pioneer Challenge #12414720', 'Pioneer', '32', 'http://www.mtggoldfish.com/tournament/39308']
['2022-04-29', 'Pioneer Preliminary #12414709', 'Pioneer', '8', 'http://www.mtggoldfish.com/tournament/39294']
['2022-04-28', 'Pioneer League 2022-04-28', 'Pioneer', '33', 'http://www.mtggoldfish.com/tournament/39286']
['2022-04-26', 'Pioneer Preliminary #12412191', 'Pioneer', '3', 'http://www.mtggoldfish.com/tournament/39277']
['2022-04-25', 'OCTAGON PIONEEER', 'Pioneer', '13', 'http://www.mtggoldfish.com/tournament/39279']
['2022-04-25', 'Pioneer | The Mythic Store // La Boutique Mythique - Quebec City', 'Pioneer', '4', 'http://www.mtggoldfish.com/tournament/39266']
['2022-04-25', 'Pioneer Preliminary #12412187', 'Pioneer', '7', 'http://www.mtggoldfish.com/tournament/39268']
['2022-04-25', 'Pioneer League 2022-04-25', 'Pioneer', '34', 'http://www.mtggoldfish.com/tournament/39260']
['2022-04-24', 'Pioneer Challenge #12412173', 'Pioneer', '32', 'http://www.mtggoldfish.com/tournament/39255']
['2022-04-23', 'Holiday Night Magic', 'Pioneer', '8', 'http://www.mtggoldfish.com/tournament/39234']
['2022-04-23', 'Pioneer Challenge #12412169', 'Pioneer', '32', 'http://www.mtggoldfish.com/tournament/39247']
['2022-04-22', 'Pioneer Preliminary #12412158', 'Pioneer', '8', 'http://www.mtggoldfish.com/tournament/39235']
['2022-04-21', 'Pioneer Preliminary #12412144', 'Pioneer', '5', 'http://www.mtggoldfish.com/tournament/39223']
['2022-04-21', 'Pioneer League 2022-04-21', 'Pioneer', '34', 'http://www.mtggoldfish.com/tournament/39214']
['2022-04-20', 'Pioneer Preliminary #12412139', 'Pioneer', '4', 'http://www.mtggoldfish.com/tournament/39211']
['2022-04-19', 'Pioneer Preliminary #12409691', 'Pioneer', '5', 'http://www.mtggoldfish.com/tournament/39209']
['2022-04-18', 'Pioneer Preliminary #12409687', 'Pioneer', '4', 'http://www.mtggoldfish.com/tournament/39200']
['2022-04-18', 'Pioneer League 2022-04-18', 'Pioneer', '38', 'http://www.mtggoldfish.com/tournament/39192']
['2022-04-17', 'Liga Valor R$ 700 Pioneer Lite', 'Pioneer', '21', 'http://www.mtggoldfish.com/tournament/39195']
['2022-04-17', 'Pioneer Challenge #12409673', 'Pioneer', '32', 'http://www.mtggoldfish.com/tournament/39187']
['2022-04-16', 'Pioneer Challenge #12409669', 'Pioneer', '32', 'http://www.mtggoldfish.com/tournament/39180']
['2022-04-15', 'Pioneer Preliminary #12409658', 'Pioneer', '8', 'http://www.mtggoldfish.com/tournament/39166']
['2022-04-14', 'Pioneer Preliminary #12409651', 'Pioneer', '4', 'http://www.mtggoldfish.com/tournament/39157']
['2022-04-14', 'Pioneer League 2022-04-14', 'Pioneer', '29', 'http://www.mtggoldfish.com/tournament/39153']
['2022-04-13', 'Pioneer Preliminary #12409639', 'Pioneer', '5', 'http://www.mtggoldfish.com/tournament/39151']
['2022-04-12', 'Pioneer Preliminary #12407153', 'Pioneer', '5', 'http://www.mtggoldfish.com/tournament/39143']
['2022-04-11', 'CM Games  3v3 Team Tournament - Pioneer', 'Pioneer', '4', 'http://www.mtggoldfish.com/tournament/39137']
['2022-04-11', 'Pioneer League 2022-04-11', 'Pioneer', '39', 'http://www.mtggoldfish.com/tournament/39125']
['2022-04-10', 'Pioneer Challenge #12407135', 'Pioneer', '32', 'http://www.mtggoldfish.com/tournament/39120']
['2022-04-09', 'Pioneer Preliminary #12407123', 'Pioneer', '5', 'http://www.mtggoldfish.com/tournament/39113']
['2022-04-09', 'Pioneer Challenge #12407131', 'Pioneer', '32', 'http://www.mtggoldfish.com/tournament/39112']
['2022-04-08', 'Pioneer Preliminary #12407120', 'Pioneer', '5', 'http://www.mtggoldfish.com/tournament/39094']
['2022-04-07', 'Pioneer Preliminary #12407113', 'Pioneer', '5', 'http://www.mtggoldfish.com/tournament/39085']
['2022-04-07', 'Pioneer League 2022-04-07', 'Pioneer', '33', 'http://www.mtggoldfish.com/tournament/39081']
['2022-04-05', 'Pioneer Preliminary #12404258', 'Pioneer', '22', 'http://www.mtggoldfish.com/tournament/39073']
['2022-04-04', 'Pioneer Preliminary #12404247', 'Pioneer', '8', 'http://www.mtggoldfish.com/tournament/39056']
['2022-04-04', 'Pioneer League 2022-04-04', 'Pioneer', '25', 'http://www.mtggoldfish.com/tournament/39042']
['2022-04-03', 'Pioneer Challenge #12404241', 'Pioneer', '32', 'http://www.mtggoldfish.com/tournament/39053']
['2022-04-02', 'Pioneer Challenge #12404237', 'Pioneer', '32', 'http://www.mtggoldfish.com/tournament/39036']
['2022-04-02', 'Pioneer Preliminary #12404230', 'Pioneer', '3', 'http://www.mtggoldfish.com/tournament/39035']
['2022-04-01', 'Pioneer Preliminary #12404227', 'Pioneer', '7', 'http://www.mtggoldfish.com/tournament/39020']
pioneer done. 67 decklists saved.
https://www.mtggoldfish.com/tournament_searches/create?utf8=%E2%9C%93&tournament_search%5Bname%5D=&tournament_search%5Bformat%5D=premodern&tournament_search%5Bdate_range%5D=04%2F01%2F2022+-+04%2F30%2F2022&commit=Search
premodern done. 0 decklists saved.
https://www.mtggoldfish.com/tournament_searches/create?utf8=%E2%9C%93&tournament_search%5Bname%5D=&tournament_search%5Bformat%5D=standard&tournament_search%5Bdate_range%5D=04%2F01%2F2022+-+04%2F30%2F2022&commit=Search
['2022-04-30', 'Standard Challenge #12414716', 'Standard', '32', 'http://www.mtggoldfish.com/tournament/39307']
['2022-04-28', 'Standard League 2022-04-28', 'Standard', '10', 'http://www.mtggoldfish.com/tournament/39285']
['2022-04-27', 'MMA Ma Melee Arena AVRIL#8 STANDARD', 'Standard', '17', 'http://www.mtggoldfish.com/tournament/39287']
['2022-04-25', 'Traditional Standard Ranked Decklists: April 25, 2022', 'Standard', '17', 'http://www.mtggoldfish.com/tournament/39274']
['2022-04-25', 'Standard League 2022-04-25', 'Standard', '12', 'http://www.mtggoldfish.com/tournament/39259']
['2022-04-24', 'Standard Challenge #12412177', 'Standard', '32', 'http://www.mtggoldfish.com/tournament/39254']
['2022-04-23', '400$ MMA Standard Open Stop 4 Sponsored by Metafy', 'Standard', '18', 'http://www.mtggoldfish.com/tournament/39238']
['2022-04-23', 'Saturday STANDARD Magic', 'Standard', '17', 'http://www.mtggoldfish.com/tournament/39241']
['2022-04-23', '$500 Cash GGtoor M:TG Arena Duel #11 (FREE!)', 'Standard', '138', 'http://www.mtggoldfish.com/tournament/39242']
['2022-04-23', 'Standard Challenge #12412165', 'Standard', '32', 'http://www.mtggoldfish.com/tournament/39246']
['2022-04-21', 'Standard League 2022-04-21', 'Standard', '12', 'http://www.mtggoldfish.com/tournament/39213']
['2022-04-18', 'Traditional Standard Ranked Decklists: April 18, 2022', 'Standard', '22', 'http://www.mtggoldfish.com/tournament/39205']
['2022-04-18', 'Standard League 2022-04-18', 'Standard', '10', 'http://www.mtggoldfish.com/tournament/39191']
['2022-04-17', 'Dia de la Comunidad Movistar GameClub by Five Color Hub', 'Standard', '12', 'http://www.mtggoldfish.com/tournament/39193']
['2022-04-17', 'MMA Ma Melee Arena AVRIL#5 STANDARD', 'Standard', '18', 'http://www.mtggoldfish.com/tournament/39194']
['2022-04-17', 'The Pizza Box Open: Standard SNC Set Championship Qualifier', 'Standard', '128', 'http://www.mtggoldfish.com/tournament/39197']
['2022-04-17', 'Standard Challenge #12409677', 'Standard', '32', 'http://www.mtggoldfish.com/tournament/39186']
['2022-04-16', 'The Forgotten Box: Torneo de 100 Códigos', 'Standard', '23', 'http://www.mtggoldfish.com/tournament/39171']
['2022-04-16', 'Saturday STANDARD Magic', 'Standard', '30', 'http://www.mtggoldfish.com/tournament/39174']
['2022-04-16', '$1,000 Cash GGtoor M:TG Arena Cup#4 (Set Championship Qualifier!)', 'Standard', '183', 'http://www.mtggoldfish.com/tournament/39175']
['2022-04-16', 'Standard Challenge #12409665', 'Standard', '32', 'http://www.mtggoldfish.com/tournament/39179']
['2022-04-14', 'Standard League 2022-04-14', 'Standard', '10', 'http://www.mtggoldfish.com/tournament/39152']
['2022-04-13', 'Extra Life United 2022 MTGA In Person', 'Standard', '14', 'http://www.mtggoldfish.com/tournament/39163']
['2022-04-13', 'Extra Life United 2022 MTGA Online', 'Standard', '17', 'http://www.mtggoldfish.com/tournament/39162']
['2022-04-13', 'MMA Ma Melee Arena AVRIL#4 STANDARD', 'Standard', '24', 'http://www.mtggoldfish.com/tournament/39154']
['2022-04-11', 'CM Games  3v3 Team Tournament - Standard', 'Standard', '4', 'http://www.mtggoldfish.com/tournament/39136']
['2022-04-11', 'Traditional Standard Ranked Decklists: April 11, 2022', 'Standard', '19', 'http://www.mtggoldfish.com/tournament/39141']
['2022-04-11', 'Standard League 2022-04-11', 'Standard', '15', 'http://www.mtggoldfish.com/tournament/39124']
['2022-04-10', 'Degen Open - Sponsored by Ultra Pro (SNC Championship Invitation)', 'Standard', '174', 'http://www.mtggoldfish.com/tournament/39131']
['2022-04-10', 'Standard Challenge #12407139', 'Standard', '32', 'http://www.mtggoldfish.com/tournament/39119']
['2022-04-09', "The Lotus Lookout's Standard 100% CASH Payout Weekly", 'Standard', '9', 'http://www.mtggoldfish.com/tournament/39133']
['2022-04-09', 'Standard Challenge #12407127', 'Standard', '32', 'http://www.mtggoldfish.com/tournament/39111']
['2022-04-07', 'Standard League 2022-04-07', 'Standard', '13', 'http://www.mtggoldfish.com/tournament/39080']
['2022-04-05', "The Lotus Lookout's Standard 100% CASH Payout Weekly", 'Standard', '12', 'http://www.mtggoldfish.com/tournament/39083']
['2022-04-05', 'Gentry Online 2022 part2', 'Standard', '6', 'http://www.mtggoldfish.com/tournament/39075']
['2022-04-05', 'Standard Preliminary #12404261', 'Standard', '3', 'http://www.mtggoldfish.com/tournament/39072']
['2022-04-04', "The Lotus Lookout's Standard 100% CASH Payout Weekly", 'Standard', '10', 'http://www.mtggoldfish.com/tournament/39062']
['2022-04-04', 'Traditional Standard Ranked Decklists: April 4, 2022', 'Standard', '15', 'http://www.mtggoldfish.com/tournament/39064']
['2022-04-04', 'Standard League 2022-04-04', 'Standard', '15', 'http://www.mtggoldfish.com/tournament/39041']
['2022-04-03', 'MMA Ma Melee Arena AVRIL#1 STANDARD', 'Standard', '37', 'http://www.mtggoldfish.com/tournament/39044']
['2022-04-03', 'Standard Challenge #12404244', 'Standard', '32', 'http://www.mtggoldfish.com/tournament/39052']
['2022-04-02', "The Lotus Lookout's Standard 100% CASH Payout Weekly", 'Standard', '10', 'http://www.mtggoldfish.com/tournament/39046']
['2022-04-02', 'Saturday STANDARD Magic', 'Standard', '20', 'http://www.mtggoldfish.com/tournament/39027']
['2022-04-02', '$600 Cash GGtoor M:TG Arena Duel #10 (FREE!)', 'Standard', '206', 'http://www.mtggoldfish.com/tournament/39028']
['2022-04-02', 'HoneyMilk', 'Standard', '27', 'http://www.mtggoldfish.com/tournament/39011']
['2022-04-02', 'Standard Challenge #12404234', 'Standard', '32', 'http://www.mtggoldfish.com/tournament/39034']
['2022-04-01', "The Lotus Lookout's Standard 100% CASH Payout Weekly", 'Standard', '12', 'http://www.mtggoldfish.com/tournament/39012']
standard done. 80 decklists saved.
https://www.mtggoldfish.com/tournament_searches/create?utf8=%E2%9C%93&tournament_search%5Bname%5D=&tournament_search%5Bformat%5D=vintage&tournament_search%5Bdate_range%5D=04%2F01%2F2022+-+04%2F30%2F2022&commit=Search
['2022-04-30', 'Vintage Challenge #12414718', 'Vintage', '32', 'http://www.mtggoldfish.com/tournament/39306']
['2022-04-24', 'Vintage Challenge #12412171', 'Vintage', '32', 'http://www.mtggoldfish.com/tournament/39253']
['2022-04-24', 'Vintage League 2022-04-24', 'Vintage', '11', 'http://www.mtggoldfish.com/tournament/39251']
['2022-04-23', 'Vintage Challenge #12412167', 'Vintage', '32', 'http://www.mtggoldfish.com/tournament/39245']
['2022-04-17', 'Vintage Challenge #12409671', 'Vintage', '32', 'http://www.mtggoldfish.com/tournament/39185']
['2022-04-17', 'Vintage League 2022-04-17', 'Vintage', '14', 'http://www.mtggoldfish.com/tournament/39184']
['2022-04-16', 'Vintage Challenge #12409667', 'Vintage', '32', 'http://www.mtggoldfish.com/tournament/39178']
['2022-04-10', 'Vintage Challenge #12407133', 'Vintage', '32', 'http://www.mtggoldfish.com/tournament/39118']
['2022-04-10', 'Vintage League 2022-04-10', 'Vintage', '15', 'http://www.mtggoldfish.com/tournament/39117']
['2022-04-09', 'Vintage Challenge #12407129', 'Vintage', '32', 'http://www.mtggoldfish.com/tournament/39110']
['2022-04-03', 'Vintage Preliminary #12404245', 'Vintage', '6', 'http://www.mtggoldfish.com/tournament/39051']
['2022-04-03', 'Vintage Challenge #12404239', 'Vintage', '32', 'http://www.mtggoldfish.com/tournament/39050']
['2022-04-03', 'Vintage League 2022-04-03', 'Vintage', '14', 'http://www.mtggoldfish.com/tournament/39040']
['2022-04-02', 'Vintage Challenge #12404206', 'Vintage', '32', 'http://www.mtggoldfish.com/tournament/39033']
['2022-04-01', 'Vintage Preliminary #12404226', 'Vintage', '5', 'http://www.mtggoldfish.com/tournament/39019']
vintage done. 28 decklists saved.
2022-04 done.
starting month: 2022-05
https://www.mtggoldfish.com/tournament_searches/create?utf8=%E2%9C%93&tournament_search%5Bname%5D=&tournament_search%5Bformat%5D=legacy&tournament_search%5Bdate_range%5D=05%2F01%2F2022+-+05%2F31%2F2022&commit=Search
['2022-05-30', 'Legacy 1K - Mox Boarding House Bellevue', 'Legacy', '8', 'http://www.mtggoldfish.com/tournament/39584']
['2022-05-30', 'Legacy Preliminary #12422680', 'Legacy', '3', 'http://www.mtggoldfish.com/tournament/39587']
['2022-05-29', 'Legacy Challenge #12422670', 'Legacy', '32', 'http://www.mtggoldfish.com/tournament/39573']
['2022-05-28', 'Paper Legacy Discord Saturday tournament - 5/28/22', 'Legacy', '11', 'http://www.mtggoldfish.com/tournament/39555']
['2022-05-28', '38 / The 38th Legacy at Home', 'Legacy', '10', 'http://www.mtggoldfish.com/tournament/39544']
['2022-05-28', 'Legacy Challenge #12422660', 'Legacy', '32', 'http://www.mtggoldfish.com/tournament/39566']
['2022-05-28', 'Legacy League 2022-05-28', 'Legacy', '46', 'http://www.mtggoldfish.com/tournament/39552']
['2022-05-24', 'Legacy Preliminary #12420475', 'Legacy', '4', 'http://www.mtggoldfish.com/tournament/39533']
['2022-05-22', 'Legacy Challenge #12420453', 'Legacy', '32', 'http://www.mtggoldfish.com/tournament/39510']
['2022-05-21', 'Paper Legacy Discord Saturday tournament - 5/21/22', 'Legacy', '12', 'http://www.mtggoldfish.com/tournament/39492']
['2022-05-21', '37 / The 37th Legacy at Home', 'Legacy', '17', 'http://www.mtggoldfish.com/tournament/39485']
['2022-05-21', 'Legacy Challenge #12420443', 'Legacy', '32', 'http://www.mtggoldfish.com/tournament/39502']
['2022-05-21', 'Legacy League 2022-05-21', 'Legacy', '54', 'http://www.mtggoldfish.com/tournament/39484']
['2022-05-20', 'Legacy Preliminary #12420434', 'Legacy', '4', 'http://www.mtggoldfish.com/tournament/39483']
['2022-05-15', 'Legacy Challenge #12418720', 'Legacy', '32', 'http://www.mtggoldfish.com/tournament/39442']
['2022-05-14', '36 / The 36th Legacy at Home', 'Legacy', '11', 'http://www.mtggoldfish.com/tournament/39418']
['2022-05-14', 'Legacy Challenge #12418746', 'Legacy', '32', 'http://www.mtggoldfish.com/tournament/39435']
['2022-05-14', 'Legacy League 2022-05-14', 'Legacy', '43', 'http://www.mtggoldfish.com/tournament/39423']
['2022-05-13', 'Legacy Preliminary #12418737', 'Legacy', '7', 'http://www.mtggoldfish.com/tournament/39422']
['2022-05-12', 'Legacy Preliminary #12418730', 'Legacy', '5', 'http://www.mtggoldfish.com/tournament/39414']
['2022-05-08', 'Laughing Dragon Legacy $1k', 'Legacy', '8', 'http://www.mtggoldfish.com/tournament/39375']
['2022-05-08', 'Legacy Challenge #12416823', 'Legacy', '32', 'http://www.mtggoldfish.com/tournament/39388']
['2022-05-07', 'Paper Legacy Discord Saturday tournament - 5/7/22', 'Legacy', '9', 'http://www.mtggoldfish.com/tournament/39368']
['2022-05-07', '35 / The 35th Legacy at Home', 'Legacy', '8', 'http://www.mtggoldfish.com/tournament/39361']
['2022-05-07', 'Invasion Tour - Monthly Conquest Legacy 10K', 'Legacy', '28', 'http://www.mtggoldfish.com/tournament/39371']
['2022-05-07', 'Legacy Challenge #12416815', 'Legacy', '32', 'http://www.mtggoldfish.com/tournament/39381']
['2022-05-07', 'Legacy League 2022-05-07', 'Legacy', '52', 'http://www.mtggoldfish.com/tournament/39364']
['2022-05-04', 'Bazaar Of Boxes Series 3', 'Legacy', '8', 'http://www.mtggoldfish.com/tournament/39343']
['2022-05-03', 'Legacy Preliminary #12414747', 'Legacy', '3', 'http://www.mtggoldfish.com/tournament/39344']
['2022-05-02', 'Legacy Preliminary #12414735', 'Legacy', '5', 'http://www.mtggoldfish.com/tournament/39336']
['2022-05-01', 'SCG CON Pittsburgh - Legacy $5K (Sunday)', 'Legacy', '115', 'http://www.mtggoldfish.com/tournament/39326']
['2022-05-01', 'Legacy Challenge #12414725', 'Legacy', '32', 'http://www.mtggoldfish.com/tournament/39320']
legacy done. 83 decklists saved.
https://www.mtggoldfish.com/tournament_searches/create?utf8=%E2%9C%93&tournament_search%5Bname%5D=&tournament_search%5Bformat%5D=modern&tournament_search%5Bdate_range%5D=05%2F01%2F2022+-+05%2F31%2F2022&commit=Search
['2022-05-31', 'Modern League 2022-05-31', 'Modern', '72', 'http://www.mtggoldfish.com/tournament/39588']
['2022-05-30', '3º Torneio - 6ª Liga Arena Guardians', 'Modern', '27', 'http://www.mtggoldfish.com/tournament/39594']
['2022-05-30', "Mateo's Modern Monday", 'Modern', '21', 'http://www.mtggoldfish.com/tournament/39590']
['2022-05-30', 'Modern Preliminary #12422678', 'Modern', '7', 'http://www.mtggoldfish.com/tournament/39586']
['2022-05-29', 'Finale  - MagicTime Ravenna Modern Championship', 'Modern', '8', 'http://www.mtggoldfish.com/tournament/39560']
['2022-05-29', 'Modern Challenge #12422668', 'Modern', '32', 'http://www.mtggoldfish.com/tournament/39572']
['2022-05-28', 'Modern SM 2022', 'Modern', '116', 'http://www.mtggoldfish.com/tournament/39559']
['2022-05-28', 'Modern Challenge #12422662', 'Modern', '32', 'http://www.mtggoldfish.com/tournament/39565']
['2022-05-27', 'Modern Preliminary #12422650', 'Modern', '3', 'http://www.mtggoldfish.com/tournament/39551']
['2022-05-27', 'Modern League 2022-05-27', 'Modern', '51', 'http://www.mtggoldfish.com/tournament/39542']
['2022-05-26', 'Modern Preliminary #12422642', 'Modern', '7', 'http://www.mtggoldfish.com/tournament/39541']
['2022-05-24', 'MalzModern #1', 'Modern', '43', 'http://www.mtggoldfish.com/tournament/39537']
['2022-05-24', 'Modern League 2022-05-24', 'Modern', '57', 'http://www.mtggoldfish.com/tournament/39530']
['2022-05-23', '2º Torneio - 6ª Liga Arena Guardians', 'Modern', '33', 'http://www.mtggoldfish.com/tournament/39538']
['2022-05-23', 'Modern 1K | The Mythic Store // La Boutique Mythique - Quebec City', 'Modern', '4', 'http://www.mtggoldfish.com/tournament/39524']
['2022-05-23', 'Modern Preliminary #12420461', 'Modern', '5', 'http://www.mtggoldfish.com/tournament/39529']
['2022-05-22', 'NRG Series $5,000 Trial - Minneapolis (Modern)', 'Modern', '288', 'http://www.mtggoldfish.com/tournament/39516']
['2022-05-22', 'Modern 1K - Mox Boarding House Bellevue', 'Modern', '8', 'http://www.mtggoldfish.com/tournament/39504']
['2022-05-22', 'CPM - Passo Fundo #01', 'Modern', '8', 'http://www.mtggoldfish.com/tournament/39488']
['2022-05-22', 'Modern Challenge #12420451', 'Modern', '32', 'http://www.mtggoldfish.com/tournament/39509']
['2022-05-21', 'Финал 2 сезона Лиги Модерна', 'Modern', '11', 'http://www.mtggoldfish.com/tournament/39486']
['2022-05-21', 'The Card Collective Cup - Team Unified Modern - Top 4 teams - 21. May', 'Modern', '12', 'http://www.mtggoldfish.com/tournament/39527']
['2022-05-21', 'Modern Challenge #12420445', 'Modern', '32', 'http://www.mtggoldfish.com/tournament/39501']
['2022-05-20', 'Modern Preliminary #12420439', 'Modern', '4', 'http://www.mtggoldfish.com/tournament/39482']
['2022-05-20', 'Modern League 2022-05-20', 'Modern', '55', 'http://www.mtggoldfish.com/tournament/39474']
['2022-05-19', 'Modern Preliminary #12420425', 'Modern', '6', 'http://www.mtggoldfish.com/tournament/39473']
['2022-05-18', 'Modern Preliminary #12420419', 'Modern', '4', 'http://www.mtggoldfish.com/tournament/39467']
['2022-05-17', 'Modern League 2022-05-17', 'Modern', '67', 'http://www.mtggoldfish.com/tournament/39461']
['2022-05-16', '1º Torneio - 6ª Liga Arena Guardians', 'Modern', '34', 'http://www.mtggoldfish.com/tournament/39465']
['2022-05-16', "Mateo's Modern Monday", 'Modern', '19', 'http://www.mtggoldfish.com/tournament/39463']
['2022-05-16', 'Modern Preliminary #12418763', 'Modern', '4', 'http://www.mtggoldfish.com/tournament/39459']
['2022-05-15', 'The Doghouse', 'Modern', '11', 'http://www.mtggoldfish.com/tournament/39452']
['2022-05-15', 'Modern Challenge #12418754', 'Modern', '32', 'http://www.mtggoldfish.com/tournament/39441']
['2022-05-14', 'Modern Challenge #12418748', 'Modern', '32', 'http://www.mtggoldfish.com/tournament/39434']
['2022-05-13', 'Modern Preliminary #12418742', 'Modern', '3', 'http://www.mtggoldfish.com/tournament/39421']
['2022-05-13', 'Modern League 2022-05-13', 'Modern', '54', 'http://www.mtggoldfish.com/tournament/39415']
['2022-05-12', 'Modern Preliminary #12418728', 'Modern', '4', 'http://www.mtggoldfish.com/tournament/39413']
['2022-05-11', 'Modern Preliminary #12418722', 'Modern', '5', 'http://www.mtggoldfish.com/tournament/39409']
['2022-05-10', 'Modern League 2022-05-10', 'Modern', '66', 'http://www.mtggoldfish.com/tournament/39398']
['2022-05-09', "Mateo's Modern Monday", 'Modern', '19', 'http://www.mtggoldfish.com/tournament/39400']
['2022-05-09', 'Modern Preliminary #12416831', 'Modern', '5', 'http://www.mtggoldfish.com/tournament/39397']
['2022-05-08', 'MTG Spot BIG Open @ Paprykarz Open #13', 'Modern', '8', 'http://www.mtggoldfish.com/tournament/39407']
['2022-05-08', 'Modern Challenge #12416822', 'Modern', '32', 'http://www.mtggoldfish.com/tournament/39387']
['2022-05-07', 'Modern Challenge #12417153', 'Modern', '32', 'http://www.mtggoldfish.com/tournament/39380']
['2022-05-06', 'Modern Preliminary #12416805', 'Modern', '5', 'http://www.mtggoldfish.com/tournament/39363']
['2022-05-06', 'Modern League 2022-05-06', 'Modern', '57', 'http://www.mtggoldfish.com/tournament/39358']
['2022-05-05', 'Modern Preliminary #12416797', 'Modern', '8', 'http://www.mtggoldfish.com/tournament/39357']
['2022-05-04', 'Modern Preliminary #12416791', 'Modern', '6', 'http://www.mtggoldfish.com/tournament/39349']
['2022-05-03', '6° Tappa - MagicTime Ravenna Modern Championship', 'Modern', '8', 'http://www.mtggoldfish.com/tournament/39342']
['2022-05-03', 'Modern Regional - Magic Barcelona', 'Modern', '8', 'http://www.mtggoldfish.com/tournament/39333']
['2022-05-03', 'Modern League 2022-05-03', 'Modern', '74', 'http://www.mtggoldfish.com/tournament/39337']
['2022-05-02', "Mateo's Modern Monday", 'Modern', '20', 'http://www.mtggoldfish.com/tournament/39340']
['2022-05-02', "Mateo's Modern Monday #4 - Berlin", 'Modern', '16', 'http://www.mtggoldfish.com/tournament/39332']
['2022-05-02', 'Modern Preliminary #12414733', 'Modern', '7', 'http://www.mtggoldfish.com/tournament/39335']
['2022-05-01', 'SCG CON Pittsburgh - Modern $5K (Sunday)', 'Modern', '195', 'http://www.mtggoldfish.com/tournament/39327']
['2022-05-01', 'Modern Challenge #12414723', 'Modern', '32', 'http://www.mtggoldfish.com/tournament/39319']
modern done. 158 decklists saved.
https://www.mtggoldfish.com/tournament_searches/create?utf8=%E2%9C%93&tournament_search%5Bname%5D=&tournament_search%5Bformat%5D=pauper&tournament_search%5Bdate_range%5D=05%2F01%2F2022+-+05%2F31%2F2022&commit=Search
['2022-05-29', 'Pauper Challenge #12422671', 'Pauper', '32', 'http://www.mtggoldfish.com/tournament/39571']
['2022-05-28', 'Pauper Challenge #12422659', 'Pauper', '32', 'http://www.mtggoldfish.com/tournament/39564']
['2022-05-27', 'Pauper Duelos de Honra - Portugal (Top 16)', 'Pauper', '16', 'http://www.mtggoldfish.com/tournament/39627']
['2022-05-25', 'Pauper League 2022-05-25', 'Pauper', '33', 'http://www.mtggoldfish.com/tournament/39535']
['2022-05-22', 'Pauper Challenge #12420454', 'Pauper', '32', 'http://www.mtggoldfish.com/tournament/39508']
['2022-05-21', 'Pauper Challenge #12420442', 'Pauper', '32', 'http://www.mtggoldfish.com/tournament/39500']
['2022-05-20', 'Pauper Duelos de Honra - Portugal', 'Pauper', '12', 'http://www.mtggoldfish.com/tournament/39526']
['2022-05-18', 'Pauper League 2022-05-18', 'Pauper', '36', 'http://www.mtggoldfish.com/tournament/39464']
['2022-05-15', 'Pauper Challenge #12418756', 'Pauper', '32', 'http://www.mtggoldfish.com/tournament/39440']
['2022-05-14', 'CasualTryHardMTG Podcast Standard Pauper Event', 'Pauper', '6', 'http://www.mtggoldfish.com/tournament/39424']
['2022-05-14', 'Pauper Challenge #12418745', 'Pauper', '32', 'http://www.mtggoldfish.com/tournament/39433']
['2022-05-14', 'Pauper Challenge #12418719', 'Pauper', '32', 'http://www.mtggoldfish.com/tournament/39432']
['2022-05-11', 'Pauper League 2022-05-11', 'Pauper', '34', 'http://www.mtggoldfish.com/tournament/39405']
['2022-05-08', 'Pauper Challenge #12416824', 'Pauper', '32', 'http://www.mtggoldfish.com/tournament/39386']
['2022-05-07', 'Pauper Challenge #12416814', 'Pauper', '32', 'http://www.mtggoldfish.com/tournament/39379']
['2022-05-06', 'Pauper Duelos de Honra - Portugal', 'Pauper', '10', 'http://www.mtggoldfish.com/tournament/39403']
['2022-05-04', 'Pauper League 2022-05-04', 'Pauper', '33', 'http://www.mtggoldfish.com/tournament/39345']
['2022-05-02', 'Sprint Wheel Event - Pauper MTGO', 'Pauper', '17', 'http://www.mtggoldfish.com/tournament/39339']
['2022-05-01', 'Pauper Challenge #12414726', 'Pauper', '32', 'http://www.mtggoldfish.com/tournament/39318']
pauper done. 48 decklists saved.
https://www.mtggoldfish.com/tournament_searches/create?utf8=%E2%9C%93&tournament_search%5Bname%5D=&tournament_search%5Bformat%5D=pioneer&tournament_search%5Bdate_range%5D=05%2F01%2F2022+-+05%2F31%2F2022&commit=Search
['2022-05-31', 'Pioneer Preliminary #12422687', 'Pioneer', '5', 'http://www.mtggoldfish.com/tournament/39592']
['2022-05-30', 'Pioneer Preliminary #12422683', 'Pioneer', '5', 'http://www.mtggoldfish.com/tournament/39585']
['2022-05-30', 'Pioneer League 2022-05-30', 'Pioneer', '37', 'http://www.mtggoldfish.com/tournament/39575']
['2022-05-29', 'Pioneer Challenge #12422669', 'Pioneer', '32', 'http://www.mtggoldfish.com/tournament/39570']
['2022-05-28', 'Pioneer Challenge #12422665', 'Pioneer', '32', 'http://www.mtggoldfish.com/tournament/39563']
['2022-05-27', 'Pioneer Preliminary #12422654', 'Pioneer', '4', 'http://www.mtggoldfish.com/tournament/39550']
['2022-05-26', 'Pioneer Preliminary #12422647', 'Pioneer', '4', 'http://www.mtggoldfish.com/tournament/39540']
['2022-05-24', 'Pioneer Preliminary #12420470', 'Pioneer', '5', 'http://www.mtggoldfish.com/tournament/39534']
['2022-05-23', 'CM Games Monthly Pioneer 2k', 'Pioneer', '8', 'http://www.mtggoldfish.com/tournament/39525']
['2022-05-23', 'Pioneer Preliminary #12420466', 'Pioneer', '4', 'http://www.mtggoldfish.com/tournament/39528']
['2022-05-23', 'Pioneer League 2022-05-23', 'Pioneer', '34', 'http://www.mtggoldfish.com/tournament/39512']
['2022-05-22', 'Pioneer Challenge #12420452', 'Pioneer', '32', 'http://www.mtggoldfish.com/tournament/39507']
['2022-05-21', 'NRG Series $10,000 Trial - Minneapolis (Team)', 'Pioneer', '2', 'http://www.mtggoldfish.com/tournament/39519']
['2022-05-21', 'Pioneer Challenge #12420448', 'Pioneer', '32', 'http://www.mtggoldfish.com/tournament/39499']
['2022-05-19', 'Pioneer Preliminary #12420423', 'Pioneer', '4', 'http://www.mtggoldfish.com/tournament/39472']
['2022-05-19', 'Pioneer League 2022-05-19', 'Pioneer', '24', 'http://www.mtggoldfish.com/tournament/39469']
['2022-05-18', 'Pioneer Preliminary #12420418', 'Pioneer', '3', 'http://www.mtggoldfish.com/tournament/39466']
['2022-05-16', 'Pioneer Preliminary #12418768', 'Pioneer', '6', 'http://www.mtggoldfish.com/tournament/39460']
['2022-05-16', 'Pioneer League 2022-05-16', 'Pioneer', '37', 'http://www.mtggoldfish.com/tournament/39444']
['2022-05-15', 'Pioneer Challenge #12418755', 'Pioneer', '32', 'http://www.mtggoldfish.com/tournament/39439']
['2022-05-14', 'Galactic Toys Pioneer 1k', 'Pioneer', '8', 'http://www.mtggoldfish.com/tournament/39471']
['2022-05-14', 'Pioneer Challenge #12418751', 'Pioneer', '32', 'http://www.mtggoldfish.com/tournament/39431']
['2022-05-13', 'Pioneer Preliminary #12418740', 'Pioneer', '7', 'http://www.mtggoldfish.com/tournament/39420']
['2022-05-12', 'Pioneer League 2022-05-12', 'Pioneer', '30', 'http://www.mtggoldfish.com/tournament/39411']
['2022-05-11', 'Pioneer Preliminary #12418721', 'Pioneer', '4', 'http://www.mtggoldfish.com/tournament/39408']
['2022-05-10', 'Pioneer Preliminary #12416840', 'Pioneer', '4', 'http://www.mtggoldfish.com/tournament/39404']
['2022-05-09', 'Pioneer Preliminary #12416836', 'Pioneer', '4', 'http://www.mtggoldfish.com/tournament/39396']
['2022-05-09', 'Pioneer League 2022-05-09', 'Pioneer', '34', 'http://www.mtggoldfish.com/tournament/39390']
['2022-05-08', 'Pioneer Challenge #12417154', 'Pioneer', '32', 'http://www.mtggoldfish.com/tournament/39385']
['2022-05-07', 'Pioneer Challenge #12416819', 'Pioneer', '32', 'http://www.mtggoldfish.com/tournament/39378']
['2022-05-06', 'Pioneer Preliminary #12416809', 'Pioneer', '5', 'http://www.mtggoldfish.com/tournament/39362']
['2022-05-05', 'Pioneer Preliminary #12416802', 'Pioneer', '4', 'http://www.mtggoldfish.com/tournament/39356']
['2022-05-05', 'Pioneer League 2022-05-05', 'Pioneer', '38', 'http://www.mtggoldfish.com/tournament/39351']
['2022-05-04', 'Pioneer Preliminary #12416790', 'Pioneer', '4', 'http://www.mtggoldfish.com/tournament/39348']
['2022-05-02', 'Pioneer Preliminary #12414738', 'Pioneer', '4', 'http://www.mtggoldfish.com/tournament/39334']
['2022-05-02', 'Pioneer League 2022-05-02', 'Pioneer', '32', 'http://www.mtggoldfish.com/tournament/39314']
['2022-05-01', 'Pioneer Challenge #12414724', 'Pioneer', '32', 'http://www.mtggoldfish.com/tournament/39317']
pioneer done. 61 decklists saved.
https://www.mtggoldfish.com/tournament_searches/create?utf8=%E2%9C%93&tournament_search%5Bname%5D=&tournament_search%5Bformat%5D=premodern&tournament_search%5Bdate_range%5D=05%2F01%2F2022+-+05%2F31%2F2022&commit=Search
['2022-05-16', 'Premodern Online Monthly December 2021', 'Premodern', '16', 'http://www.mtggoldfish.com/tournament/39458']
['2022-05-13', 'North American Premodern Championship', 'Premodern', '16', 'http://www.mtggoldfish.com/tournament/39445']
premodern done. 4 decklists saved.
https://www.mtggoldfish.com/tournament_searches/create?utf8=%E2%9C%93&tournament_search%5Bname%5D=&tournament_search%5Bformat%5D=standard&tournament_search%5Bdate_range%5D=05%2F01%2F2022+-+05%2F31%2F2022&commit=Search
['2022-05-30', 'Traditional Standard Ranked Decklists: May 30, 2022', 'Standard', '25', 'http://www.mtggoldfish.com/tournament/39583']
['2022-05-30', 'Standard League 2022-05-30', 'Standard', '11', 'http://www.mtggoldfish.com/tournament/39574']
['2022-05-29', 'MMA Ma Melee Arena MAI #9 STANDARD', 'Standard', '6', 'http://www.mtggoldfish.com/tournament/39576']
['2022-05-29', 'Best Of 3 Cup Preliminary', 'Standard', '18', 'http://www.mtggoldfish.com/tournament/39579']
['2022-05-29', '400$ MMA Standard Open Stop 5 Sponsored by Metafy', 'Standard', '51', 'http://www.mtggoldfish.com/tournament/39580']
['2022-05-29', 'Standard Challenge #12422673', 'Standard', '32', 'http://www.mtggoldfish.com/tournament/39569']
['2022-05-28', 'Mint State Arena Standard Tournament', 'Standard', '50', 'http://www.mtggoldfish.com/tournament/39554']
['2022-05-28', 'Saturday STANDARD Magic', 'Standard', '11', 'http://www.mtggoldfish.com/tournament/39556']
['2022-05-28', '$500 Cash GGtoor M:TG Arena Duel #13 (FREE!)', 'Standard', '138', 'http://www.mtggoldfish.com/tournament/39558']
['2022-05-28', 'Community Turnier New Capenna', 'Standard', '15', 'http://www.mtggoldfish.com/tournament/39545']
['2022-05-28', 'Standard Challenge #12422661', 'Standard', '32', 'http://www.mtggoldfish.com/tournament/39562']
['2022-05-25', 'MMA Ma Melee Arena MAI #8 STANDARD', 'Standard', '15', 'http://www.mtggoldfish.com/tournament/39539']
['2022-05-23', 'Traditional Standard Ranked Decklists: May 23, 2022', 'Standard', '25', 'http://www.mtggoldfish.com/tournament/39532']
['2022-05-23', 'Standard League 2022-05-23', 'Standard', '13', 'http://www.mtggoldfish.com/tournament/39511']
['2022-05-22', 'MMA Ma Melee Arena MAI #7 STANDARD', 'Standard', '12', 'http://www.mtggoldfish.com/tournament/39513']
['2022-05-22', 'The Pizza Box Open: Standard', 'Standard', '76', 'http://www.mtggoldfish.com/tournament/39515']
['2022-05-22', 'OPEN 5CH LATAM SERIES by MOVISTAR GAME CLUB', 'Standard', '53', 'http://www.mtggoldfish.com/tournament/39517']
['2022-05-22', 'Финал 2 сезона Лиги Стандарта', 'Standard', '10', 'http://www.mtggoldfish.com/tournament/39518']
['2022-05-22', 'Standard Challenge #12420456', 'Standard', '32', 'http://www.mtggoldfish.com/tournament/39506']
['2022-05-21', 'Mint State Arena Standard Tournament', 'Standard', '76', 'http://www.mtggoldfish.com/tournament/39489']
['2022-05-21', 'Saturday STANDARD Magic', 'Standard', '11', 'http://www.mtggoldfish.com/tournament/39494']
['2022-05-21', 'Standard Challenge #12420444', 'Standard', '32', 'http://www.mtggoldfish.com/tournament/39498']
['2022-05-20', 'Clasificatorio Open 5CH LATAM Series', 'Standard', '9', 'http://www.mtggoldfish.com/tournament/39496']
['2022-05-19', 'Standard League 2022-05-19', 'Standard', '11', 'http://www.mtggoldfish.com/tournament/39468']
['2022-05-18', 'MMA Ma Melee Arena MAI #6 STANDARD', 'Standard', '15', 'http://www.mtggoldfish.com/tournament/39470']
['2022-05-16', 'Standard Chill Out 9', 'Standard', '10', 'http://www.mtggoldfish.com/tournament/39446']
['2022-05-16', 'Traditional Standard Ranked Decklists: May 16, 2022', 'Standard', '21', 'http://www.mtggoldfish.com/tournament/39456']
['2022-05-16', 'Standard League 2022-05-16', 'Standard', '18', 'http://www.mtggoldfish.com/tournament/39443']
['2022-05-15', 'MMA Ma Melee Arena MAI #5 STANDARD', 'Standard', '8', 'http://www.mtggoldfish.com/tournament/39447']
['2022-05-15', 'Best Of 3 Cup Qualifier #2', 'Standard', '30', 'http://www.mtggoldfish.com/tournament/39451']
['2022-05-15', 'Standard Challenge #12418758', 'Standard', '32', 'http://www.mtggoldfish.com/tournament/39438']
['2022-05-14', 'Saturday STANDARD Magic', 'Standard', '20', 'http://www.mtggoldfish.com/tournament/39427']
['2022-05-14', 'Tournoi des 2 ans de la chaîne Eliott_Dragon', 'Standard', '69', 'http://www.mtggoldfish.com/tournament/39428']
['2022-05-14', 'Standard Challenge #12418747', 'Standard', '32', 'http://www.mtggoldfish.com/tournament/39430']
['2022-05-12', 'Standard League 2022-05-12', 'Standard', '18', 'http://www.mtggoldfish.com/tournament/39410']
['2022-05-11', 'MMA Ma Melee Arena MAI #4 STANDARD', 'Standard', '16', 'http://www.mtggoldfish.com/tournament/39412']
['2022-05-10', 'Clepshydra League #2 STANDARD', 'Standard', '23', 'http://www.mtggoldfish.com/tournament/39416']
['2022-05-09', 'Traditional Standard Ranked Decklists: May 9, 2022', 'Standard', '15', 'http://www.mtggoldfish.com/tournament/39401']
['2022-05-09', 'Standard League 2022-05-09', 'Standard', '21', 'http://www.mtggoldfish.com/tournament/39389']
['2022-05-08', 'MMA Ma Melee Arena MAI #3 STANDARD', 'Standard', '23', 'http://www.mtggoldfish.com/tournament/39391']
['2022-05-08', 'Standard Challenge #12416826', 'Standard', '32', 'http://www.mtggoldfish.com/tournament/39384']
['2022-05-07', "The Lotus Lookout's Standard 100% CASH Payout Weekly", 'Standard', '9', 'http://www.mtggoldfish.com/tournament/39392']
['2022-05-07', '$500 Cash GGtoor M:TG Arena Duel #12 (FREE!)', 'Standard', '163', 'http://www.mtggoldfish.com/tournament/39369']
['2022-05-07', 'Crokeyz Streets of New Capenna Tournament', 'Standard', '257', 'http://www.mtggoldfish.com/tournament/39370']
['2022-05-07', 'Standard Challenge #12416816', 'Standard', '32', 'http://www.mtggoldfish.com/tournament/39377']
['2022-05-05', 'Standard League 2022-05-05', 'Standard', '16', 'http://www.mtggoldfish.com/tournament/39350']
['2022-05-04', 'MMA Ma Melee Arena MAI #2 STANDARD', 'Standard', '16', 'http://www.mtggoldfish.com/tournament/39353']
['2022-05-02', 'Traditional Standard Ranked Decklists: May 2, 2022', 'Standard', '17', 'http://www.mtggoldfish.com/tournament/39354']
['2022-05-02', 'ARENA IS BACK 2', 'Standard', '8', 'http://www.mtggoldfish.com/tournament/39321']
['2022-05-02', 'Standard League 2022-05-02', 'Standard', '11', 'http://www.mtggoldfish.com/tournament/39313']
['2022-05-01', 'MMA Ma Melee Arena MAI#1 STANDARD', 'Standard', '23', 'http://www.mtggoldfish.com/tournament/39322']
['2022-05-01', 'Degen Supporter Event', 'Standard', '22', 'http://www.mtggoldfish.com/tournament/39324']
['2022-05-01', '$1,000 Stream League 11', 'Standard', '44', 'http://www.mtggoldfish.com/tournament/39325']
['2022-05-01', 'Standard Challenge #12414728', 'Standard', '32', 'http://www.mtggoldfish.com/tournament/39316']
standard done. 115 decklists saved.
https://www.mtggoldfish.com/tournament_searches/create?utf8=%E2%9C%93&tournament_search%5Bname%5D=&tournament_search%5Bformat%5D=vintage&tournament_search%5Bdate_range%5D=05%2F01%2F2022+-+05%2F31%2F2022&commit=Search
['2022-05-29', 'Vintage Challenge #12422667', 'Vintage', '32', 'http://www.mtggoldfish.com/tournament/39568']
['2022-05-29', 'Vintage League 2022-05-29', 'Vintage', '17', 'http://www.mtggoldfish.com/tournament/39567']
['2022-05-28', 'Vintage Challenge #12422663', 'Vintage', '32', 'http://www.mtggoldfish.com/tournament/39561']
['2022-05-22', 'Vintage Challenge #12420450', 'Vintage', '32', 'http://www.mtggoldfish.com/tournament/39505']
['2022-05-22', 'Vintage League 2022-05-22', 'Vintage', '16', 'http://www.mtggoldfish.com/tournament/39503']
['2022-05-21', 'Vintage Challenge #12420446', 'Vintage', '32', 'http://www.mtggoldfish.com/tournament/39497']
['2022-05-15', 'Vintage Challenge #12418753', 'Vintage', '32', 'http://www.mtggoldfish.com/tournament/39437']
['2022-05-15', 'Vintage League 2022-05-15', 'Vintage', '16', 'http://www.mtggoldfish.com/tournament/39436']
['2022-05-14', 'Vintage Challenge #12418749', 'Vintage', '32', 'http://www.mtggoldfish.com/tournament/39429']
['2022-05-08', 'Vintage Challenge #12416821', 'Vintage', '32', 'http://www.mtggoldfish.com/tournament/39383']
['2022-05-08', 'Vintage League 2022-05-08', 'Vintage', '16', 'http://www.mtggoldfish.com/tournament/39382']
['2022-05-07', 'Vintage Challenge #12416817', 'Vintage', '32', 'http://www.mtggoldfish.com/tournament/39376']
['2022-05-01', 'Vintage Challenge #12414722', 'Vintage', '32', 'http://www.mtggoldfish.com/tournament/39315']
['2022-05-01', 'Vintage League 2022-05-01', 'Vintage', '6', 'http://www.mtggoldfish.com/tournament/39312']
vintage done. 31 decklists saved.
2022-05 done.
starting month: 2022-06
https://www.mtggoldfish.com/tournament_searches/create?utf8=%E2%9C%93&tournament_search%5Bname%5D=&tournament_search%5Bformat%5D=legacy&tournament_search%5Bdate_range%5D=06%2F01%2F2022+-+06%2F30%2F2022&commit=Search
['2022-06-27', 'Legacy Preliminary #12434078', 'Legacy', '4', 'http://www.mtggoldfish.com/tournament/39832']
['2022-06-26', 'Legacy 2k @ the Shop', 'Legacy', '8', 'http://www.mtggoldfish.com/tournament/39844']
['2022-06-26', 'Legacy Challenge #12434036', 'Legacy', '32', 'http://www.mtggoldfish.com/tournament/39822']
['2022-06-25', 'Legacy Challenge #12434060', 'Legacy', '32', 'http://www.mtggoldfish.com/tournament/39813']
['2022-06-25', 'Legacy League 2022-06-25', 'Legacy', '53', 'http://www.mtggoldfish.com/tournament/39800']
['2022-06-20', 'Legacy Preliminary #12429726', 'Legacy', '3', 'http://www.mtggoldfish.com/tournament/39765']
['2022-06-19', 'Legacy Challenge #12429717', 'Legacy', '32', 'http://www.mtggoldfish.com/tournament/39758']
['2022-06-18', 'Paper Legacy Discord Saturday tournament - 6/18/22', 'Legacy', '8', 'http://www.mtggoldfish.com/tournament/39737']
['2022-06-18', 'Legacy Challenge #12429709', 'Legacy', '32', 'http://www.mtggoldfish.com/tournament/39747']
['2022-06-18', 'Legacy League 2022-06-18', 'Legacy', '63', 'http://www.mtggoldfish.com/tournament/39734']
['2022-06-12', 'Legacy Challenge #12426398', 'Legacy', '32', 'http://www.mtggoldfish.com/tournament/39701']
['2022-06-11', 'Paper Legacy Discord Saturday tournament - 6/11/22', 'Legacy', '9', 'http://www.mtggoldfish.com/tournament/39678']
['2022-06-11', '40 / The 40th Legacy at Home', 'Legacy', '17', 'http://www.mtggoldfish.com/tournament/39668']
['2022-06-11', '6. Fischkrieg Series', 'Legacy', '12', 'http://www.mtggoldfish.com/tournament/39669']
['2022-06-11', 'Legacy Preliminary #12426336', 'Legacy', '43', 'http://www.mtggoldfish.com/tournament/39692']
['2022-06-11', 'Legacy Challenge #12426390', 'Legacy', '32', 'http://www.mtggoldfish.com/tournament/39691']
['2022-06-11', 'Legacy League 2022-06-11', 'Legacy', '53', 'http://www.mtggoldfish.com/tournament/39673']
['2022-06-10', 'Legacy Preliminary #12426331', 'Legacy', '27', 'http://www.mtggoldfish.com/tournament/39672']
['2022-06-09', 'Legacy Preliminary #12426325', 'Legacy', '29', 'http://www.mtggoldfish.com/tournament/39666']
['2022-06-06', 'Legacy Preliminary #12424557', 'Legacy', '5', 'http://www.mtggoldfish.com/tournament/39647']
['2022-06-05', 'Legacy Challenge #12424547', 'Legacy', '32', 'http://www.mtggoldfish.com/tournament/39634']
['2022-06-04', '39 / The 39th Legacy at Home', 'Legacy', '16', 'http://www.mtggoldfish.com/tournament/39609']
['2022-06-04', 'Legacy Challenge #12424537', 'Legacy', '32', 'http://www.mtggoldfish.com/tournament/39625']
['2022-06-04', 'Legacy League 2022-06-04', 'Legacy', '43', 'http://www.mtggoldfish.com/tournament/39613']
['2022-06-03', 'Haarlem Magic Nights - Legacy Trial', 'Legacy', '8', 'http://www.mtggoldfish.com/tournament/39605']
legacy done. 72 decklists saved.
https://www.mtggoldfish.com/tournament_searches/create?utf8=%E2%9C%93&tournament_search%5Bname%5D=&tournament_search%5Bformat%5D=modern&tournament_search%5Bdate_range%5D=06%2F01%2F2022+-+06%2F30%2F2022&commit=Search
['2022-06-30', 'Modern Preliminary #12436837', 'Modern', '7', 'http://www.mtggoldfish.com/tournament/39855']
['2022-06-29', 'Modern Preliminary #12436832', 'Modern', '6', 'http://www.mtggoldfish.com/tournament/39845']
['2022-06-28', 'Modern Preliminary #12434083', 'Modern', '4', 'http://www.mtggoldfish.com/tournament/39836']
['2022-06-28', 'Modern League 2022-06-28', 'Modern', '67', 'http://www.mtggoldfish.com/tournament/39833']
['2022-06-27', '7º Torneio - 6ª Liga Arena Guardians', 'Modern', '26', 'http://www.mtggoldfish.com/tournament/39839']
['2022-06-27', "White Knight's Game Room 2K", 'Modern', '8', 'http://www.mtggoldfish.com/tournament/39829']
['2022-06-27', 'Modern Preliminary #12434077', 'Modern', '8', 'http://www.mtggoldfish.com/tournament/39831']
['2022-06-26', 'Modern Challenge #12434068', 'Modern', '32', 'http://www.mtggoldfish.com/tournament/39821']
['2022-06-25', '2do Aniversario Torneo Modern', 'Modern', '10', 'http://www.mtggoldfish.com/tournament/39841']
['2022-06-25', 'Modern 1k', 'Modern', '17', 'http://www.mtggoldfish.com/tournament/39804']
['2022-06-25', 'MTG Modern High Stake - Stary Świat', 'Modern', '8', 'http://www.mtggoldfish.com/tournament/39798']
['2022-06-25', 'Modern Challenge #12434062', 'Modern', '32', 'http://www.mtggoldfish.com/tournament/39812']
['2022-06-24', 'Modern Preliminary #12434057', 'Modern', '6', 'http://www.mtggoldfish.com/tournament/39799']
['2022-06-24', 'Modern League 2022-06-24', 'Modern', '66', 'http://www.mtggoldfish.com/tournament/39784']
['2022-06-23', 'Modern Preliminary #12434044', 'Modern', '6', 'http://www.mtggoldfish.com/tournament/39783']
['2022-06-22', 'Modern Preliminary #12434038', 'Modern', '4', 'http://www.mtggoldfish.com/tournament/39779']
['2022-06-21', 'Martedì Modern @ Rivana Spring League Top8', 'Modern', '8', 'http://www.mtggoldfish.com/tournament/39776']
['2022-06-21', 'Modern Preliminary #12429731', 'Modern', '4', 'http://www.mtggoldfish.com/tournament/39773']
['2022-06-21', 'Modern League 2022-06-21', 'Modern', '69', 'http://www.mtggoldfish.com/tournament/39766']
['2022-06-20', '6º Torneio - 6ª Liga Arena Guardians', 'Modern', '26', 'http://www.mtggoldfish.com/tournament/39777']
['2022-06-20', 'Modern Preliminary #12429727', 'Modern', '4', 'http://www.mtggoldfish.com/tournament/39764']
['2022-06-19', 'Modern Preliminary #12429649', 'Modern', '50', 'http://www.mtggoldfish.com/tournament/39757']
['2022-06-19', 'Modern Challenge #12429716', 'Modern', '32', 'http://www.mtggoldfish.com/tournament/39756']
['2022-06-18', 'Modern Preliminary #12429644', 'Modern', '42', 'http://www.mtggoldfish.com/tournament/39746']
['2022-06-18', '2022 Magic Online Champions Showcase Season 1 Modern', 'Modern', '8', 'http://www.mtggoldfish.com/tournament/39739']
['2022-06-17', 'Mesa sem ponta', 'Modern', '8', 'http://www.mtggoldfish.com/tournament/39730']
['2022-06-17', 'Modern Preliminary #12429638', 'Modern', '41', 'http://www.mtggoldfish.com/tournament/39733']
['2022-06-17', 'Modern League 2022-06-17', 'Modern', '51', 'http://www.mtggoldfish.com/tournament/39729']
['2022-06-16', 'Modern Preliminary #12429693', 'Modern', '6', 'http://www.mtggoldfish.com/tournament/39728']
['2022-06-14', 'Modern League 2022-06-14', 'Modern', '69', 'http://www.mtggoldfish.com/tournament/39708']
['2022-06-13', '5º Torneio - 6ª Liga Arena Guardians', 'Modern', '29', 'http://www.mtggoldfish.com/tournament/39716']
['2022-06-13', 'CM Games Monthly Modern $4k', 'Modern', '8', 'http://www.mtggoldfish.com/tournament/39705']
['2022-06-13', 'Modern Preliminary #12426406', 'Modern', '6', 'http://www.mtggoldfish.com/tournament/39707']
['2022-06-12', 'Modern Challenge #12426397', 'Modern', '32', 'http://www.mtggoldfish.com/tournament/39700']
['2022-06-11', 'Team Trios 1k (Pioneer, Modern, Legacy)', 'Modern', '1', 'http://www.mtggoldfish.com/tournament/39681']
['2022-06-11', 'NRG Series $10,000 Trial - Lansing (Modern)', 'Modern', '314', 'http://www.mtggoldfish.com/tournament/39683']
['2022-06-11', 'Modern $1k @ Collector Legion', 'Modern', '8', 'http://www.mtggoldfish.com/tournament/39685']
['2022-06-11', 'Modern Challenge #12426323', 'Modern', '32', 'http://www.mtggoldfish.com/tournament/39690']
['2022-06-10', 'Modern Preliminary #12426381', 'Modern', '4', 'http://www.mtggoldfish.com/tournament/39670']
['2022-06-10', 'Modern League 2022-06-10', 'Modern', '53', 'http://www.mtggoldfish.com/tournament/39667']
['2022-06-09', 'Modern Preliminary #12426374', 'Modern', '5', 'http://www.mtggoldfish.com/tournament/39665']
['2022-06-08', 'Modern Preliminary #12426368', 'Modern', '6', 'http://www.mtggoldfish.com/tournament/39655']
['2022-06-07', 'Modern League 2022-06-07', 'Modern', '61', 'http://www.mtggoldfish.com/tournament/39648']
['2022-06-06', '4º Torneio - 6ª Liga Arena Guardians', 'Modern', '28', 'http://www.mtggoldfish.com/tournament/39653']
['2022-06-06', 'MalzModern #2', 'Modern', '23', 'http://www.mtggoldfish.com/tournament/39649']
['2022-06-06', "Mr. Bill's Modern 1K", 'Modern', '8', 'http://www.mtggoldfish.com/tournament/39619']
['2022-06-06', 'Modern Preliminary #12424555', 'Modern', '8', 'http://www.mtggoldfish.com/tournament/39646']
['2022-06-05', 'MasonForge Series Modern 1k', 'Modern', '37', 'http://www.mtggoldfish.com/tournament/39638']
['2022-06-05', 'Modern Challenge #12424545', 'Modern', '32', 'http://www.mtggoldfish.com/tournament/39633']
['2022-06-04', 'Dreamhack Dallas SA 10:00 Modern 10k', 'Modern', '189', 'http://www.mtggoldfish.com/tournament/39640']
['2022-06-04', 'Mavericks Cup - Modern', 'Modern', '28', 'http://www.mtggoldfish.com/tournament/39617']
['2022-06-04', 'Modern Challenge #12424539', 'Modern', '32', 'http://www.mtggoldfish.com/tournament/39624']
['2022-06-03', 'Modern Preliminary #12424527', 'Modern', '4', 'http://www.mtggoldfish.com/tournament/39611']
['2022-06-03', 'Modern League 2022-06-03', 'Modern', '57', 'http://www.mtggoldfish.com/tournament/39607']
['2022-06-02', 'Modern Preliminary #12424519', 'Modern', '5', 'http://www.mtggoldfish.com/tournament/39606']
['2022-06-01', 'Modern Preliminary #12424513', 'Modern', '6', 'http://www.mtggoldfish.com/tournament/39601']
modern done. 139 decklists saved.
https://www.mtggoldfish.com/tournament_searches/create?utf8=%E2%9C%93&tournament_search%5Bname%5D=&tournament_search%5Bformat%5D=pauper&tournament_search%5Bdate_range%5D=06%2F01%2F2022+-+06%2F30%2F2022&commit=Search
['2022-06-29', 'Pauper League 2022-06-29', 'Pauper', '33', 'http://www.mtggoldfish.com/tournament/39838']
['2022-06-26', 'Pauper Challenge #12434070', 'Pauper', '32', 'http://www.mtggoldfish.com/tournament/39820']
['2022-06-25', 'Pauper Challenge #12434059', 'Pauper', '32', 'http://www.mtggoldfish.com/tournament/39811']
['2022-06-24', 'Pauper Masters 10 - Duelos de Honra - (3º Qualificador)', 'Pauper', '9', 'http://www.mtggoldfish.com/tournament/39917']
['2022-06-22', 'Top8 - Martesana Pauper League - Road to: Paupergeddon Pisa 2022', 'Pauper', '8', 'http://www.mtggoldfish.com/tournament/39775']
['2022-06-22', 'Pauper League 2022-06-22', 'Pauper', '38', 'http://www.mtggoldfish.com/tournament/39774']
['2022-06-20', 'Sprint Wheel Event - Pauper MTGO', 'Pauper', '23', 'http://www.mtggoldfish.com/tournament/39769']
['2022-06-19', 'Pauper Challenge #12429718', 'Pauper', '32', 'http://www.mtggoldfish.com/tournament/39755']
['2022-06-18', 'Pauper Challenge #12429708', 'Pauper', '32', 'http://www.mtggoldfish.com/tournament/39745']
['2022-06-18', 'Pauper Challenge #12429631', 'Pauper', '32', 'http://www.mtggoldfish.com/tournament/39744']
['2022-06-17', 'Pauper Duelos de Honra - Portugal', 'Pauper', '8', 'http://www.mtggoldfish.com/tournament/39751']
['2022-06-15', 'Pauper League 2022-06-15', 'Pauper', '38', 'http://www.mtggoldfish.com/tournament/39714']
['2022-06-12', 'Pauper Challenge #12426399', 'Pauper', '32', 'http://www.mtggoldfish.com/tournament/39699']
['2022-06-11', 'Pauper Challenge #12426389', 'Pauper', '32', 'http://www.mtggoldfish.com/tournament/39689']
['2022-06-10', 'Pauper Masters 10 - Duelos de Honra - (2º Qualificador)', 'Pauper', '16', 'http://www.mtggoldfish.com/tournament/39750']
['2022-06-08', 'Pauper League 2022-06-08', 'Pauper', '35', 'http://www.mtggoldfish.com/tournament/39652']
['2022-06-05', 'Pauper Challenge #12424548', 'Pauper', '32', 'http://www.mtggoldfish.com/tournament/39632']
['2022-06-04', 'Pauper Challenge #12424536', 'Pauper', '32', 'http://www.mtggoldfish.com/tournament/39623']
['2022-06-03', 'Pauper Masters 10 - Duelos de Honra - (1º Qualificador)', 'Pauper', '12', 'http://www.mtggoldfish.com/tournament/39749']
['2022-06-01', 'Pauper League 2022-06-01', 'Pauper', '34', 'http://www.mtggoldfish.com/tournament/39593']
pauper done. 47 decklists saved.
https://www.mtggoldfish.com/tournament_searches/create?utf8=%E2%9C%93&tournament_search%5Bname%5D=&tournament_search%5Bformat%5D=pioneer&tournament_search%5Bdate_range%5D=06%2F01%2F2022+-+06%2F30%2F2022&commit=Search
['2022-06-30', 'Pioneer Preliminary #12436835', 'Pioneer', '4', 'http://www.mtggoldfish.com/tournament/39854']
['2022-06-30', 'Pioneer League 2022-06-30', 'Pioneer', '45', 'http://www.mtggoldfish.com/tournament/39847']
['2022-06-29', 'MTG Pioneer High Stake - Stary Świat', 'Pioneer', '8', 'http://www.mtggoldfish.com/tournament/39843']
['2022-06-28', 'Pioneer Preliminary #12434084', 'Pioneer', '8', 'http://www.mtggoldfish.com/tournament/39837']
['2022-06-27', 'Pioneer Preliminary #12434081', 'Pioneer', '6', 'http://www.mtggoldfish.com/tournament/39830']
['2022-06-27', 'Pioneer League 2022-06-27', 'Pioneer', '57', 'http://www.mtggoldfish.com/tournament/39816']
['2022-06-26', 'Pioneer Challenge #12434069', 'Pioneer', '32', 'http://www.mtggoldfish.com/tournament/39819']
['2022-06-25', 'The Forge Pioneer 1k', 'Pioneer', '20', 'http://www.mtggoldfish.com/tournament/39803']
['2022-06-25', 'Pioneer Challenge #12434065', 'Pioneer', '32', 'http://www.mtggoldfish.com/tournament/39810']
['2022-06-23', 'Pioneer Preliminary #12429673', 'Pioneer', '54', 'http://www.mtggoldfish.com/tournament/39785']
['2022-06-23', 'Pioneer League 2022-06-23', 'Pioneer', '46', 'http://www.mtggoldfish.com/tournament/39781']
['2022-06-22', 'Pioneer Preliminary #12429668', 'Pioneer', '39', 'http://www.mtggoldfish.com/tournament/39778']
['2022-06-21', 'Pioneer Preliminary #12429662', 'Pioneer', '50', 'http://www.mtggoldfish.com/tournament/39772']
['2022-06-20', 'Pioneer League 2022-06-20', 'Pioneer', '50', 'http://www.mtggoldfish.com/tournament/39760']
['2022-06-19', 'Pioneer Challenge #12432203', 'Pioneer', '32', 'http://www.mtggoldfish.com/tournament/39754']
['2022-06-18', 'Road to RCQ Pioneer 1k - Mox Boarding House Bellevue', 'Pioneer', '8', 'http://www.mtggoldfish.com/tournament/39740']
['2022-06-18', 'Pioneer Challenge #12429713', 'Pioneer', '32', 'http://www.mtggoldfish.com/tournament/39743']
['2022-06-16', 'Pioneer League 2022-06-16', 'Pioneer', '48', 'http://www.mtggoldfish.com/tournament/39719']
['2022-06-14', 'Pioneer Preliminary #12426413', 'Pioneer', '4', 'http://www.mtggoldfish.com/tournament/39713']
['2022-06-13', 'Pioneer League 2022-06-13', 'Pioneer', '54', 'http://www.mtggoldfish.com/tournament/39695']
['2022-06-12', 'NRG Series $5,000 Trial - Lansing (Pioneer)', 'Pioneer', '200', 'http://www.mtggoldfish.com/tournament/39704']
['2022-06-12', 'Pioneer Challenge #12426324', 'Pioneer', '32', 'http://www.mtggoldfish.com/tournament/39698']
